/root/rf-data-collection/install/utils/lib/python3.8/site-packages/utils/__init__.py
/root/rf-data-collection/install/utils/lib/python3.8/site-packages/utils/camera_viewer.py
/root/rf-data-collection/install/utils/lib/python3.8/site-packages/utils/map_saver.py
/root/rf-data-collection/install/utils/lib/python3.8/site-packages/utils/video_recorder.py
/root/rf-data-collection/install/utils/lib/python3.8/site-packages/utils/__pycache__/__init__.cpython-38.pyc
/root/rf-data-collection/install/utils/lib/python3.8/site-packages/utils/__pycache__/camera_viewer.cpython-38.pyc
/root/rf-data-collection/install/utils/lib/python3.8/site-packages/utils/__pycache__/map_saver.cpython-38.pyc
/root/rf-data-collection/install/utils/lib/python3.8/site-packages/utils/__pycache__/video_recorder.cpython-38.pyc
/root/rf-data-collection/install/utils/share/ament_index/resource_index/packages/utils
/root/rf-data-collection/install/utils/share/utils/package.xml
/root/rf-data-collection/install/utils/share/utils/launch/camera_main_launch.py
/root/rf-data-collection/install/utils/share/utils/launch/camera_tracking_launch.py
/root/rf-data-collection/install/utils/lib/python3.8/site-packages/utils-0.0.0-py3.8.egg-info/PKG-INFO
/root/rf-data-collection/install/utils/lib/python3.8/site-packages/utils-0.0.0-py3.8.egg-info/zip-safe
/root/rf-data-collection/install/utils/lib/python3.8/site-packages/utils-0.0.0-py3.8.egg-info/dependency_links.txt
/root/rf-data-collection/install/utils/lib/python3.8/site-packages/utils-0.0.0-py3.8.egg-info/entry_points.txt
/root/rf-data-collection/install/utils/lib/python3.8/site-packages/utils-0.0.0-py3.8.egg-info/requires.txt
/root/rf-data-collection/install/utils/lib/python3.8/site-packages/utils-0.0.0-py3.8.egg-info/top_level.txt
/root/rf-data-collection/install/utils/lib/python3.8/site-packages/utils-0.0.0-py3.8.egg-info/SOURCES.txt
/root/rf-data-collection/install/utils/lib/utils/camera_viewer
/root/rf-data-collection/install/utils/lib/utils/map_saver
/root/rf-data-collection/install/utils/lib/utils/video_recorder
