[0.041s] Invoking command in '/root/qcomm_ws/src/build/imu-ros2node': CMAKE_PREFIX_PATH=/opt/ros/foxy CONDA_PROMPT_MODIFIER=(base) _=/usr/bin/env /usr/bin/cmake --build /root/qcomm_ws/src/build/imu-ros2node -- -j8 -l8
[0.280s] [100%] Built target imu-ros2test
[0.281s] [100%] Built target imu-ros2node
[0.336s] Invoked command in '/root/qcomm_ws/src/build/imu-ros2node' returned '0': CMAKE_PREFIX_PATH=/opt/ros/foxy CONDA_PROMPT_MODIFIER=(base) _=/usr/bin/env /usr/bin/cmake --build /root/qcomm_ws/src/build/imu-ros2node -- -j8 -l8
[0.394s] Invoking command in '/root/qcomm_ws/src/build/imu-ros2node': CMAKE_PREFIX_PATH=/opt/ros/foxy CONDA_PROMPT_MODIFIER=(base) _=/usr/bin/env /usr/bin/cmake --install /root/qcomm_ws/src/build/imu-ros2node
[0.408s] -- Install configuration: ""
[0.408s] -- Up-to-date: /root/qcomm_ws/src/install/imu-ros2node/lib/imu-ros2node/imu-ros2node
[0.409s] -- Up-to-date: /root/qcomm_ws/src/install/imu-ros2node/lib/imu-ros2node/imu-ros2test
[0.409s] -- Up-to-date: /root/qcomm_ws/src/install/imu-ros2node/share/ament_index/resource_index/package_run_dependencies/imu-ros2node
[0.410s] -- Up-to-date: /root/qcomm_ws/src/install/imu-ros2node/share/ament_index/resource_index/parent_prefix_path/imu-ros2node
[0.410s] -- Up-to-date: /root/qcomm_ws/src/install/imu-ros2node/share/imu-ros2node/environment/ament_prefix_path.sh
[0.411s] -- Up-to-date: /root/qcomm_ws/src/install/imu-ros2node/share/imu-ros2node/environment/ament_prefix_path.dsv
[0.411s] -- Up-to-date: /root/qcomm_ws/src/install/imu-ros2node/share/imu-ros2node/environment/path.sh
[0.430s] -- Up-to-date: /root/qcomm_ws/src/install/imu-ros2node/share/imu-ros2node/environment/path.dsv
[0.431s] -- Up-to-date: /root/qcomm_ws/src/install/imu-ros2node/share/imu-ros2node/local_setup.bash
[0.431s] -- Up-to-date: /root/qcomm_ws/src/install/imu-ros2node/share/imu-ros2node/local_setup.sh
[0.431s] -- Up-to-date: /root/qcomm_ws/src/install/imu-ros2node/share/imu-ros2node/local_setup.zsh
[0.432s] -- Up-to-date: /root/qcomm_ws/src/install/imu-ros2node/share/imu-ros2node/local_setup.dsv
[0.439s] -- Installing: /root/qcomm_ws/src/install/imu-ros2node/share/imu-ros2node/package.dsv
[0.439s] -- Up-to-date: /root/qcomm_ws/src/install/imu-ros2node/share/ament_index/resource_index/packages/imu-ros2node
[0.440s] -- Up-to-date: /root/qcomm_ws/src/install/imu-ros2node/share/imu-ros2node/cmake/imu-ros2nodeConfig.cmake
[0.441s] -- Up-to-date: /root/qcomm_ws/src/install/imu-ros2node/share/imu-ros2node/cmake/imu-ros2nodeConfig-version.cmake
[0.442s] -- Up-to-date: /root/qcomm_ws/src/install/imu-ros2node/share/imu-ros2node/package.xml
[0.443s] Invoked command in '/root/qcomm_ws/src/build/imu-ros2node' returned '0': CMAKE_PREFIX_PATH=/opt/ros/foxy CONDA_PROMPT_MODIFIER=(base) _=/usr/bin/env /usr/bin/cmake --install /root/qcomm_ws/src/build/imu-ros2node
