[0.060s] Invoking command in '/root/qcomm_ws/src/build/imu-ros2node': CMAKE_PREFIX_PATH=/opt/ros/foxy CONDA_PROMPT_MODIFIER=(base) _=/usr/bin/env /usr/bin/cmake --build /root/qcomm_ws/src/build/imu-ros2node -- -j8 -l8
[0.389s] [ 50%] Built target imu-ros2test
[0.418s] [100%] Built target imu-ros2node
[0.495s] Invoked command in '/root/qcomm_ws/src/build/imu-ros2node' returned '0': CMAKE_PREFIX_PATH=/opt/ros/foxy CONDA_PROMPT_MODIFIER=(base) _=/usr/bin/env /usr/bin/cmake --build /root/qcomm_ws/src/build/imu-ros2node -- -j8 -l8
[0.560s] Invoking command in '/root/qcomm_ws/src/build/imu-ros2node': CMAKE_PREFIX_PATH=/opt/ros/foxy CONDA_PROMPT_MODIFIER=(base) _=/usr/bin/env /usr/bin/cmake --install /root/qcomm_ws/src/build/imu-ros2node
[0.595s] -- Install configuration: ""
[0.597s] -- Up-to-date: /root/qcomm_ws/src/install/imu-ros2node/lib/imu-ros2node/imu-ros2node
[0.599s] -- Up-to-date: /root/qcomm_ws/src/install/imu-ros2node/lib/imu-ros2node/imu-ros2test
[0.599s] -- Up-to-date: /root/qcomm_ws/src/install/imu-ros2node/share/ament_index/resource_index/package_run_dependencies/imu-ros2node
[0.600s] -- Up-to-date: /root/qcomm_ws/src/install/imu-ros2node/share/ament_index/resource_index/parent_prefix_path/imu-ros2node
[0.605s] -- Up-to-date: /root/qcomm_ws/src/install/imu-ros2node/share/imu-ros2node/environment/ament_prefix_path.sh
[0.607s] -- Up-to-date: /root/qcomm_ws/src/install/imu-ros2node/share/imu-ros2node/environment/ament_prefix_path.dsv
[0.611s] -- Up-to-date: /root/qcomm_ws/src/install/imu-ros2node/share/imu-ros2node/environment/path.sh
[0.612s] -- Up-to-date: /root/qcomm_ws/src/install/imu-ros2node/share/imu-ros2node/environment/path.dsv
[0.613s] -- Up-to-date: /root/qcomm_ws/src/install/imu-ros2node/share/imu-ros2node/local_setup.bash
[0.614s] -- Up-to-date: /root/qcomm_ws/src/install/imu-ros2node/share/imu-ros2node/local_setup.sh
[0.615s] -- Up-to-date: /root/qcomm_ws/src/install/imu-ros2node/share/imu-ros2node/local_setup.zsh
[0.617s] -- Up-to-date: /root/qcomm_ws/src/install/imu-ros2node/share/imu-ros2node/local_setup.dsv
[0.619s] -- Installing: /root/qcomm_ws/src/install/imu-ros2node/share/imu-ros2node/package.dsv
[0.621s] -- Up-to-date: /root/qcomm_ws/src/install/imu-ros2node/share/ament_index/resource_index/packages/imu-ros2node
[0.622s] -- Up-to-date: /root/qcomm_ws/src/install/imu-ros2node/share/imu-ros2node/cmake/imu-ros2nodeConfig.cmake
[0.624s] -- Up-to-date: /root/qcomm_ws/src/install/imu-ros2node/share/imu-ros2node/cmake/imu-ros2nodeConfig-version.cmake
[0.625s] -- Up-to-date: /root/qcomm_ws/src/install/imu-ros2node/share/imu-ros2node/package.xml
[0.626s] Invoked command in '/root/qcomm_ws/src/build/imu-ros2node' returned '0': CMAKE_PREFIX_PATH=/opt/ros/foxy CONDA_PROMPT_MODIFIER=(base) _=/usr/bin/env /usr/bin/cmake --install /root/qcomm_ws/src/build/imu-ros2node
