[1.371s] Invoking command in '/root/rf-data-collection/src/utils': CONDA_PROMPT_MODIFIER=(base) PYTHONPATH=/root/rf-data-collection/build/utils/prefix_override:/usr/lib/python3/dist-packages/colcon_core/task/python/colcon_distutils_commands:/root/rf-data-collection/install/utils/lib/python3.8/site-packages:${PYTHONPATH} _=/usr/bin/env /usr/bin/python3 -W ignore:setup.py install is deprecated -W ignore:easy_install command is deprecated setup.py egg_info --egg-base ../../build/utils build --build-base /root/rf-data-collection/build/utils/build install --record /root/rf-data-collection/build/utils/install.log --single-version-externally-managed install_data
[1.604s] running egg_info
[1.607s] writing ../../build/utils/utils.egg-info/PKG-INFO
[1.608s] writing dependency_links to ../../build/utils/utils.egg-info/dependency_links.txt
[1.610s] writing entry points to ../../build/utils/utils.egg-info/entry_points.txt
[1.611s] writing requirements to ../../build/utils/utils.egg-info/requires.txt
[1.612s] writing top-level names to ../../build/utils/utils.egg-info/top_level.txt
[1.635s] reading manifest file '../../build/utils/utils.egg-info/SOURCES.txt'
[1.637s] writing manifest file '../../build/utils/utils.egg-info/SOURCES.txt'
[1.639s] running build
[1.640s] running build_py
[1.642s] running install
[1.643s] running install_lib
[1.645s] running install_data
[1.646s] copying launch/camera_main_launch.py -> /root/rf-data-collection/install/utils/share/utils/launch
[1.647s] running install_egg_info
[1.649s] removing '/root/rf-data-collection/install/utils/lib/python3.8/site-packages/utils-0.0.0-py3.8.egg-info' (and everything under it)
[1.650s] Copying ../../build/utils/utils.egg-info to /root/rf-data-collection/install/utils/lib/python3.8/site-packages/utils-0.0.0-py3.8.egg-info
[1.650s] running install_scripts
[1.658s] Installing camera_viewer script to /root/rf-data-collection/install/utils/lib/utils
[1.659s] writing list of installed files to '/root/rf-data-collection/build/utils/install.log'
[1.710s] Invoked command in '/root/rf-data-collection/src/utils' returned '0': CONDA_PROMPT_MODIFIER=(base) PYTHONPATH=/root/rf-data-collection/build/utils/prefix_override:/usr/lib/python3/dist-packages/colcon_core/task/python/colcon_distutils_commands:/root/rf-data-collection/install/utils/lib/python3.8/site-packages:${PYTHONPATH} _=/usr/bin/env /usr/bin/python3 -W ignore:setup.py install is deprecated -W ignore:easy_install command is deprecated setup.py egg_info --egg-base ../../build/utils build --build-base /root/rf-data-collection/build/utils/build install --record /root/rf-data-collection/build/utils/install.log --single-version-externally-managed install_data
