[0.180s] DEBUG:colcon:Command line arguments: ['/usr/bin/colcon', 'build']
[0.180s] DEBUG:colcon:Parsed command line arguments: Namespace(allow_overriding=[], ament_cmake_args=None, base_paths=['.'], build_base='build', catkin_cmake_args=None, catkin_skip_building_tests=False, cmake_args=None, cmake_clean_cache=False, cmake_clean_first=False, cmake_force_configure=False, cmake_target=None, cmake_target_skip_unavailable=False, continue_on_error=False, event_handlers=None, executor='parallel', ignore_user_meta=False, install_base='install', log_base=None, log_level=None, main=<bound method BuildVerb.main of <colcon_core.verb.build.BuildVerb object at 0x7f8baf7520>>, merge_install=False, metas=['./colcon.meta'], mixin=None, mixin_files=None, mixin_verb=('build',), packages_above=None, packages_above_and_dependencies=None, packages_above_depth=None, packages_end=None, packages_ignore=None, packages_ignore_regex=None, packages_select=None, packages_select_build_failed=False, packages_select_by_dep=None, packages_select_regex=None, packages_select_test_failures=False, packages_skip=None, packages_skip_build_finished=False, packages_skip_by_dep=None, packages_skip_regex=None, packages_skip_test_passed=False, packages_skip_up_to=None, packages_start=None, packages_up_to=None, packages_up_to_regex=None, parallel_workers=8, paths=None, symlink_install=False, test_result_base=None, verb_extension=<colcon_core.verb.build.BuildVerb object at 0x7f8baf7520>, verb_name='build', verb_parser=<colcon_mixin.mixin.mixin_argument.MixinArgumentDecorator object at 0x7f8baf7b50>)
[0.302s] Level 1:colcon.colcon_core.package_discovery:discover_packages(colcon_meta) check parameters
[0.303s] Level 1:colcon.colcon_core.package_discovery:discover_packages(recursive) check parameters
[0.303s] Level 1:colcon.colcon_core.package_discovery:discover_packages(ignore) check parameters
[0.303s] Level 1:colcon.colcon_core.package_discovery:discover_packages(path) check parameters
[0.303s] Level 1:colcon.colcon_core.package_discovery:discover_packages(colcon_meta) discover
[0.303s] Level 1:colcon.colcon_core.package_discovery:discover_packages(recursive) discover
[0.303s] INFO:colcon.colcon_core.package_discovery:Crawling recursively for packages in '/root/qcomm_ws/src'
[0.303s] Level 1:colcon.colcon_core.package_identification:_identify(.) by extensions ['ignore', 'ignore_ament_install']
[0.303s] Level 1:colcon.colcon_core.package_identification:_identify(.) by extension 'ignore'
[0.303s] Level 1:colcon.colcon_core.package_identification:_identify(.) by extension 'ignore_ament_install'
[0.303s] Level 1:colcon.colcon_core.package_identification:_identify(.) by extensions ['colcon_pkg']
[0.303s] Level 1:colcon.colcon_core.package_identification:_identify(.) by extension 'colcon_pkg'
[0.303s] Level 1:colcon.colcon_core.package_identification:_identify(.) by extensions ['colcon_meta']
[0.303s] Level 1:colcon.colcon_core.package_identification:_identify(.) by extension 'colcon_meta'
[0.303s] Level 1:colcon.colcon_core.package_identification:_identify(.) by extensions ['ros']
[0.303s] Level 1:colcon.colcon_core.package_identification:_identify(.) by extension 'ros'
[0.313s] Level 1:colcon.colcon_core.package_identification:_identify(.) by extensions ['cmake', 'python']
[0.314s] Level 1:colcon.colcon_core.package_identification:_identify(.) by extension 'cmake'
[0.314s] Level 1:colcon.colcon_core.package_identification:_identify(.) by extension 'python'
[0.314s] Level 1:colcon.colcon_core.package_identification:_identify(.) by extensions ['python_setup_py']
[0.314s] Level 1:colcon.colcon_core.package_identification:_identify(.) by extension 'python_setup_py'
[0.314s] Level 1:colcon.colcon_core.package_identification:_identify(build) by extensions ['ignore', 'ignore_ament_install']
[0.314s] Level 1:colcon.colcon_core.package_identification:_identify(build) by extension 'ignore'
[0.314s] Level 1:colcon.colcon_core.package_identification:_identify(build) ignored
[0.314s] Level 1:colcon.colcon_core.package_identification:_identify(imu-ros2node) by extensions ['ignore', 'ignore_ament_install']
[0.314s] Level 1:colcon.colcon_core.package_identification:_identify(imu-ros2node) by extension 'ignore'
[0.314s] Level 1:colcon.colcon_core.package_identification:_identify(imu-ros2node) by extension 'ignore_ament_install'
[0.314s] Level 1:colcon.colcon_core.package_identification:_identify(imu-ros2node) by extensions ['colcon_pkg']
[0.314s] Level 1:colcon.colcon_core.package_identification:_identify(imu-ros2node) by extension 'colcon_pkg'
[0.314s] Level 1:colcon.colcon_core.package_identification:_identify(imu-ros2node) by extensions ['colcon_meta']
[0.314s] Level 1:colcon.colcon_core.package_identification:_identify(imu-ros2node) by extension 'colcon_meta'
[0.314s] Level 1:colcon.colcon_core.package_identification:_identify(imu-ros2node) by extensions ['ros']
[0.314s] Level 1:colcon.colcon_core.package_identification:_identify(imu-ros2node) by extension 'ros'
[0.317s] DEBUG:colcon.colcon_core.package_identification:Package 'imu-ros2node' with type 'ros.ament_cmake' and name 'imu-ros2node'
[0.317s] Level 1:colcon.colcon_core.package_identification:_identify(install) by extensions ['ignore', 'ignore_ament_install']
[0.317s] Level 1:colcon.colcon_core.package_identification:_identify(install) by extension 'ignore'
[0.317s] Level 1:colcon.colcon_core.package_identification:_identify(install) ignored
[0.317s] Level 1:colcon.colcon_core.package_identification:_identify(log) by extensions ['ignore', 'ignore_ament_install']
[0.317s] Level 1:colcon.colcon_core.package_identification:_identify(log) by extension 'ignore'
[0.317s] Level 1:colcon.colcon_core.package_identification:_identify(log) ignored
[0.317s] Level 1:colcon.colcon_core.package_identification:_identify(teleop_subscriber) by extensions ['ignore', 'ignore_ament_install']
[0.317s] Level 1:colcon.colcon_core.package_identification:_identify(teleop_subscriber) by extension 'ignore'
[0.317s] Level 1:colcon.colcon_core.package_identification:_identify(teleop_subscriber) by extension 'ignore_ament_install'
[0.317s] Level 1:colcon.colcon_core.package_identification:_identify(teleop_subscriber) by extensions ['colcon_pkg']
[0.317s] Level 1:colcon.colcon_core.package_identification:_identify(teleop_subscriber) by extension 'colcon_pkg'
[0.318s] Level 1:colcon.colcon_core.package_identification:_identify(teleop_subscriber) by extensions ['colcon_meta']
[0.318s] Level 1:colcon.colcon_core.package_identification:_identify(teleop_subscriber) by extension 'colcon_meta'
[0.318s] Level 1:colcon.colcon_core.package_identification:_identify(teleop_subscriber) by extensions ['ros']
[0.318s] Level 1:colcon.colcon_core.package_identification:_identify(teleop_subscriber) by extension 'ros'
[0.319s] DEBUG:colcon.colcon_core.package_identification:Package 'teleop_subscriber' with type 'ros.ament_python' and name 'teleop_subscriber'
[0.319s] Level 1:colcon.colcon_core.package_discovery:discover_packages(recursive) using defaults
[0.319s] Level 1:colcon.colcon_core.package_discovery:discover_packages(ignore) discover
[0.319s] Level 1:colcon.colcon_core.package_discovery:discover_packages(ignore) using defaults
[0.319s] Level 1:colcon.colcon_core.package_discovery:discover_packages(path) discover
[0.319s] Level 1:colcon.colcon_core.package_discovery:discover_packages(path) using defaults
[0.334s] Level 1:colcon.colcon_core.package_discovery:discover_packages(prefix_path) check parameters
[0.335s] Level 1:colcon.colcon_core.package_discovery:discover_packages(prefix_path) discover
[0.337s] DEBUG:colcon.colcon_installed_package_information.package_discovery:Found 275 installed packages in /opt/ros/foxy
[0.339s] Level 1:colcon.colcon_core.package_discovery:discover_packages(prefix_path) using defaults
[0.396s] Level 5:colcon.colcon_core.verb:set package 'imu-ros2node' build argument 'cmake_args' from command line to 'None'
[0.396s] Level 5:colcon.colcon_core.verb:set package 'imu-ros2node' build argument 'cmake_target' from command line to 'None'
[0.397s] Level 5:colcon.colcon_core.verb:set package 'imu-ros2node' build argument 'cmake_target_skip_unavailable' from command line to 'False'
[0.397s] Level 5:colcon.colcon_core.verb:set package 'imu-ros2node' build argument 'cmake_clean_cache' from command line to 'False'
[0.397s] Level 5:colcon.colcon_core.verb:set package 'imu-ros2node' build argument 'cmake_clean_first' from command line to 'False'
[0.397s] Level 5:colcon.colcon_core.verb:set package 'imu-ros2node' build argument 'cmake_force_configure' from command line to 'False'
[0.397s] Level 5:colcon.colcon_core.verb:set package 'imu-ros2node' build argument 'ament_cmake_args' from command line to 'None'
[0.397s] Level 5:colcon.colcon_core.verb:set package 'imu-ros2node' build argument 'catkin_cmake_args' from command line to 'None'
[0.397s] Level 5:colcon.colcon_core.verb:set package 'imu-ros2node' build argument 'catkin_skip_building_tests' from command line to 'False'
[0.397s] DEBUG:colcon.colcon_core.verb:Building package 'imu-ros2node' with the following arguments: {'ament_cmake_args': None, 'build_base': '/root/qcomm_ws/src/build/imu-ros2node', 'catkin_cmake_args': None, 'catkin_skip_building_tests': False, 'cmake_args': None, 'cmake_clean_cache': False, 'cmake_clean_first': False, 'cmake_force_configure': False, 'cmake_target': None, 'cmake_target_skip_unavailable': False, 'install_base': '/root/qcomm_ws/src/install/imu-ros2node', 'merge_install': False, 'path': '/root/qcomm_ws/src/imu-ros2node', 'symlink_install': False, 'test_result_base': None}
[0.397s] Level 5:colcon.colcon_core.verb:set package 'teleop_subscriber' build argument 'cmake_args' from command line to 'None'
[0.397s] Level 5:colcon.colcon_core.verb:set package 'teleop_subscriber' build argument 'cmake_target' from command line to 'None'
[0.397s] Level 5:colcon.colcon_core.verb:set package 'teleop_subscriber' build argument 'cmake_target_skip_unavailable' from command line to 'False'
[0.397s] Level 5:colcon.colcon_core.verb:set package 'teleop_subscriber' build argument 'cmake_clean_cache' from command line to 'False'
[0.397s] Level 5:colcon.colcon_core.verb:set package 'teleop_subscriber' build argument 'cmake_clean_first' from command line to 'False'
[0.397s] Level 5:colcon.colcon_core.verb:set package 'teleop_subscriber' build argument 'cmake_force_configure' from command line to 'False'
[0.397s] Level 5:colcon.colcon_core.verb:set package 'teleop_subscriber' build argument 'ament_cmake_args' from command line to 'None'
[0.397s] Level 5:colcon.colcon_core.verb:set package 'teleop_subscriber' build argument 'catkin_cmake_args' from command line to 'None'
[0.397s] Level 5:colcon.colcon_core.verb:set package 'teleop_subscriber' build argument 'catkin_skip_building_tests' from command line to 'False'
[0.397s] DEBUG:colcon.colcon_core.verb:Building package 'teleop_subscriber' with the following arguments: {'ament_cmake_args': None, 'build_base': '/root/qcomm_ws/src/build/teleop_subscriber', 'catkin_cmake_args': None, 'catkin_skip_building_tests': False, 'cmake_args': None, 'cmake_clean_cache': False, 'cmake_clean_first': False, 'cmake_force_configure': False, 'cmake_target': None, 'cmake_target_skip_unavailable': False, 'install_base': '/root/qcomm_ws/src/install/teleop_subscriber', 'merge_install': False, 'path': '/root/qcomm_ws/src/teleop_subscriber', 'symlink_install': False, 'test_result_base': None}
[0.397s] INFO:colcon.colcon_core.executor:Executing jobs using 'parallel' executor
[0.401s] DEBUG:colcon.colcon_parallel_executor.executor.parallel:run_until_complete
[0.402s] INFO:colcon.colcon_ros.task.ament_cmake.build:Building ROS package in '/root/qcomm_ws/src/imu-ros2node' with build type 'ament_cmake'
[0.402s] INFO:colcon.colcon_cmake.task.cmake.build:Building CMake package in '/root/qcomm_ws/src/imu-ros2node'
[0.406s] INFO:colcon.colcon_core.plugin_system:Skipping extension 'colcon_core.shell.bat': Not used on non-Windows systems
[0.406s] INFO:colcon.colcon_core.shell:Skip shell extension 'powershell' for command environment: Not usable outside of PowerShell
[0.406s] DEBUG:colcon.colcon_core.shell:Skip shell extension 'dsv' for command environment
[0.415s] INFO:colcon.colcon_ros.task.ament_python.build:Building ROS package in '/root/qcomm_ws/src/teleop_subscriber' with build type 'ament_python'
[0.415s] Level 1:colcon.colcon_core.shell:create_environment_hook('teleop_subscriber', 'ament_prefix_path')
[0.416s] INFO:colcon.colcon_core.shell:Creating environment hook '/root/qcomm_ws/src/install/teleop_subscriber/share/teleop_subscriber/hook/ament_prefix_path.ps1'
[0.417s] INFO:colcon.colcon_core.shell:Creating environment descriptor '/root/qcomm_ws/src/install/teleop_subscriber/share/teleop_subscriber/hook/ament_prefix_path.dsv'
[0.418s] INFO:colcon.colcon_core.shell:Creating environment hook '/root/qcomm_ws/src/install/teleop_subscriber/share/teleop_subscriber/hook/ament_prefix_path.sh'
[0.419s] INFO:colcon.colcon_core.shell:Skip shell extension 'powershell' for command environment: Not usable outside of PowerShell
[0.419s] DEBUG:colcon.colcon_core.shell:Skip shell extension 'dsv' for command environment
[0.446s] DEBUG:colcon.colcon_core.event_handler.log_command:Invoking command in '/root/qcomm_ws/src/build/imu-ros2node': CMAKE_PREFIX_PATH=/opt/ros/foxy CONDA_PROMPT_MODIFIER=(base) _=/usr/bin/env /usr/bin/cmake --build /root/qcomm_ws/src/build/imu-ros2node -- -j8 -l8
[0.684s] INFO:colcon.colcon_core.task.python.build:Building Python package in '/root/qcomm_ws/src/teleop_subscriber'
[0.687s] INFO:colcon.colcon_core.shell:Skip shell extension 'powershell' for command environment: Not usable outside of PowerShell
[0.687s] DEBUG:colcon.colcon_core.shell:Skip shell extension 'dsv' for command environment
[0.742s] DEBUG:colcon.colcon_core.event_handler.log_command:Invoked command in '/root/qcomm_ws/src/build/imu-ros2node' returned '0': CMAKE_PREFIX_PATH=/opt/ros/foxy CONDA_PROMPT_MODIFIER=(base) _=/usr/bin/env /usr/bin/cmake --build /root/qcomm_ws/src/build/imu-ros2node -- -j8 -l8
[0.788s] DEBUG:colcon.colcon_core.event_handler.log_command:Invoking command in '/root/qcomm_ws/src/build/imu-ros2node': CMAKE_PREFIX_PATH=/opt/ros/foxy CONDA_PROMPT_MODIFIER=(base) _=/usr/bin/env /usr/bin/cmake --install /root/qcomm_ws/src/build/imu-ros2node
[0.810s] Level 1:colcon.colcon_core.environment:create_environment_scripts_only(imu-ros2node)
[0.820s] DEBUG:colcon.colcon_core.event_handler.log_command:Invoked command in '/root/qcomm_ws/src/build/imu-ros2node' returned '0': CMAKE_PREFIX_PATH=/opt/ros/foxy CONDA_PROMPT_MODIFIER=(base) _=/usr/bin/env /usr/bin/cmake --install /root/qcomm_ws/src/build/imu-ros2node
[0.821s] Level 1:colcon.colcon_core.environment:checking '/root/qcomm_ws/src/install/imu-ros2node' for CMake module files
[0.822s] Level 1:colcon.colcon_core.environment:checking '/root/qcomm_ws/src/install/imu-ros2node' for CMake config files
[0.822s] Level 1:colcon.colcon_core.shell:create_environment_hook('imu-ros2node', 'cmake_prefix_path')
[0.822s] INFO:colcon.colcon_core.shell:Creating environment hook '/root/qcomm_ws/src/install/imu-ros2node/share/imu-ros2node/hook/cmake_prefix_path.ps1'
[0.823s] INFO:colcon.colcon_core.shell:Creating environment descriptor '/root/qcomm_ws/src/install/imu-ros2node/share/imu-ros2node/hook/cmake_prefix_path.dsv'
[0.824s] INFO:colcon.colcon_core.shell:Creating environment hook '/root/qcomm_ws/src/install/imu-ros2node/share/imu-ros2node/hook/cmake_prefix_path.sh'
[0.825s] Level 1:colcon.colcon_core.environment:checking '/root/qcomm_ws/src/install/imu-ros2node/lib'
[0.825s] Level 1:colcon.colcon_core.environment:checking '/root/qcomm_ws/src/install/imu-ros2node/bin'
[0.825s] Level 1:colcon.colcon_core.environment:checking '/root/qcomm_ws/src/install/imu-ros2node/lib/pkgconfig/imu-ros2node.pc'
[0.825s] Level 1:colcon.colcon_core.environment:checking '/root/qcomm_ws/src/install/imu-ros2node/lib/python3.8/site-packages'
[0.826s] Level 1:colcon.colcon_core.environment:checking '/root/qcomm_ws/src/install/imu-ros2node/bin'
[0.826s] INFO:colcon.colcon_core.shell:Creating package script '/root/qcomm_ws/src/install/imu-ros2node/share/imu-ros2node/package.ps1'
[0.828s] INFO:colcon.colcon_core.shell:Creating package descriptor '/root/qcomm_ws/src/install/imu-ros2node/share/imu-ros2node/package.dsv'
[0.829s] INFO:colcon.colcon_core.shell:Creating package script '/root/qcomm_ws/src/install/imu-ros2node/share/imu-ros2node/package.sh'
[0.830s] INFO:colcon.colcon_core.shell:Creating package script '/root/qcomm_ws/src/install/imu-ros2node/share/imu-ros2node/package.bash'
[0.832s] INFO:colcon.colcon_core.shell:Creating package script '/root/qcomm_ws/src/install/imu-ros2node/share/imu-ros2node/package.zsh'
[0.833s] Level 1:colcon.colcon_core.environment:create_file_with_runtime_dependencies(/root/qcomm_ws/src/install/imu-ros2node/share/colcon-core/packages/imu-ros2node)
[0.834s] Level 1:colcon.colcon_core.environment:create_environment_scripts_only(imu-ros2node)
[0.834s] Level 1:colcon.colcon_core.environment:checking '/root/qcomm_ws/src/install/imu-ros2node' for CMake module files
[0.835s] Level 1:colcon.colcon_core.environment:checking '/root/qcomm_ws/src/install/imu-ros2node' for CMake config files
[0.836s] Level 1:colcon.colcon_core.shell:create_environment_hook('imu-ros2node', 'cmake_prefix_path')
[0.836s] INFO:colcon.colcon_core.shell:Creating environment hook '/root/qcomm_ws/src/install/imu-ros2node/share/imu-ros2node/hook/cmake_prefix_path.ps1'
[0.837s] INFO:colcon.colcon_core.shell:Creating environment descriptor '/root/qcomm_ws/src/install/imu-ros2node/share/imu-ros2node/hook/cmake_prefix_path.dsv'
[0.837s] INFO:colcon.colcon_core.shell:Creating environment hook '/root/qcomm_ws/src/install/imu-ros2node/share/imu-ros2node/hook/cmake_prefix_path.sh'
[0.838s] Level 1:colcon.colcon_core.environment:checking '/root/qcomm_ws/src/install/imu-ros2node/lib'
[0.838s] Level 1:colcon.colcon_core.environment:checking '/root/qcomm_ws/src/install/imu-ros2node/bin'
[0.838s] Level 1:colcon.colcon_core.environment:checking '/root/qcomm_ws/src/install/imu-ros2node/lib/pkgconfig/imu-ros2node.pc'
[0.839s] Level 1:colcon.colcon_core.environment:checking '/root/qcomm_ws/src/install/imu-ros2node/lib/python3.8/site-packages'
[0.839s] Level 1:colcon.colcon_core.environment:checking '/root/qcomm_ws/src/install/imu-ros2node/bin'
[0.839s] INFO:colcon.colcon_core.shell:Creating package script '/root/qcomm_ws/src/install/imu-ros2node/share/imu-ros2node/package.ps1'
[0.840s] INFO:colcon.colcon_core.shell:Creating package descriptor '/root/qcomm_ws/src/install/imu-ros2node/share/imu-ros2node/package.dsv'
[0.841s] INFO:colcon.colcon_core.shell:Creating package script '/root/qcomm_ws/src/install/imu-ros2node/share/imu-ros2node/package.sh'
[0.842s] INFO:colcon.colcon_core.shell:Creating package script '/root/qcomm_ws/src/install/imu-ros2node/share/imu-ros2node/package.bash'
[0.842s] INFO:colcon.colcon_core.shell:Creating package script '/root/qcomm_ws/src/install/imu-ros2node/share/imu-ros2node/package.zsh'
[0.843s] Level 1:colcon.colcon_core.environment:create_file_with_runtime_dependencies(/root/qcomm_ws/src/install/imu-ros2node/share/colcon-core/packages/imu-ros2node)
[1.182s] DEBUG:colcon.colcon_core.event_handler.log_command:Invoking command in '/root/qcomm_ws/src/teleop_subscriber': CONDA_PROMPT_MODIFIER=(base) PYTHONPATH=/root/qcomm_ws/src/build/teleop_subscriber/prefix_override:/usr/lib/python3/dist-packages/colcon_core/task/python/colcon_distutils_commands:/root/qcomm_ws/src/install/teleop_subscriber/lib/python3.8/site-packages:${PYTHONPATH} _=/usr/bin/env /usr/bin/python3 -W ignore:setup.py install is deprecated -W ignore:easy_install command is deprecated setup.py egg_info --egg-base ../build/teleop_subscriber build --build-base /root/qcomm_ws/src/build/teleop_subscriber/build install --record /root/qcomm_ws/src/build/teleop_subscriber/install.log --install-scripts $base/lib/teleop_subscriber --single-version-externally-managed install_data
[1.475s] Level 1:colcon.colcon_core.environment:checking '/root/qcomm_ws/src/install/teleop_subscriber' for CMake module files
[1.479s] DEBUG:colcon.colcon_core.event_handler.log_command:Invoked command in '/root/qcomm_ws/src/teleop_subscriber' returned '0': CONDA_PROMPT_MODIFIER=(base) PYTHONPATH=/root/qcomm_ws/src/build/teleop_subscriber/prefix_override:/usr/lib/python3/dist-packages/colcon_core/task/python/colcon_distutils_commands:/root/qcomm_ws/src/install/teleop_subscriber/lib/python3.8/site-packages:${PYTHONPATH} _=/usr/bin/env /usr/bin/python3 -W ignore:setup.py install is deprecated -W ignore:easy_install command is deprecated setup.py egg_info --egg-base ../build/teleop_subscriber build --build-base /root/qcomm_ws/src/build/teleop_subscriber/build install --record /root/qcomm_ws/src/build/teleop_subscriber/install.log --install-scripts $base/lib/teleop_subscriber --single-version-externally-managed install_data
[1.480s] Level 1:colcon.colcon_core.environment:checking '/root/qcomm_ws/src/install/teleop_subscriber' for CMake config files
[1.483s] Level 1:colcon.colcon_core.environment:checking '/root/qcomm_ws/src/install/teleop_subscriber/lib'
[1.484s] Level 1:colcon.colcon_core.environment:checking '/root/qcomm_ws/src/install/teleop_subscriber/bin'
[1.484s] Level 1:colcon.colcon_core.environment:checking '/root/qcomm_ws/src/install/teleop_subscriber/lib/pkgconfig/teleop_subscriber.pc'
[1.485s] Level 1:colcon.colcon_core.environment:checking '/root/qcomm_ws/src/install/teleop_subscriber/lib/python3.8/site-packages'
[1.485s] Level 1:colcon.colcon_core.shell:create_environment_hook('teleop_subscriber', 'pythonpath')
[1.487s] INFO:colcon.colcon_core.shell:Creating environment hook '/root/qcomm_ws/src/install/teleop_subscriber/share/teleop_subscriber/hook/pythonpath.ps1'
[1.489s] INFO:colcon.colcon_core.shell:Creating environment descriptor '/root/qcomm_ws/src/install/teleop_subscriber/share/teleop_subscriber/hook/pythonpath.dsv'
[1.491s] INFO:colcon.colcon_core.shell:Creating environment hook '/root/qcomm_ws/src/install/teleop_subscriber/share/teleop_subscriber/hook/pythonpath.sh'
[1.494s] Level 1:colcon.colcon_core.environment:checking '/root/qcomm_ws/src/install/teleop_subscriber/bin'
[1.495s] Level 1:colcon.colcon_core.environment:create_environment_scripts_only(teleop_subscriber)
[1.496s] INFO:colcon.colcon_core.shell:Creating package script '/root/qcomm_ws/src/install/teleop_subscriber/share/teleop_subscriber/package.ps1'
[1.499s] INFO:colcon.colcon_core.shell:Creating package descriptor '/root/qcomm_ws/src/install/teleop_subscriber/share/teleop_subscriber/package.dsv'
[1.499s] INFO:colcon.colcon_core.shell:Creating package script '/root/qcomm_ws/src/install/teleop_subscriber/share/teleop_subscriber/package.sh'
[1.500s] INFO:colcon.colcon_core.shell:Creating package script '/root/qcomm_ws/src/install/teleop_subscriber/share/teleop_subscriber/package.bash'
[1.501s] INFO:colcon.colcon_core.shell:Creating package script '/root/qcomm_ws/src/install/teleop_subscriber/share/teleop_subscriber/package.zsh'
[1.501s] Level 1:colcon.colcon_core.environment:create_file_with_runtime_dependencies(/root/qcomm_ws/src/install/teleop_subscriber/share/colcon-core/packages/teleop_subscriber)
[1.502s] DEBUG:colcon.colcon_parallel_executor.executor.parallel:closing loop
[1.503s] DEBUG:colcon.colcon_parallel_executor.executor.parallel:loop closed
[1.503s] DEBUG:colcon.colcon_parallel_executor.executor.parallel:run_until_complete finished with '0'
[1.503s] DEBUG:colcon.colcon_core.event_reactor:joining thread
[1.531s] INFO:colcon.colcon_core.plugin_system:Skipping extension 'colcon_notification.desktop_notification.notify_send': Could not find 'notify-send'
[1.531s] INFO:colcon.colcon_core.plugin_system:Skipping extension 'colcon_notification.desktop_notification.terminal_notifier': Not used on non-Darwin systems
[1.531s] INFO:colcon.colcon_core.plugin_system:Skipping extension 'colcon_notification.desktop_notification.win32': Not used on non-Windows systems
[1.531s] INFO:colcon.colcon_notification.desktop_notification:Sending desktop notification using 'notify2'
[1.536s] DEBUG:colcon.colcon_notification.desktop_notification.notify2:Failed to initialize notify2: org.freedesktop.DBus.Error.ServiceUnknown: The name org.freedesktop.Notifications was not provided by any .service files
[1.537s] DEBUG:colcon.colcon_core.event_reactor:joined thread
[1.538s] INFO:colcon.colcon_core.shell:Creating prefix script '/root/qcomm_ws/src/install/local_setup.ps1'
[1.544s] INFO:colcon.colcon_core.shell:Creating prefix util module '/root/qcomm_ws/src/install/_local_setup_util_ps1.py'
[1.551s] INFO:colcon.colcon_core.shell:Creating prefix chain script '/root/qcomm_ws/src/install/setup.ps1'
[1.555s] INFO:colcon.colcon_core.shell:Creating prefix script '/root/qcomm_ws/src/install/local_setup.sh'
[1.558s] INFO:colcon.colcon_core.shell:Creating prefix util module '/root/qcomm_ws/src/install/_local_setup_util_sh.py'
[1.561s] INFO:colcon.colcon_core.shell:Creating prefix chain script '/root/qcomm_ws/src/install/setup.sh'
[1.564s] INFO:colcon.colcon_core.shell:Creating prefix script '/root/qcomm_ws/src/install/local_setup.bash'
[1.565s] INFO:colcon.colcon_core.shell:Creating prefix chain script '/root/qcomm_ws/src/install/setup.bash'
[1.567s] INFO:colcon.colcon_core.shell:Creating prefix script '/root/qcomm_ws/src/install/local_setup.zsh'
[1.568s] INFO:colcon.colcon_core.shell:Creating prefix chain script '/root/qcomm_ws/src/install/setup.zsh'
