[0.075s] Invoking command in '/root/rf-data-collection/build/imu-ros2node': CMAKE_PREFIX_PATH=/opt/ros/foxy CONDA_PROMPT_MODIFIER=(base) _=/usr/bin/env /usr/bin/cmake --build /root/rf-data-collection/build/imu-ros2node -- -j8 -l8
[0.463s] [ 50%] Built target imu-ros2test
[0.464s] [100%] Built target imu-ros2node
[0.851s] Invoked command in '/root/rf-data-collection/build/imu-ros2node' returned '0': CMAKE_PREFIX_PATH=/opt/ros/foxy CONDA_PROMPT_MODIFIER=(base) _=/usr/bin/env /usr/bin/cmake --build /root/rf-data-collection/build/imu-ros2node -- -j8 -l8
[0.933s] Invoking command in '/root/rf-data-collection/build/imu-ros2node': CMAKE_PREFIX_PATH=/opt/ros/foxy CONDA_PROMPT_MODIFIER=(base) _=/usr/bin/env /usr/bin/cmake --install /root/rf-data-collection/build/imu-ros2node
[0.996s] -- Install configuration: ""
[0.997s] -- Up-to-date: /root/rf-data-collection/install/imu-ros2node/lib/imu-ros2node/imu-ros2node
[0.998s] -- Up-to-date: /root/rf-data-collection/install/imu-ros2node/lib/imu-ros2node/imu-ros2test
[0.998s] -- Up-to-date: /root/rf-data-collection/install/imu-ros2node/share/ament_index/resource_index/package_run_dependencies/imu-ros2node
[0.999s] -- Up-to-date: /root/rf-data-collection/install/imu-ros2node/share/ament_index/resource_index/parent_prefix_path/imu-ros2node
[0.999s] -- Up-to-date: /root/rf-data-collection/install/imu-ros2node/share/imu-ros2node/environment/ament_prefix_path.sh
[1.000s] -- Up-to-date: /root/rf-data-collection/install/imu-ros2node/share/imu-ros2node/environment/ament_prefix_path.dsv
[1.001s] -- Up-to-date: /root/rf-data-collection/install/imu-ros2node/share/imu-ros2node/environment/path.sh
[1.002s] -- Up-to-date: /root/rf-data-collection/install/imu-ros2node/share/imu-ros2node/environment/path.dsv
[1.002s] -- Up-to-date: /root/rf-data-collection/install/imu-ros2node/share/imu-ros2node/local_setup.bash
[1.003s] -- Up-to-date: /root/rf-data-collection/install/imu-ros2node/share/imu-ros2node/local_setup.sh
[1.003s] -- Up-to-date: /root/rf-data-collection/install/imu-ros2node/share/imu-ros2node/local_setup.zsh
[1.004s] -- Up-to-date: /root/rf-data-collection/install/imu-ros2node/share/imu-ros2node/local_setup.dsv
[1.004s] -- Installing: /root/rf-data-collection/install/imu-ros2node/share/imu-ros2node/package.dsv
[1.004s] -- Up-to-date: /root/rf-data-collection/install/imu-ros2node/share/ament_index/resource_index/packages/imu-ros2node
[1.005s] -- Up-to-date: /root/rf-data-collection/install/imu-ros2node/share/imu-ros2node/cmake/imu-ros2nodeConfig.cmake
[1.006s] -- Up-to-date: /root/rf-data-collection/install/imu-ros2node/share/imu-ros2node/cmake/imu-ros2nodeConfig-version.cmake
[1.006s] -- Up-to-date: /root/rf-data-collection/install/imu-ros2node/share/imu-ros2node/package.xml
[1.014s] Invoked command in '/root/rf-data-collection/build/imu-ros2node' returned '0': CMAKE_PREFIX_PATH=/opt/ros/foxy CONDA_PROMPT_MODIFIER=(base) _=/usr/bin/env /usr/bin/cmake --install /root/rf-data-collection/build/imu-ros2node
