running egg_info
creating ../../build/utils/utils.egg-info
writing ../../build/utils/utils.egg-info/PKG-INFO
writing dependency_links to ../../build/utils/utils.egg-info/dependency_links.txt
writing entry points to ../../build/utils/utils.egg-info/entry_points.txt
writing requirements to ../../build/utils/utils.egg-info/requires.txt
writing top-level names to ../../build/utils/utils.egg-info/top_level.txt
writing manifest file '../../build/utils/utils.egg-info/SOURCES.txt'
reading manifest file '../../build/utils/utils.egg-info/SOURCES.txt'
writing manifest file '../../build/utils/utils.egg-info/SOURCES.txt'
running build
running build_py
creating /root/rf-data-collection/build/utils/build
creating /root/rf-data-collection/build/utils/build/lib
creating /root/rf-data-collection/build/utils/build/lib/utils
copying utils/__init__.py -> /root/rf-data-collection/build/utils/build/lib/utils
copying utils/camera_viewer.py -> /root/rf-data-collection/build/utils/build/lib/utils
running install
running install_lib
creating /root/rf-data-collection/install/utils/lib/python3.8/site-packages/utils
copying /root/rf-data-collection/build/utils/build/lib/utils/__init__.py -> /root/rf-data-collection/install/utils/lib/python3.8/site-packages/utils
copying /root/rf-data-collection/build/utils/build/lib/utils/camera_viewer.py -> /root/rf-data-collection/install/utils/lib/python3.8/site-packages/utils
byte-compiling /root/rf-data-collection/install/utils/lib/python3.8/site-packages/utils/__init__.py to __init__.cpython-38.pyc
byte-compiling /root/rf-data-collection/install/utils/lib/python3.8/site-packages/utils/camera_viewer.py to camera_viewer.cpython-38.pyc
running install_data
creating /root/rf-data-collection/install/utils/share/ament_index
creating /root/rf-data-collection/install/utils/share/ament_index/resource_index
creating /root/rf-data-collection/install/utils/share/ament_index/resource_index/packages
copying resource/utils -> /root/rf-data-collection/install/utils/share/ament_index/resource_index/packages
copying package.xml -> /root/rf-data-collection/install/utils/share/utils
creating /root/rf-data-collection/install/utils/share/utils/launch
copying launch/camera_main_launch.py -> /root/rf-data-collection/install/utils/share/utils/launch
copying launch/camera_tracking_launch.py -> /root/rf-data-collection/install/utils/share/utils/launch
running install_egg_info
Copying ../../build/utils/utils.egg-info to /root/rf-data-collection/install/utils/lib/python3.8/site-packages/utils-0.0.0-py3.8.egg-info
running install_scripts
Installing camera_viewer script to /root/rf-data-collection/install/utils/lib/utils
writing list of installed files to '/root/rf-data-collection/build/utils/install.log'
