[1.255s] Invoking command in '/root/rf-data-collection/src/utils': CONDA_PROMPT_MODIFIER=(base) PYTHONPATH=/root/rf-data-collection/build/utils/prefix_override:/usr/lib/python3/dist-packages/colcon_core/task/python/colcon_distutils_commands:/root/rf-data-collection/install/utils/lib/python3.8/site-packages:${PYTHONPATH} _=/usr/bin/env /usr/bin/python3 -W ignore:setup.py install is deprecated -W ignore:easy_install command is deprecated setup.py egg_info --egg-base ../../build/utils build --build-base /root/rf-data-collection/build/utils/build install --record /root/rf-data-collection/build/utils/install.log --single-version-externally-managed install_data
[1.490s] running egg_info
[1.492s] creating ../../build/utils/utils.egg-info
[1.494s] writing ../../build/utils/utils.egg-info/PKG-INFO
[1.496s] writing dependency_links to ../../build/utils/utils.egg-info/dependency_links.txt
[1.497s] writing entry points to ../../build/utils/utils.egg-info/entry_points.txt
[1.499s] writing requirements to ../../build/utils/utils.egg-info/requires.txt
[1.502s] writing top-level names to ../../build/utils/utils.egg-info/top_level.txt
[1.503s] writing manifest file '../../build/utils/utils.egg-info/SOURCES.txt'
[1.521s] reading manifest file '../../build/utils/utils.egg-info/SOURCES.txt'
[1.522s] writing manifest file '../../build/utils/utils.egg-info/SOURCES.txt'
[1.524s] running build
[1.526s] running build_py
[1.527s] creating /root/rf-data-collection/build/utils/build
[1.528s] creating /root/rf-data-collection/build/utils/build/lib
[1.529s] creating /root/rf-data-collection/build/utils/build/lib/utils
[1.531s] copying utils/__init__.py -> /root/rf-data-collection/build/utils/build/lib/utils
[1.532s] copying utils/camera_viewer.py -> /root/rf-data-collection/build/utils/build/lib/utils
[1.534s] running install
[1.538s] running install_lib
[1.540s] creating /root/rf-data-collection/install/utils/lib/python3.8/site-packages/utils
[1.541s] copying /root/rf-data-collection/build/utils/build/lib/utils/__init__.py -> /root/rf-data-collection/install/utils/lib/python3.8/site-packages/utils
[1.542s] copying /root/rf-data-collection/build/utils/build/lib/utils/camera_viewer.py -> /root/rf-data-collection/install/utils/lib/python3.8/site-packages/utils
[1.545s] byte-compiling /root/rf-data-collection/install/utils/lib/python3.8/site-packages/utils/__init__.py to __init__.cpython-38.pyc
[1.547s] byte-compiling /root/rf-data-collection/install/utils/lib/python3.8/site-packages/utils/camera_viewer.py to camera_viewer.cpython-38.pyc
[1.549s] running install_data
[1.551s] creating /root/rf-data-collection/install/utils/share/ament_index
[1.552s] creating /root/rf-data-collection/install/utils/share/ament_index/resource_index
[1.554s] creating /root/rf-data-collection/install/utils/share/ament_index/resource_index/packages
[1.557s] copying resource/utils -> /root/rf-data-collection/install/utils/share/ament_index/resource_index/packages
[1.558s] copying package.xml -> /root/rf-data-collection/install/utils/share/utils
[1.559s] creating /root/rf-data-collection/install/utils/share/utils/launch
[1.561s] copying launch/camera_main_launch.py -> /root/rf-data-collection/install/utils/share/utils/launch
[1.562s] copying launch/camera_tracking_launch.py -> /root/rf-data-collection/install/utils/share/utils/launch
[1.564s] running install_egg_info
[1.565s] Copying ../../build/utils/utils.egg-info to /root/rf-data-collection/install/utils/lib/python3.8/site-packages/utils-0.0.0-py3.8.egg-info
[1.567s] running install_scripts
[1.569s] Installing camera_viewer script to /root/rf-data-collection/install/utils/lib/utils
[1.570s] writing list of installed files to '/root/rf-data-collection/build/utils/install.log'
[1.596s] Invoked command in '/root/rf-data-collection/src/utils' returned '0': CONDA_PROMPT_MODIFIER=(base) PYTHONPATH=/root/rf-data-collection/build/utils/prefix_override:/usr/lib/python3/dist-packages/colcon_core/task/python/colcon_distutils_commands:/root/rf-data-collection/install/utils/lib/python3.8/site-packages:${PYTHONPATH} _=/usr/bin/env /usr/bin/python3 -W ignore:setup.py install is deprecated -W ignore:easy_install command is deprecated setup.py egg_info --egg-base ../../build/utils build --build-base /root/rf-data-collection/build/utils/build install --record /root/rf-data-collection/build/utils/install.log --single-version-externally-managed install_data
