[0.052s] Invoking command in '/root/qcomm_ws/src/build/imu-ros2node': CMAKE_PREFIX_PATH=/opt/ros/foxy CONDA_PROMPT_MODIFIER=(base) _=/usr/bin/env /usr/bin/cmake /root/qcomm_ws/src/imu-ros2node -DCMAKE_INSTALL_PREFIX=/root/qcomm_ws/src/install/imu-ros2node
[0.570s] -- The C compiler identification is GNU 9.4.0
[0.936s] -- The CXX compiler identification is GNU 9.4.0
[0.946s] -- Check for working C compiler: /usr/bin/cc
[1.229s] -- Check for working C compiler: /usr/bin/cc -- works
[1.236s] -- Detecting C compiler ABI info
[1.528s] -- Detecting C compiler ABI info - done
[1.568s] -- Detecting C compile features
[1.568s] -- Detecting C compile features - done
[1.574s] -- Check for working CXX compiler: /usr/bin/c++
[1.894s] -- Check for working CXX compiler: /usr/bin/c++ -- works
[1.899s] -- Detecting CXX compiler ABI info
[2.190s] -- Detecting CXX compiler ABI info - done
[2.222s] -- Detecting CXX compile features
[2.223s] -- Detecting CXX compile features - done
[2.228s] -- Found ament_cmake: 0.9.12 (/opt/ros/foxy/share/ament_cmake/cmake)
[2.287s] -- Found PythonInterp: /root/miniconda3/bin/python3 (found suitable version "3.12.2", minimum required is "3") 
[2.288s] -- Using PYTHON_EXECUTABLE: /root/miniconda3/bin/python3
[2.588s] -- Found rclcpp: 2.4.3 (/opt/ros/foxy/share/rclcpp/cmake)
[2.648s] -- Using all available rosidl_typesupport_c: rosidl_typesupport_fastrtps_c;rosidl_typesupport_introspection_c
[2.659s] -- Found rosidl_adapter: 1.3.1 (/opt/ros/foxy/share/rosidl_adapter/cmake)
[3.175s] -- Found OpenSSL: /usr/lib/aarch64-linux-gnu/libcrypto.so (found version "1.1.1f")  
[3.230s] -- Found FastRTPS: /opt/ros/foxy/include  
[3.359s] -- Using all available rosidl_typesupport_cpp: rosidl_typesupport_fastrtps_cpp;rosidl_typesupport_introspection_cpp
[3.430s] -- Found rmw_implementation_cmake: 1.0.4 (/opt/ros/foxy/share/rmw_implementation_cmake/cmake)
[3.431s] -- Using RMW implementation 'rmw_fastrtps_cpp' as default
[3.433s] -- Looking for pthread.h
[3.757s] -- Looking for pthread.h - found
[3.759s] -- Performing Test CMAKE_HAVE_LIBC_PTHREAD
[4.114s] -- Performing Test CMAKE_HAVE_LIBC_PTHREAD - Failed
[4.123s] -- Looking for pthread_create in pthreads
[4.420s] -- Looking for pthread_create in pthreads - not found
[4.420s] -- Looking for pthread_create in pthread
[4.733s] -- Looking for pthread_create in pthread - found
[4.737s] -- Found Threads: TRUE  
[4.933s] -- Found sensor_msgs: 2.0.5 (/opt/ros/foxy/share/sensor_msgs/cmake)
[5.054s] -- Found ament_lint_auto: 0.9.8 (/opt/ros/foxy/share/ament_lint_auto/cmake)
[5.264s] -- Added test 'copyright' to check source files copyright and LICENSE
[5.265s] -- Added test 'cppcheck' to perform static code analysis on C / C++ code
[5.266s] -- Configured cppcheck include dirs: /root/qcomm_ws/src/imu-ros2node/./include
[5.267s] -- Configured cppcheck exclude dirs and/or files: 
[5.268s] -- Added test 'cpplint' to check C / C++ code against the Google style
[5.269s] -- Configured cpplint exclude dirs and/or files: 
[5.270s] -- Added test 'lint_cmake' to check CMake code style
[5.271s] -- Added test 'uncrustify' to check C / C++ code style
[5.272s] -- Configured uncrustify additional arguments: 
[5.273s] -- Added test 'xmllint' to check XML markup files
[5.279s] -- Configuring done
[5.294s] -- Generating done
[5.301s] -- Build files have been written to: /root/qcomm_ws/src/build/imu-ros2node
[5.323s] Invoked command in '/root/qcomm_ws/src/build/imu-ros2node' returned '0': CMAKE_PREFIX_PATH=/opt/ros/foxy CONDA_PROMPT_MODIFIER=(base) _=/usr/bin/env /usr/bin/cmake /root/qcomm_ws/src/imu-ros2node -DCMAKE_INSTALL_PREFIX=/root/qcomm_ws/src/install/imu-ros2node
[5.332s] Invoking command in '/root/qcomm_ws/src/build/imu-ros2node': CMAKE_PREFIX_PATH=/opt/ros/foxy CONDA_PROMPT_MODIFIER=(base) _=/usr/bin/env /usr/bin/cmake --build /root/qcomm_ws/src/build/imu-ros2node -- -j8 -l8
[5.484s] [35m[1mScanning dependencies of target imu-ros2node[0m
[5.485s] [35m[1mScanning dependencies of target imu-ros2test[0m
[5.633s] [ 25%] [32mBuilding CXX object CMakeFiles/imu-ros2test.dir/src/imu_node_test.cpp.o[0m
[5.683s] [ 50%] [32mBuilding CXX object CMakeFiles/imu-ros2node.dir/src/imu_node.cpp.o[0m
[9.719s] [ 75%] [32m[1mLinking CXX executable imu-ros2node[0m
[10.146s] [ 75%] Built target imu-ros2node
[11.660s] [100%] [32m[1mLinking CXX executable imu-ros2test[0m
[12.087s] [100%] Built target imu-ros2test
[12.157s] Invoked command in '/root/qcomm_ws/src/build/imu-ros2node' returned '0': CMAKE_PREFIX_PATH=/opt/ros/foxy CONDA_PROMPT_MODIFIER=(base) _=/usr/bin/env /usr/bin/cmake --build /root/qcomm_ws/src/build/imu-ros2node -- -j8 -l8
[12.180s] Invoking command in '/root/qcomm_ws/src/build/imu-ros2node': CMAKE_PREFIX_PATH=/opt/ros/foxy CONDA_PROMPT_MODIFIER=(base) _=/usr/bin/env /usr/bin/cmake --install /root/qcomm_ws/src/build/imu-ros2node
[12.194s] -- Install configuration: ""
[12.195s] -- Installing: /root/qcomm_ws/src/install/imu-ros2node/lib/imu-ros2node/imu-ros2node
[12.196s] -- Set runtime path of "/root/qcomm_ws/src/install/imu-ros2node/lib/imu-ros2node/imu-ros2node" to ""
[12.196s] -- Installing: /root/qcomm_ws/src/install/imu-ros2node/lib/imu-ros2node/imu-ros2test
[12.199s] -- Set runtime path of "/root/qcomm_ws/src/install/imu-ros2node/lib/imu-ros2node/imu-ros2test" to ""
[12.200s] -- Installing: /root/qcomm_ws/src/install/imu-ros2node/share/ament_index/resource_index/package_run_dependencies/imu-ros2node
[12.201s] -- Installing: /root/qcomm_ws/src/install/imu-ros2node/share/ament_index/resource_index/parent_prefix_path/imu-ros2node
[12.202s] -- Installing: /root/qcomm_ws/src/install/imu-ros2node/share/imu-ros2node/environment/ament_prefix_path.sh
[12.202s] -- Installing: /root/qcomm_ws/src/install/imu-ros2node/share/imu-ros2node/environment/ament_prefix_path.dsv
[12.203s] -- Installing: /root/qcomm_ws/src/install/imu-ros2node/share/imu-ros2node/environment/path.sh
[12.203s] -- Installing: /root/qcomm_ws/src/install/imu-ros2node/share/imu-ros2node/environment/path.dsv
[12.204s] -- Installing: /root/qcomm_ws/src/install/imu-ros2node/share/imu-ros2node/local_setup.bash
[12.204s] -- Installing: /root/qcomm_ws/src/install/imu-ros2node/share/imu-ros2node/local_setup.sh
[12.205s] -- Installing: /root/qcomm_ws/src/install/imu-ros2node/share/imu-ros2node/local_setup.zsh
[12.205s] -- Installing: /root/qcomm_ws/src/install/imu-ros2node/share/imu-ros2node/local_setup.dsv
[12.206s] -- Installing: /root/qcomm_ws/src/install/imu-ros2node/share/imu-ros2node/package.dsv
[12.207s] -- Installing: /root/qcomm_ws/src/install/imu-ros2node/share/ament_index/resource_index/packages/imu-ros2node
[12.207s] -- Installing: /root/qcomm_ws/src/install/imu-ros2node/share/imu-ros2node/cmake/imu-ros2nodeConfig.cmake
[12.209s] -- Installing: /root/qcomm_ws/src/install/imu-ros2node/share/imu-ros2node/cmake/imu-ros2nodeConfig-version.cmake
[12.210s] -- Installing: /root/qcomm_ws/src/install/imu-ros2node/share/imu-ros2node/package.xml
[12.213s] Invoked command in '/root/qcomm_ws/src/build/imu-ros2node' returned '0': CMAKE_PREFIX_PATH=/opt/ros/foxy CONDA_PROMPT_MODIFIER=(base) _=/usr/bin/env /usr/bin/cmake --install /root/qcomm_ws/src/build/imu-ros2node
