[1.466s] Invoking command in '/root/rf-data-collection/src/utils': CONDA_PROMPT_MODIFIER=(base) PYTHONPATH=/root/rf-data-collection/build/utils/prefix_override:/usr/lib/python3/dist-packages/colcon_core/task/python/colcon_distutils_commands:/root/rf-data-collection/install/utils/lib/python3.8/site-packages:${PYTHONPATH} _=/usr/bin/env /usr/bin/python3 -W ignore:setup.py install is deprecated -W ignore:easy_install command is deprecated setup.py egg_info --egg-base ../../build/utils build --build-base /root/rf-data-collection/build/utils/build install --record /root/rf-data-collection/build/utils/install.log --single-version-externally-managed install_data
[1.772s] running egg_info
[1.780s] writing ../../build/utils/utils.egg-info/PKG-INFO
[1.781s] writing dependency_links to ../../build/utils/utils.egg-info/dependency_links.txt
[1.782s] writing entry points to ../../build/utils/utils.egg-info/entry_points.txt
[1.785s] writing requirements to ../../build/utils/utils.egg-info/requires.txt
[1.786s] writing top-level names to ../../build/utils/utils.egg-info/top_level.txt
[1.832s] reading manifest file '../../build/utils/utils.egg-info/SOURCES.txt'
[1.839s] writing manifest file '../../build/utils/utils.egg-info/SOURCES.txt'
[1.842s] running build
[1.842s] running build_py
[1.844s] running install
[1.845s] running install_lib
[1.846s] running install_data
[1.847s] running install_egg_info
[1.849s] removing '/root/rf-data-collection/install/utils/lib/python3.8/site-packages/utils-0.0.0-py3.8.egg-info' (and everything under it)
[1.850s] Copying ../../build/utils/utils.egg-info to /root/rf-data-collection/install/utils/lib/python3.8/site-packages/utils-0.0.0-py3.8.egg-info
[1.851s] running install_scripts
[1.868s] Installing camera_viewer script to /root/rf-data-collection/install/utils/lib/utils
[1.869s] writing list of installed files to '/root/rf-data-collection/build/utils/install.log'
[1.917s] Invoked command in '/root/rf-data-collection/src/utils' returned '0': CONDA_PROMPT_MODIFIER=(base) PYTHONPATH=/root/rf-data-collection/build/utils/prefix_override:/usr/lib/python3/dist-packages/colcon_core/task/python/colcon_distutils_commands:/root/rf-data-collection/install/utils/lib/python3.8/site-packages:${PYTHONPATH} _=/usr/bin/env /usr/bin/python3 -W ignore:setup.py install is deprecated -W ignore:easy_install command is deprecated setup.py egg_info --egg-base ../../build/utils build --build-base /root/rf-data-collection/build/utils/build install --record /root/rf-data-collection/build/utils/install.log --single-version-externally-managed install_data
