[1.304s] Invoking command in '/root/rf-data-collection/src/utils': PYTHONPATH=/root/rf-data-collection/build/utils/prefix_override:/usr/lib/python3/dist-packages/colcon_core/task/python/colcon_distutils_commands:/root/rf-data-collection/install/utils/lib/python3.8/site-packages:${PYTHONPATH} _=/usr/bin/env /usr/bin/python3 -W ignore:setup.py install is deprecated -W ignore:easy_install command is deprecated setup.py egg_info --egg-base ../../build/utils build --build-base /root/rf-data-collection/build/utils/build install --record /root/rf-data-collection/build/utils/install.log --single-version-externally-managed install_data
[1.528s] running egg_info
[1.529s] writing ../../build/utils/utils.egg-info/PKG-INFO
[1.531s] writing dependency_links to ../../build/utils/utils.egg-info/dependency_links.txt
[1.532s] writing entry points to ../../build/utils/utils.egg-info/entry_points.txt
[1.534s] writing requirements to ../../build/utils/utils.egg-info/requires.txt
[1.539s] writing top-level names to ../../build/utils/utils.egg-info/top_level.txt
[1.558s] reading manifest file '../../build/utils/utils.egg-info/SOURCES.txt'
[1.559s] writing manifest file '../../build/utils/utils.egg-info/SOURCES.txt'
[1.559s] running build
[1.560s] running build_py
[1.560s] running install
[1.561s] running install_lib
[1.562s] running install_data
[1.562s] copying launch/camera_main_launch.py -> /root/rf-data-collection/install/utils/share/utils/launch
[1.563s] running install_egg_info
[1.564s] removing '/root/rf-data-collection/install/utils/lib/python3.8/site-packages/utils-0.0.0-py3.8.egg-info' (and everything under it)
[1.564s] Copying ../../build/utils/utils.egg-info to /root/rf-data-collection/install/utils/lib/python3.8/site-packages/utils-0.0.0-py3.8.egg-info
[1.565s] running install_scripts
[1.583s] Installing camera_viewer script to /root/rf-data-collection/install/utils/lib/utils
[1.584s] writing list of installed files to '/root/rf-data-collection/build/utils/install.log'
[1.628s] Invoked command in '/root/rf-data-collection/src/utils' returned '0': PYTHONPATH=/root/rf-data-collection/build/utils/prefix_override:/usr/lib/python3/dist-packages/colcon_core/task/python/colcon_distutils_commands:/root/rf-data-collection/install/utils/lib/python3.8/site-packages:${PYTHONPATH} _=/usr/bin/env /usr/bin/python3 -W ignore:setup.py install is deprecated -W ignore:easy_install command is deprecated setup.py egg_info --egg-base ../../build/utils build --build-base /root/rf-data-collection/build/utils/build install --record /root/rf-data-collection/build/utils/install.log --single-version-externally-managed install_data
