-- The C compiler identification is GNU 9.4.0
-- The CXX compiler identification is GNU 9.4.0
-- Check for working C compiler: /usr/bin/cc
-- Check for working C compiler: /usr/bin/cc -- works
-- Detecting C compiler ABI info
-- Detecting C compiler ABI info - done
-- Detecting C compile features
-- Detecting C compile features - done
-- Check for working CXX compiler: /usr/bin/c++
-- Check for working CXX compiler: /usr/bin/c++ -- works
-- Detecting CXX compiler ABI info
-- Detecting CXX compiler ABI info - done
-- Detecting CXX compile features
-- Detecting CXX compile features - done
-- Found ament_cmake: 0.9.12 (/opt/ros/foxy/share/ament_cmake/cmake)
-- Found PythonInterp: /root/miniconda3/bin/python3 (found suitable version "3.12.2", minimum required is "3") 
-- Using PYTHON_EXECUTABLE: /root/miniconda3/bin/python3
-- Found rclcpp: 2.4.3 (/opt/ros/foxy/share/rclcpp/cmake)
-- Using all available rosidl_typesupport_c: rosidl_typesupport_fastrtps_c;rosidl_typesupport_introspection_c
-- Found rosidl_adapter: 1.3.1 (/opt/ros/foxy/share/rosidl_adapter/cmake)
-- Found OpenSSL: /usr/lib/aarch64-linux-gnu/libcrypto.so (found version "1.1.1f")  
-- Found FastRTPS: /opt/ros/foxy/include  
-- Using all available rosidl_typesupport_cpp: rosidl_typesupport_fastrtps_cpp;rosidl_typesupport_introspection_cpp
-- Found rmw_implementation_cmake: 1.0.4 (/opt/ros/foxy/share/rmw_implementation_cmake/cmake)
-- Using RMW implementation 'rmw_fastrtps_cpp' as default
-- Looking for pthread.h
-- Looking for pthread.h - found
-- Performing Test CMAKE_HAVE_LIBC_PTHREAD
-- Performing Test CMAKE_HAVE_LIBC_PTHREAD - Failed
-- Looking for pthread_create in pthreads
-- Looking for pthread_create in pthreads - not found
-- Looking for pthread_create in pthread
-- Looking for pthread_create in pthread - found
-- Found Threads: TRUE  
-- Found sensor_msgs: 2.0.5 (/opt/ros/foxy/share/sensor_msgs/cmake)
-- Found ament_lint_auto: 0.9.8 (/opt/ros/foxy/share/ament_lint_auto/cmake)
-- Added test 'copyright' to check source files copyright and LICENSE
-- Added test 'cppcheck' to perform static code analysis on C / C++ code
-- Configured cppcheck include dirs: /root/rf-data-collection/src/imu-ros2node/./include
-- Configured cppcheck exclude dirs and/or files: 
-- Added test 'cpplint' to check C / C++ code against the Google style
-- Configured cpplint exclude dirs and/or files: 
-- Added test 'lint_cmake' to check CMake code style
-- Added test 'uncrustify' to check C / C++ code style
-- Configured uncrustify additional arguments: 
-- Added test 'xmllint' to check XML markup files
-- Configuring done
-- Generating done
-- Build files have been written to: /root/rf-data-collection/build/imu-ros2node
[35m[1mScanning dependencies of target imu-ros2test[0m
[35m[1mScanning dependencies of target imu-ros2node[0m
[ 50%] [32mBuilding CXX object CMakeFiles/imu-ros2test.dir/src/imu_node_test.cpp.o[0m
[ 50%] [32mBuilding CXX object CMakeFiles/imu-ros2node.dir/src/imu_node.cpp.o[0m
[ 75%] [32m[1mLinking CXX executable imu-ros2node[0m
[ 75%] Built target imu-ros2node
[100%] [32m[1mLinking CXX executable imu-ros2test[0m
[100%] Built target imu-ros2test
-- Install configuration: ""
-- Installing: /root/rf-data-collection/install/imu-ros2node/lib/imu-ros2node/imu-ros2node
-- Set runtime path of "/root/rf-data-collection/install/imu-ros2node/lib/imu-ros2node/imu-ros2node" to ""
-- Installing: /root/rf-data-collection/install/imu-ros2node/lib/imu-ros2node/imu-ros2test
-- Set runtime path of "/root/rf-data-collection/install/imu-ros2node/lib/imu-ros2node/imu-ros2test" to ""
-- Installing: /root/rf-data-collection/install/imu-ros2node/share/ament_index/resource_index/package_run_dependencies/imu-ros2node
-- Installing: /root/rf-data-collection/install/imu-ros2node/share/ament_index/resource_index/parent_prefix_path/imu-ros2node
-- Installing: /root/rf-data-collection/install/imu-ros2node/share/imu-ros2node/environment/ament_prefix_path.sh
-- Installing: /root/rf-data-collection/install/imu-ros2node/share/imu-ros2node/environment/ament_prefix_path.dsv
-- Installing: /root/rf-data-collection/install/imu-ros2node/share/imu-ros2node/environment/path.sh
-- Installing: /root/rf-data-collection/install/imu-ros2node/share/imu-ros2node/environment/path.dsv
-- Installing: /root/rf-data-collection/install/imu-ros2node/share/imu-ros2node/local_setup.bash
-- Installing: /root/rf-data-collection/install/imu-ros2node/share/imu-ros2node/local_setup.sh
-- Installing: /root/rf-data-collection/install/imu-ros2node/share/imu-ros2node/local_setup.zsh
-- Installing: /root/rf-data-collection/install/imu-ros2node/share/imu-ros2node/local_setup.dsv
-- Installing: /root/rf-data-collection/install/imu-ros2node/share/imu-ros2node/package.dsv
-- Installing: /root/rf-data-collection/install/imu-ros2node/share/ament_index/resource_index/packages/imu-ros2node
-- Installing: /root/rf-data-collection/install/imu-ros2node/share/imu-ros2node/cmake/imu-ros2nodeConfig.cmake
-- Installing: /root/rf-data-collection/install/imu-ros2node/share/imu-ros2node/cmake/imu-ros2nodeConfig-version.cmake
-- Installing: /root/rf-data-collection/install/imu-ros2node/share/imu-ros2node/package.xml
