[0.045s] Invoking command in '/root/rf-data-collection/build/imu-ros2node': CMAKE_PREFIX_PATH=${CMAKE_PREFIX_PATH}:/root/rf-data-collection/src/install/teleop_subscriber:/root/rf-data-collection/src/install/camera_subscriber:/root/rf-data-collection/install/teleop_subscriber:/root/rf-data-collection/install/camera_subscriber:/root/rf-data-collection/src/install/image_subscriber_test:/opt/ros/foxy CONDA_PROMPT_MODIFIER=(base) _=/usr/bin/env /usr/bin/cmake /root/rf-data-collection/src/imu-ros2node -DCMAKE_INSTALL_PREFIX=/root/rf-data-collection/install/imu-ros2node
[0.321s] -- The C compiler identification is GNU 9.4.0
[0.518s] -- The CXX compiler identification is GNU 9.4.0
[0.529s] -- Check for working C compiler: /usr/bin/cc
[0.888s] -- Check for working C compiler: /usr/bin/cc -- works
[0.889s] -- Detecting C compiler ABI info
[1.217s] -- Detecting C compiler ABI info - done
[1.249s] -- Detecting C compile features
[1.250s] -- Detecting C compile features - done
[1.250s] -- Check for working CXX compiler: /usr/bin/c++
[1.631s] -- Check for working CXX compiler: /usr/bin/c++ -- works
[1.638s] -- Detecting CXX compiler ABI info
[2.010s] -- Detecting CXX compiler ABI info - done
[2.051s] -- Detecting CXX compile features
[2.052s] -- Detecting CXX compile features - done
[2.056s] -- Found ament_cmake: 0.9.12 (/opt/ros/foxy/share/ament_cmake/cmake)
[2.119s] -- Found PythonInterp: /root/miniconda3/bin/python3 (found suitable version "3.12.2", minimum required is "3") 
[2.120s] -- Using PYTHON_EXECUTABLE: /root/miniconda3/bin/python3
[2.391s] -- Found rclcpp: 2.4.3 (/opt/ros/foxy/share/rclcpp/cmake)
[2.444s] -- Using all available rosidl_typesupport_c: rosidl_typesupport_fastrtps_c;rosidl_typesupport_introspection_c
[2.448s] -- Found rosidl_adapter: 1.3.1 (/opt/ros/foxy/share/rosidl_adapter/cmake)
[2.989s] -- Found OpenSSL: /usr/lib/aarch64-linux-gnu/libcrypto.so (found version "1.1.1f")  
[3.030s] -- Found FastRTPS: /opt/ros/foxy/include  
[3.148s] -- Using all available rosidl_typesupport_cpp: rosidl_typesupport_fastrtps_cpp;rosidl_typesupport_introspection_cpp
[3.200s] -- Found rmw_implementation_cmake: 1.0.4 (/opt/ros/foxy/share/rmw_implementation_cmake/cmake)
[3.201s] -- Using RMW implementation 'rmw_fastrtps_cpp' as default
[3.202s] -- Looking for pthread.h
[3.533s] -- Looking for pthread.h - found
[3.535s] -- Performing Test CMAKE_HAVE_LIBC_PTHREAD
[3.934s] -- Performing Test CMAKE_HAVE_LIBC_PTHREAD - Failed
[3.936s] -- Looking for pthread_create in pthreads
[4.247s] -- Looking for pthread_create in pthreads - not found
[4.248s] -- Looking for pthread_create in pthread
[4.591s] -- Looking for pthread_create in pthread - found
[4.595s] -- Found Threads: TRUE  
[4.751s] -- Found sensor_msgs: 2.0.5 (/opt/ros/foxy/share/sensor_msgs/cmake)
[4.861s] -- Found ament_lint_auto: 0.9.8 (/opt/ros/foxy/share/ament_lint_auto/cmake)
[5.041s] -- Added test 'copyright' to check source files copyright and LICENSE
[5.042s] -- Added test 'cppcheck' to perform static code analysis on C / C++ code
[5.043s] -- Configured cppcheck include dirs: /root/rf-data-collection/src/imu-ros2node/./include
[5.043s] -- Configured cppcheck exclude dirs and/or files: 
[5.044s] -- Added test 'cpplint' to check C / C++ code against the Google style
[5.045s] -- Configured cpplint exclude dirs and/or files: 
[5.045s] -- Added test 'lint_cmake' to check CMake code style
[5.046s] -- Added test 'uncrustify' to check C / C++ code style
[5.046s] -- Configured uncrustify additional arguments: 
[5.047s] -- Added test 'xmllint' to check XML markup files
[5.053s] -- Configuring done
[5.067s] -- Generating done
[5.075s] -- Build files have been written to: /root/rf-data-collection/build/imu-ros2node
[5.102s] Invoked command in '/root/rf-data-collection/build/imu-ros2node' returned '0': CMAKE_PREFIX_PATH=${CMAKE_PREFIX_PATH}:/root/rf-data-collection/src/install/teleop_subscriber:/root/rf-data-collection/src/install/camera_subscriber:/root/rf-data-collection/install/teleop_subscriber:/root/rf-data-collection/install/camera_subscriber:/root/rf-data-collection/src/install/image_subscriber_test:/opt/ros/foxy CONDA_PROMPT_MODIFIER=(base) _=/usr/bin/env /usr/bin/cmake /root/rf-data-collection/src/imu-ros2node -DCMAKE_INSTALL_PREFIX=/root/rf-data-collection/install/imu-ros2node
[5.115s] Invoking command in '/root/rf-data-collection/build/imu-ros2node': CMAKE_PREFIX_PATH=${CMAKE_PREFIX_PATH}:/root/rf-data-collection/src/install/teleop_subscriber:/root/rf-data-collection/src/install/camera_subscriber:/root/rf-data-collection/install/teleop_subscriber:/root/rf-data-collection/install/camera_subscriber:/root/rf-data-collection/src/install/image_subscriber_test:/opt/ros/foxy CONDA_PROMPT_MODIFIER=(base) _=/usr/bin/env /usr/bin/cmake --build /root/rf-data-collection/build/imu-ros2node -- -j8 -l8
[5.276s] [35m[1mScanning dependencies of target imu-ros2test[0m
[5.294s] [35m[1mScanning dependencies of target imu-ros2node[0m
[5.380s] [ 50%] [32mBuilding CXX object CMakeFiles/imu-ros2test.dir/src/imu_node_test.cpp.o[0m
[5.381s] [ 50%] [32mBuilding CXX object CMakeFiles/imu-ros2node.dir/src/imu_node.cpp.o[0m
[9.036s] [ 75%] [32m[1mLinking CXX executable imu-ros2node[0m
[9.439s] [ 75%] Built target imu-ros2node
[11.399s] [100%] [32m[1mLinking CXX executable imu-ros2test[0m
[11.850s] [100%] Built target imu-ros2test
[11.913s] Invoked command in '/root/rf-data-collection/build/imu-ros2node' returned '0': CMAKE_PREFIX_PATH=${CMAKE_PREFIX_PATH}:/root/rf-data-collection/src/install/teleop_subscriber:/root/rf-data-collection/src/install/camera_subscriber:/root/rf-data-collection/install/teleop_subscriber:/root/rf-data-collection/install/camera_subscriber:/root/rf-data-collection/src/install/image_subscriber_test:/opt/ros/foxy CONDA_PROMPT_MODIFIER=(base) _=/usr/bin/env /usr/bin/cmake --build /root/rf-data-collection/build/imu-ros2node -- -j8 -l8
[11.986s] Invoking command in '/root/rf-data-collection/build/imu-ros2node': CMAKE_PREFIX_PATH=${CMAKE_PREFIX_PATH}:/root/rf-data-collection/src/install/teleop_subscriber:/root/rf-data-collection/src/install/camera_subscriber:/root/rf-data-collection/install/teleop_subscriber:/root/rf-data-collection/install/camera_subscriber:/root/rf-data-collection/src/install/image_subscriber_test:/opt/ros/foxy CONDA_PROMPT_MODIFIER=(base) _=/usr/bin/env /usr/bin/cmake --install /root/rf-data-collection/build/imu-ros2node
[12.008s] -- Install configuration: ""
[12.010s] -- Installing: /root/rf-data-collection/install/imu-ros2node/lib/imu-ros2node/imu-ros2node
[12.010s] -- Set runtime path of "/root/rf-data-collection/install/imu-ros2node/lib/imu-ros2node/imu-ros2node" to ""
[12.011s] -- Installing: /root/rf-data-collection/install/imu-ros2node/lib/imu-ros2node/imu-ros2test
[12.013s] -- Set runtime path of "/root/rf-data-collection/install/imu-ros2node/lib/imu-ros2node/imu-ros2test" to ""
[12.015s] -- Installing: /root/rf-data-collection/install/imu-ros2node/share/ament_index/resource_index/package_run_dependencies/imu-ros2node
[12.016s] -- Installing: /root/rf-data-collection/install/imu-ros2node/share/ament_index/resource_index/parent_prefix_path/imu-ros2node
[12.016s] -- Installing: /root/rf-data-collection/install/imu-ros2node/share/imu-ros2node/environment/ament_prefix_path.sh
[12.017s] -- Installing: /root/rf-data-collection/install/imu-ros2node/share/imu-ros2node/environment/ament_prefix_path.dsv
[12.018s] -- Installing: /root/rf-data-collection/install/imu-ros2node/share/imu-ros2node/environment/path.sh
[12.019s] -- Installing: /root/rf-data-collection/install/imu-ros2node/share/imu-ros2node/environment/path.dsv
[12.020s] -- Installing: /root/rf-data-collection/install/imu-ros2node/share/imu-ros2node/local_setup.bash
[12.020s] -- Installing: /root/rf-data-collection/install/imu-ros2node/share/imu-ros2node/local_setup.sh
[12.021s] -- Installing: /root/rf-data-collection/install/imu-ros2node/share/imu-ros2node/local_setup.zsh
[12.023s] -- Installing: /root/rf-data-collection/install/imu-ros2node/share/imu-ros2node/local_setup.dsv
[12.031s] -- Installing: /root/rf-data-collection/install/imu-ros2node/share/imu-ros2node/package.dsv
[12.033s] -- Installing: /root/rf-data-collection/install/imu-ros2node/share/ament_index/resource_index/packages/imu-ros2node
[12.034s] -- Installing: /root/rf-data-collection/install/imu-ros2node/share/imu-ros2node/cmake/imu-ros2nodeConfig.cmake
[12.035s] -- Installing: /root/rf-data-collection/install/imu-ros2node/share/imu-ros2node/cmake/imu-ros2nodeConfig-version.cmake
[12.036s] -- Installing: /root/rf-data-collection/install/imu-ros2node/share/imu-ros2node/package.xml
[12.038s] Invoked command in '/root/rf-data-collection/build/imu-ros2node' returned '0': CMAKE_PREFIX_PATH=${CMAKE_PREFIX_PATH}:/root/rf-data-collection/src/install/teleop_subscriber:/root/rf-data-collection/src/install/camera_subscriber:/root/rf-data-collection/install/teleop_subscriber:/root/rf-data-collection/install/camera_subscriber:/root/rf-data-collection/src/install/image_subscriber_test:/opt/ros/foxy CONDA_PROMPT_MODIFIER=(base) _=/usr/bin/env /usr/bin/cmake --install /root/rf-data-collection/build/imu-ros2node
