[0.082s] Invoking command in '/root/rf-data-collection/build/imu-ros2node': CMAKE_PREFIX_PATH=${CMAKE_PREFIX_PATH}:/root/rf-data-collection/install/utils:/root/rf-data-collection/install/teleop_subscriber:/opt/ros/foxy CONDA_PROMPT_MODIFIER=(base) _=/usr/bin/env /usr/bin/cmake --build /root/rf-data-collection/build/imu-ros2node -- -j8 -l8
[0.375s] [ 50%] Built target imu-ros2node
[0.376s] [100%] Built target imu-ros2test
[0.670s] Invoked command in '/root/rf-data-collection/build/imu-ros2node' returned '0': CMAKE_PREFIX_PATH=${CMAKE_PREFIX_PATH}:/root/rf-data-collection/install/utils:/root/rf-data-collection/install/teleop_subscriber:/opt/ros/foxy CONDA_PROMPT_MODIFIER=(base) _=/usr/bin/env /usr/bin/cmake --build /root/rf-data-collection/build/imu-ros2node -- -j8 -l8
[0.723s] Invoking command in '/root/rf-data-collection/build/imu-ros2node': CMAKE_PREFIX_PATH=${CMAKE_PREFIX_PATH}:/root/rf-data-collection/install/utils:/root/rf-data-collection/install/teleop_subscriber:/opt/ros/foxy CONDA_PROMPT_MODIFIER=(base) _=/usr/bin/env /usr/bin/cmake --install /root/rf-data-collection/build/imu-ros2node
[0.758s] -- Install configuration: ""
[0.758s] -- Up-to-date: /root/rf-data-collection/install/imu-ros2node/lib/imu-ros2node/imu-ros2node
[0.759s] -- Up-to-date: /root/rf-data-collection/install/imu-ros2node/lib/imu-ros2node/imu-ros2test
[0.759s] -- Up-to-date: /root/rf-data-collection/install/imu-ros2node/share/ament_index/resource_index/package_run_dependencies/imu-ros2node
[0.760s] -- Up-to-date: /root/rf-data-collection/install/imu-ros2node/share/ament_index/resource_index/parent_prefix_path/imu-ros2node
[0.760s] -- Up-to-date: /root/rf-data-collection/install/imu-ros2node/share/imu-ros2node/environment/ament_prefix_path.sh
[0.760s] -- Up-to-date: /root/rf-data-collection/install/imu-ros2node/share/imu-ros2node/environment/ament_prefix_path.dsv
[0.761s] -- Up-to-date: /root/rf-data-collection/install/imu-ros2node/share/imu-ros2node/environment/path.sh
[0.761s] -- Up-to-date: /root/rf-data-collection/install/imu-ros2node/share/imu-ros2node/environment/path.dsv
[0.762s] -- Up-to-date: /root/rf-data-collection/install/imu-ros2node/share/imu-ros2node/local_setup.bash
[0.762s] -- Up-to-date: /root/rf-data-collection/install/imu-ros2node/share/imu-ros2node/local_setup.sh
[0.763s] -- Up-to-date: /root/rf-data-collection/install/imu-ros2node/share/imu-ros2node/local_setup.zsh
[0.764s] -- Up-to-date: /root/rf-data-collection/install/imu-ros2node/share/imu-ros2node/local_setup.dsv
[0.765s] -- Installing: /root/rf-data-collection/install/imu-ros2node/share/imu-ros2node/package.dsv
[0.769s] -- Up-to-date: /root/rf-data-collection/install/imu-ros2node/share/ament_index/resource_index/packages/imu-ros2node
[0.769s] -- Up-to-date: /root/rf-data-collection/install/imu-ros2node/share/imu-ros2node/cmake/imu-ros2nodeConfig.cmake
[0.770s] -- Up-to-date: /root/rf-data-collection/install/imu-ros2node/share/imu-ros2node/cmake/imu-ros2nodeConfig-version.cmake
[0.771s] -- Up-to-date: /root/rf-data-collection/install/imu-ros2node/share/imu-ros2node/package.xml
[0.772s] Invoked command in '/root/rf-data-collection/build/imu-ros2node' returned '0': CMAKE_PREFIX_PATH=${CMAKE_PREFIX_PATH}:/root/rf-data-collection/install/utils:/root/rf-data-collection/install/teleop_subscriber:/opt/ros/foxy CONDA_PROMPT_MODIFIER=(base) _=/usr/bin/env /usr/bin/cmake --install /root/rf-data-collection/build/imu-ros2node
