[1.200s] Invoking command in '/root/rf-data-collection/src/utils': CONDA_PROMPT_MODIFIER=(base) PYTHONPATH=/root/rf-data-collection/build/utils/prefix_override:/usr/lib/python3/dist-packages/colcon_core/task/python/colcon_distutils_commands:/root/rf-data-collection/install/utils/lib/python3.8/site-packages:${PYTHONPATH} _=/usr/bin/env /usr/bin/python3 -W ignore:setup.py install is deprecated -W ignore:easy_install command is deprecated setup.py egg_info --egg-base ../../build/utils build --build-base /root/rf-data-collection/build/utils/build install --record /root/rf-data-collection/build/utils/install.log --single-version-externally-managed install_data
[1.448s] running egg_info
[1.449s] writing ../../build/utils/utils.egg-info/PKG-INFO
[1.451s] writing dependency_links to ../../build/utils/utils.egg-info/dependency_links.txt
[1.453s] writing entry points to ../../build/utils/utils.egg-info/entry_points.txt
[1.455s] writing requirements to ../../build/utils/utils.egg-info/requires.txt
[1.456s] writing top-level names to ../../build/utils/utils.egg-info/top_level.txt
[1.477s] reading manifest file '../../build/utils/utils.egg-info/SOURCES.txt'
[1.482s] writing manifest file '../../build/utils/utils.egg-info/SOURCES.txt'
[1.484s] running build
[1.485s] running build_py
[1.488s] running install
[1.490s] running install_lib
[1.493s] running install_data
[1.496s] running install_egg_info
[1.500s] removing '/root/rf-data-collection/install/utils/lib/python3.8/site-packages/utils-0.0.0-py3.8.egg-info' (and everything under it)
[1.502s] Copying ../../build/utils/utils.egg-info to /root/rf-data-collection/install/utils/lib/python3.8/site-packages/utils-0.0.0-py3.8.egg-info
[1.507s] running install_scripts
[1.520s] Installing camera_viewer script to /root/rf-data-collection/install/utils/lib/utils
[1.521s] Installing map_saver script to /root/rf-data-collection/install/utils/lib/utils
[1.523s] writing list of installed files to '/root/rf-data-collection/build/utils/install.log'
[1.553s] Invoked command in '/root/rf-data-collection/src/utils' returned '0': CONDA_PROMPT_MODIFIER=(base) PYTHONPATH=/root/rf-data-collection/build/utils/prefix_override:/usr/lib/python3/dist-packages/colcon_core/task/python/colcon_distutils_commands:/root/rf-data-collection/install/utils/lib/python3.8/site-packages:${PYTHONPATH} _=/usr/bin/env /usr/bin/python3 -W ignore:setup.py install is deprecated -W ignore:easy_install command is deprecated setup.py egg_info --egg-base ../../build/utils build --build-base /root/rf-data-collection/build/utils/build install --record /root/rf-data-collection/build/utils/install.log --single-version-externally-managed install_data
