[0.085s] Invoking command in '/root/rf-data-collection/build/imu-ros2node': CMAKE_PREFIX_PATH=${CMAKE_PREFIX_PATH}:/root/rf-data-collection/install/utils:/root/rf-data-collection/install/teleop_subscriber:/opt/ros/foxy CONDA_PROMPT_MODIFIER=(base) _=/usr/bin/env /usr/bin/cmake --build /root/rf-data-collection/build/imu-ros2node -- -j8 -l8
[0.421s] [ 50%] Built target imu-ros2node
[0.427s] [100%] Built target imu-ros2test
[0.797s] Invoked command in '/root/rf-data-collection/build/imu-ros2node' returned '0': CMAKE_PREFIX_PATH=${CMAKE_PREFIX_PATH}:/root/rf-data-collection/install/utils:/root/rf-data-collection/install/teleop_subscriber:/opt/ros/foxy CONDA_PROMPT_MODIFIER=(base) _=/usr/bin/env /usr/bin/cmake --build /root/rf-data-collection/build/imu-ros2node -- -j8 -l8
[0.859s] Invoking command in '/root/rf-data-collection/build/imu-ros2node': CMAKE_PREFIX_PATH=${CMAKE_PREFIX_PATH}:/root/rf-data-collection/install/utils:/root/rf-data-collection/install/teleop_subscriber:/opt/ros/foxy CONDA_PROMPT_MODIFIER=(base) _=/usr/bin/env /usr/bin/cmake --install /root/rf-data-collection/build/imu-ros2node
[0.908s] -- Install configuration: ""
[0.911s] -- Up-to-date: /root/rf-data-collection/install/imu-ros2node/lib/imu-ros2node/imu-ros2node
[0.912s] -- Up-to-date: /root/rf-data-collection/install/imu-ros2node/lib/imu-ros2node/imu-ros2test
[0.914s] -- Up-to-date: /root/rf-data-collection/install/imu-ros2node/share/ament_index/resource_index/package_run_dependencies/imu-ros2node
[0.916s] -- Up-to-date: /root/rf-data-collection/install/imu-ros2node/share/ament_index/resource_index/parent_prefix_path/imu-ros2node
[0.918s] -- Up-to-date: /root/rf-data-collection/install/imu-ros2node/share/imu-ros2node/environment/ament_prefix_path.sh
[0.919s] -- Up-to-date: /root/rf-data-collection/install/imu-ros2node/share/imu-ros2node/environment/ament_prefix_path.dsv
[0.921s] -- Up-to-date: /root/rf-data-collection/install/imu-ros2node/share/imu-ros2node/environment/path.sh
[0.924s] -- Up-to-date: /root/rf-data-collection/install/imu-ros2node/share/imu-ros2node/environment/path.dsv
[0.926s] -- Up-to-date: /root/rf-data-collection/install/imu-ros2node/share/imu-ros2node/local_setup.bash
[0.931s] -- Up-to-date: /root/rf-data-collection/install/imu-ros2node/share/imu-ros2node/local_setup.sh
[0.932s] -- Up-to-date: /root/rf-data-collection/install/imu-ros2node/share/imu-ros2node/local_setup.zsh
[0.933s] -- Up-to-date: /root/rf-data-collection/install/imu-ros2node/share/imu-ros2node/local_setup.dsv
[0.936s] -- Installing: /root/rf-data-collection/install/imu-ros2node/share/imu-ros2node/package.dsv
[0.938s] -- Up-to-date: /root/rf-data-collection/install/imu-ros2node/share/ament_index/resource_index/packages/imu-ros2node
[0.940s] -- Up-to-date: /root/rf-data-collection/install/imu-ros2node/share/imu-ros2node/cmake/imu-ros2nodeConfig.cmake
[0.941s] -- Up-to-date: /root/rf-data-collection/install/imu-ros2node/share/imu-ros2node/cmake/imu-ros2nodeConfig-version.cmake
[0.943s] -- Up-to-date: /root/rf-data-collection/install/imu-ros2node/share/imu-ros2node/package.xml
[0.945s] Invoked command in '/root/rf-data-collection/build/imu-ros2node' returned '0': CMAKE_PREFIX_PATH=${CMAKE_PREFIX_PATH}:/root/rf-data-collection/install/utils:/root/rf-data-collection/install/teleop_subscriber:/opt/ros/foxy CONDA_PROMPT_MODIFIER=(base) _=/usr/bin/env /usr/bin/cmake --install /root/rf-data-collection/build/imu-ros2node
