[0.305s] DEBUG:colcon:Command line arguments: ['/usr/bin/colcon', 'build']
[0.305s] DEBUG:colcon:Parsed command line arguments: Namespace(allow_overriding=[], ament_cmake_args=None, base_paths=['.'], build_base='build', catkin_cmake_args=None, catkin_skip_building_tests=False, cmake_args=None, cmake_clean_cache=False, cmake_clean_first=False, cmake_force_configure=False, cmake_target=None, cmake_target_skip_unavailable=False, continue_on_error=False, event_handlers=None, executor='parallel', ignore_user_meta=False, install_base='install', log_base=None, log_level=None, main=<bound method BuildVerb.main of <colcon_core.verb.build.BuildVerb object at 0x7fab4fa850>>, merge_install=False, metas=['./colcon.meta'], mixin=None, mixin_files=None, mixin_verb=('build',), packages_above=None, packages_above_and_dependencies=None, packages_above_depth=None, packages_end=None, packages_ignore=None, packages_ignore_regex=None, packages_select=None, packages_select_build_failed=False, packages_select_by_dep=None, packages_select_regex=None, packages_select_test_failures=False, packages_skip=None, packages_skip_build_finished=False, packages_skip_by_dep=None, packages_skip_regex=None, packages_skip_test_passed=False, packages_skip_up_to=None, packages_start=None, packages_up_to=None, packages_up_to_regex=None, parallel_workers=8, paths=None, symlink_install=False, test_result_base=None, verb_extension=<colcon_core.verb.build.BuildVerb object at 0x7fab4fa850>, verb_name='build', verb_parser=<colcon_mixin.mixin.mixin_argument.MixinArgumentDecorator object at 0x7fab4fae50>)
[0.462s] Level 1:colcon.colcon_core.package_discovery:discover_packages(colcon_meta) check parameters
[0.462s] Level 1:colcon.colcon_core.package_discovery:discover_packages(recursive) check parameters
[0.462s] Level 1:colcon.colcon_core.package_discovery:discover_packages(ignore) check parameters
[0.462s] Level 1:colcon.colcon_core.package_discovery:discover_packages(path) check parameters
[0.462s] Level 1:colcon.colcon_core.package_discovery:discover_packages(colcon_meta) discover
[0.462s] Level 1:colcon.colcon_core.package_discovery:discover_packages(recursive) discover
[0.462s] INFO:colcon.colcon_core.package_discovery:Crawling recursively for packages in '/root/rf-data-collection'
[0.462s] Level 1:colcon.colcon_core.package_identification:_identify(.) by extensions ['ignore', 'ignore_ament_install']
[0.462s] Level 1:colcon.colcon_core.package_identification:_identify(.) by extension 'ignore'
[0.463s] Level 1:colcon.colcon_core.package_identification:_identify(.) by extension 'ignore_ament_install'
[0.463s] Level 1:colcon.colcon_core.package_identification:_identify(.) by extensions ['colcon_pkg']
[0.463s] Level 1:colcon.colcon_core.package_identification:_identify(.) by extension 'colcon_pkg'
[0.463s] Level 1:colcon.colcon_core.package_identification:_identify(.) by extensions ['colcon_meta']
[0.463s] Level 1:colcon.colcon_core.package_identification:_identify(.) by extension 'colcon_meta'
[0.463s] Level 1:colcon.colcon_core.package_identification:_identify(.) by extensions ['ros']
[0.463s] Level 1:colcon.colcon_core.package_identification:_identify(.) by extension 'ros'
[0.480s] Level 1:colcon.colcon_core.package_identification:_identify(.) by extensions ['cmake', 'python']
[0.480s] Level 1:colcon.colcon_core.package_identification:_identify(.) by extension 'cmake'
[0.480s] Level 1:colcon.colcon_core.package_identification:_identify(.) by extension 'python'
[0.480s] Level 1:colcon.colcon_core.package_identification:_identify(.) by extensions ['python_setup_py']
[0.480s] Level 1:colcon.colcon_core.package_identification:_identify(.) by extension 'python_setup_py'
[0.480s] Level 1:colcon.colcon_core.package_identification:_identify(build) by extensions ['ignore', 'ignore_ament_install']
[0.480s] Level 1:colcon.colcon_core.package_identification:_identify(build) by extension 'ignore'
[0.480s] Level 1:colcon.colcon_core.package_identification:_identify(build) ignored
[0.480s] Level 1:colcon.colcon_core.package_identification:_identify(install) by extensions ['ignore', 'ignore_ament_install']
[0.480s] Level 1:colcon.colcon_core.package_identification:_identify(install) by extension 'ignore'
[0.480s] Level 1:colcon.colcon_core.package_identification:_identify(install) ignored
[0.481s] Level 1:colcon.colcon_core.package_identification:_identify(log) by extensions ['ignore', 'ignore_ament_install']
[0.481s] Level 1:colcon.colcon_core.package_identification:_identify(log) by extension 'ignore'
[0.481s] Level 1:colcon.colcon_core.package_identification:_identify(log) ignored
[0.481s] Level 1:colcon.colcon_core.package_identification:_identify(src) by extensions ['ignore', 'ignore_ament_install']
[0.481s] Level 1:colcon.colcon_core.package_identification:_identify(src) by extension 'ignore'
[0.481s] Level 1:colcon.colcon_core.package_identification:_identify(src) by extension 'ignore_ament_install'
[0.481s] Level 1:colcon.colcon_core.package_identification:_identify(src) by extensions ['colcon_pkg']
[0.481s] Level 1:colcon.colcon_core.package_identification:_identify(src) by extension 'colcon_pkg'
[0.481s] Level 1:colcon.colcon_core.package_identification:_identify(src) by extensions ['colcon_meta']
[0.481s] Level 1:colcon.colcon_core.package_identification:_identify(src) by extension 'colcon_meta'
[0.481s] Level 1:colcon.colcon_core.package_identification:_identify(src) by extensions ['ros']
[0.481s] Level 1:colcon.colcon_core.package_identification:_identify(src) by extension 'ros'
[0.481s] Level 1:colcon.colcon_core.package_identification:_identify(src) by extensions ['cmake', 'python']
[0.481s] Level 1:colcon.colcon_core.package_identification:_identify(src) by extension 'cmake'
[0.481s] Level 1:colcon.colcon_core.package_identification:_identify(src) by extension 'python'
[0.481s] Level 1:colcon.colcon_core.package_identification:_identify(src) by extensions ['python_setup_py']
[0.481s] Level 1:colcon.colcon_core.package_identification:_identify(src) by extension 'python_setup_py'
[0.481s] Level 1:colcon.colcon_core.package_identification:_identify(src/imu-ros2node) by extensions ['ignore', 'ignore_ament_install']
[0.481s] Level 1:colcon.colcon_core.package_identification:_identify(src/imu-ros2node) by extension 'ignore'
[0.482s] Level 1:colcon.colcon_core.package_identification:_identify(src/imu-ros2node) by extension 'ignore_ament_install'
[0.482s] Level 1:colcon.colcon_core.package_identification:_identify(src/imu-ros2node) by extensions ['colcon_pkg']
[0.482s] Level 1:colcon.colcon_core.package_identification:_identify(src/imu-ros2node) by extension 'colcon_pkg'
[0.482s] Level 1:colcon.colcon_core.package_identification:_identify(src/imu-ros2node) by extensions ['colcon_meta']
[0.482s] Level 1:colcon.colcon_core.package_identification:_identify(src/imu-ros2node) by extension 'colcon_meta'
[0.482s] Level 1:colcon.colcon_core.package_identification:_identify(src/imu-ros2node) by extensions ['ros']
[0.482s] Level 1:colcon.colcon_core.package_identification:_identify(src/imu-ros2node) by extension 'ros'
[0.486s] DEBUG:colcon.colcon_core.package_identification:Package 'src/imu-ros2node' with type 'ros.ament_cmake' and name 'imu-ros2node'
[0.486s] Level 1:colcon.colcon_core.package_identification:_identify(src/teleop_subscriber) by extensions ['ignore', 'ignore_ament_install']
[0.486s] Level 1:colcon.colcon_core.package_identification:_identify(src/teleop_subscriber) by extension 'ignore'
[0.486s] Level 1:colcon.colcon_core.package_identification:_identify(src/teleop_subscriber) by extension 'ignore_ament_install'
[0.486s] Level 1:colcon.colcon_core.package_identification:_identify(src/teleop_subscriber) by extensions ['colcon_pkg']
[0.486s] Level 1:colcon.colcon_core.package_identification:_identify(src/teleop_subscriber) by extension 'colcon_pkg'
[0.486s] Level 1:colcon.colcon_core.package_identification:_identify(src/teleop_subscriber) by extensions ['colcon_meta']
[0.486s] Level 1:colcon.colcon_core.package_identification:_identify(src/teleop_subscriber) by extension 'colcon_meta'
[0.486s] Level 1:colcon.colcon_core.package_identification:_identify(src/teleop_subscriber) by extensions ['ros']
[0.486s] Level 1:colcon.colcon_core.package_identification:_identify(src/teleop_subscriber) by extension 'ros'
[0.487s] DEBUG:colcon.colcon_core.package_identification:Package 'src/teleop_subscriber' with type 'ros.ament_python' and name 'teleop_subscriber'
[0.487s] Level 1:colcon.colcon_core.package_identification:_identify(src/utils) by extensions ['ignore', 'ignore_ament_install']
[0.487s] Level 1:colcon.colcon_core.package_identification:_identify(src/utils) by extension 'ignore'
[0.487s] Level 1:colcon.colcon_core.package_identification:_identify(src/utils) by extension 'ignore_ament_install'
[0.488s] Level 1:colcon.colcon_core.package_identification:_identify(src/utils) by extensions ['colcon_pkg']
[0.488s] Level 1:colcon.colcon_core.package_identification:_identify(src/utils) by extension 'colcon_pkg'
[0.488s] Level 1:colcon.colcon_core.package_identification:_identify(src/utils) by extensions ['colcon_meta']
[0.488s] Level 1:colcon.colcon_core.package_identification:_identify(src/utils) by extension 'colcon_meta'
[0.488s] Level 1:colcon.colcon_core.package_identification:_identify(src/utils) by extensions ['ros']
[0.488s] Level 1:colcon.colcon_core.package_identification:_identify(src/utils) by extension 'ros'
[0.488s] DEBUG:colcon.colcon_core.package_identification:Package 'src/utils' with type 'ros.ament_python' and name 'utils'
[0.488s] Level 1:colcon.colcon_core.package_discovery:discover_packages(recursive) using defaults
[0.488s] Level 1:colcon.colcon_core.package_discovery:discover_packages(ignore) discover
[0.488s] Level 1:colcon.colcon_core.package_discovery:discover_packages(ignore) using defaults
[0.489s] Level 1:colcon.colcon_core.package_discovery:discover_packages(path) discover
[0.489s] Level 1:colcon.colcon_core.package_discovery:discover_packages(path) using defaults
[0.515s] Level 1:colcon.colcon_core.package_discovery:discover_packages(prefix_path) check parameters
[0.515s] Level 1:colcon.colcon_core.package_discovery:discover_packages(prefix_path) discover
[0.519s] DEBUG:colcon.colcon_installed_package_information.package_discovery:Found 280 installed packages in /opt/ros/foxy
[0.520s] Level 1:colcon.colcon_core.package_discovery:discover_packages(prefix_path) using defaults
[0.593s] Level 5:colcon.colcon_core.verb:set package 'imu-ros2node' build argument 'cmake_args' from command line to 'None'
[0.593s] Level 5:colcon.colcon_core.verb:set package 'imu-ros2node' build argument 'cmake_target' from command line to 'None'
[0.593s] Level 5:colcon.colcon_core.verb:set package 'imu-ros2node' build argument 'cmake_target_skip_unavailable' from command line to 'False'
[0.593s] Level 5:colcon.colcon_core.verb:set package 'imu-ros2node' build argument 'cmake_clean_cache' from command line to 'False'
[0.593s] Level 5:colcon.colcon_core.verb:set package 'imu-ros2node' build argument 'cmake_clean_first' from command line to 'False'
[0.593s] Level 5:colcon.colcon_core.verb:set package 'imu-ros2node' build argument 'cmake_force_configure' from command line to 'False'
[0.593s] Level 5:colcon.colcon_core.verb:set package 'imu-ros2node' build argument 'ament_cmake_args' from command line to 'None'
[0.593s] Level 5:colcon.colcon_core.verb:set package 'imu-ros2node' build argument 'catkin_cmake_args' from command line to 'None'
[0.593s] Level 5:colcon.colcon_core.verb:set package 'imu-ros2node' build argument 'catkin_skip_building_tests' from command line to 'False'
[0.593s] DEBUG:colcon.colcon_core.verb:Building package 'imu-ros2node' with the following arguments: {'ament_cmake_args': None, 'build_base': '/root/rf-data-collection/build/imu-ros2node', 'catkin_cmake_args': None, 'catkin_skip_building_tests': False, 'cmake_args': None, 'cmake_clean_cache': False, 'cmake_clean_first': False, 'cmake_force_configure': False, 'cmake_target': None, 'cmake_target_skip_unavailable': False, 'install_base': '/root/rf-data-collection/install/imu-ros2node', 'merge_install': False, 'path': '/root/rf-data-collection/src/imu-ros2node', 'symlink_install': False, 'test_result_base': None}
[0.593s] Level 5:colcon.colcon_core.verb:set package 'teleop_subscriber' build argument 'cmake_args' from command line to 'None'
[0.593s] Level 5:colcon.colcon_core.verb:set package 'teleop_subscriber' build argument 'cmake_target' from command line to 'None'
[0.593s] Level 5:colcon.colcon_core.verb:set package 'teleop_subscriber' build argument 'cmake_target_skip_unavailable' from command line to 'False'
[0.594s] Level 5:colcon.colcon_core.verb:set package 'teleop_subscriber' build argument 'cmake_clean_cache' from command line to 'False'
[0.594s] Level 5:colcon.colcon_core.verb:set package 'teleop_subscriber' build argument 'cmake_clean_first' from command line to 'False'
[0.594s] Level 5:colcon.colcon_core.verb:set package 'teleop_subscriber' build argument 'cmake_force_configure' from command line to 'False'
[0.594s] Level 5:colcon.colcon_core.verb:set package 'teleop_subscriber' build argument 'ament_cmake_args' from command line to 'None'
[0.594s] Level 5:colcon.colcon_core.verb:set package 'teleop_subscriber' build argument 'catkin_cmake_args' from command line to 'None'
[0.594s] Level 5:colcon.colcon_core.verb:set package 'teleop_subscriber' build argument 'catkin_skip_building_tests' from command line to 'False'
[0.594s] DEBUG:colcon.colcon_core.verb:Building package 'teleop_subscriber' with the following arguments: {'ament_cmake_args': None, 'build_base': '/root/rf-data-collection/build/teleop_subscriber', 'catkin_cmake_args': None, 'catkin_skip_building_tests': False, 'cmake_args': None, 'cmake_clean_cache': False, 'cmake_clean_first': False, 'cmake_force_configure': False, 'cmake_target': None, 'cmake_target_skip_unavailable': False, 'install_base': '/root/rf-data-collection/install/teleop_subscriber', 'merge_install': False, 'path': '/root/rf-data-collection/src/teleop_subscriber', 'symlink_install': False, 'test_result_base': None}
[0.594s] Level 5:colcon.colcon_core.verb:set package 'utils' build argument 'cmake_args' from command line to 'None'
[0.594s] Level 5:colcon.colcon_core.verb:set package 'utils' build argument 'cmake_target' from command line to 'None'
[0.594s] Level 5:colcon.colcon_core.verb:set package 'utils' build argument 'cmake_target_skip_unavailable' from command line to 'False'
[0.594s] Level 5:colcon.colcon_core.verb:set package 'utils' build argument 'cmake_clean_cache' from command line to 'False'
[0.594s] Level 5:colcon.colcon_core.verb:set package 'utils' build argument 'cmake_clean_first' from command line to 'False'
[0.594s] Level 5:colcon.colcon_core.verb:set package 'utils' build argument 'cmake_force_configure' from command line to 'False'
[0.594s] Level 5:colcon.colcon_core.verb:set package 'utils' build argument 'ament_cmake_args' from command line to 'None'
[0.594s] Level 5:colcon.colcon_core.verb:set package 'utils' build argument 'catkin_cmake_args' from command line to 'None'
[0.594s] Level 5:colcon.colcon_core.verb:set package 'utils' build argument 'catkin_skip_building_tests' from command line to 'False'
[0.594s] DEBUG:colcon.colcon_core.verb:Building package 'utils' with the following arguments: {'ament_cmake_args': None, 'build_base': '/root/rf-data-collection/build/utils', 'catkin_cmake_args': None, 'catkin_skip_building_tests': False, 'cmake_args': None, 'cmake_clean_cache': False, 'cmake_clean_first': False, 'cmake_force_configure': False, 'cmake_target': None, 'cmake_target_skip_unavailable': False, 'install_base': '/root/rf-data-collection/install/utils', 'merge_install': False, 'path': '/root/rf-data-collection/src/utils', 'symlink_install': False, 'test_result_base': None}
[0.594s] INFO:colcon.colcon_core.executor:Executing jobs using 'parallel' executor
[0.603s] DEBUG:colcon.colcon_parallel_executor.executor.parallel:run_until_complete
[0.604s] INFO:colcon.colcon_ros.task.ament_cmake.build:Building ROS package in '/root/rf-data-collection/src/imu-ros2node' with build type 'ament_cmake'
[0.604s] INFO:colcon.colcon_cmake.task.cmake.build:Building CMake package in '/root/rf-data-collection/src/imu-ros2node'
[0.613s] INFO:colcon.colcon_core.plugin_system:Skipping extension 'colcon_core.shell.bat': Not used on non-Windows systems
[0.613s] INFO:colcon.colcon_core.shell:Skip shell extension 'powershell' for command environment: Not usable outside of PowerShell
[0.613s] DEBUG:colcon.colcon_core.shell:Skip shell extension 'dsv' for command environment
[0.635s] INFO:colcon.colcon_ros.task.ament_python.build:Building ROS package in '/root/rf-data-collection/src/teleop_subscriber' with build type 'ament_python'
[0.638s] Level 1:colcon.colcon_core.shell:create_environment_hook('teleop_subscriber', 'ament_prefix_path')
[0.639s] INFO:colcon.colcon_core.shell:Creating environment hook '/root/rf-data-collection/install/teleop_subscriber/share/teleop_subscriber/hook/ament_prefix_path.ps1'
[0.642s] INFO:colcon.colcon_core.shell:Creating environment descriptor '/root/rf-data-collection/install/teleop_subscriber/share/teleop_subscriber/hook/ament_prefix_path.dsv'
[0.643s] INFO:colcon.colcon_core.shell:Creating environment hook '/root/rf-data-collection/install/teleop_subscriber/share/teleop_subscriber/hook/ament_prefix_path.sh'
[0.645s] INFO:colcon.colcon_core.shell:Skip shell extension 'powershell' for command environment: Not usable outside of PowerShell
[0.645s] DEBUG:colcon.colcon_core.shell:Skip shell extension 'dsv' for command environment
[0.658s] INFO:colcon.colcon_ros.task.ament_python.build:Building ROS package in '/root/rf-data-collection/src/utils' with build type 'ament_python'
[0.659s] Level 1:colcon.colcon_core.shell:create_environment_hook('utils', 'ament_prefix_path')
[0.660s] INFO:colcon.colcon_core.shell:Creating environment hook '/root/rf-data-collection/install/utils/share/utils/hook/ament_prefix_path.ps1'
[0.661s] INFO:colcon.colcon_core.shell:Creating environment descriptor '/root/rf-data-collection/install/utils/share/utils/hook/ament_prefix_path.dsv'
[0.662s] INFO:colcon.colcon_core.shell:Creating environment hook '/root/rf-data-collection/install/utils/share/utils/hook/ament_prefix_path.sh'
[0.664s] INFO:colcon.colcon_core.shell:Skip shell extension 'powershell' for command environment: Not usable outside of PowerShell
[0.664s] DEBUG:colcon.colcon_core.shell:Skip shell extension 'dsv' for command environment
[0.701s] DEBUG:colcon.colcon_core.event_handler.log_command:Invoking command in '/root/rf-data-collection/build/imu-ros2node': CMAKE_PREFIX_PATH=/opt/ros/foxy CONDA_PROMPT_MODIFIER=(base) _=/usr/bin/env /usr/bin/cmake --build /root/rf-data-collection/build/imu-ros2node -- -j8 -l8
[0.977s] INFO:colcon.colcon_core.task.python.build:Building Python package in '/root/rf-data-collection/src/teleop_subscriber'
[0.984s] INFO:colcon.colcon_core.shell:Skip shell extension 'powershell' for command environment: Not usable outside of PowerShell
[0.984s] DEBUG:colcon.colcon_core.shell:Skip shell extension 'dsv' for command environment
[1.259s] INFO:colcon.colcon_core.task.python.build:Building Python package in '/root/rf-data-collection/src/utils'
[1.260s] INFO:colcon.colcon_core.shell:Skip shell extension 'powershell' for command environment: Not usable outside of PowerShell
[1.261s] DEBUG:colcon.colcon_core.shell:Skip shell extension 'dsv' for command environment
[1.300s] DEBUG:colcon.colcon_core.event_handler.log_command:Invoked command in '/root/rf-data-collection/build/imu-ros2node' returned '0': CMAKE_PREFIX_PATH=/opt/ros/foxy CONDA_PROMPT_MODIFIER=(base) _=/usr/bin/env /usr/bin/cmake --build /root/rf-data-collection/build/imu-ros2node -- -j8 -l8
[1.371s] DEBUG:colcon.colcon_core.event_handler.log_command:Invoking command in '/root/rf-data-collection/build/imu-ros2node': CMAKE_PREFIX_PATH=/opt/ros/foxy CONDA_PROMPT_MODIFIER=(base) _=/usr/bin/env /usr/bin/cmake --install /root/rf-data-collection/build/imu-ros2node
[1.435s] Level 1:colcon.colcon_core.environment:create_environment_scripts_only(imu-ros2node)
[1.438s] DEBUG:colcon.colcon_core.event_handler.log_command:Invoked command in '/root/rf-data-collection/build/imu-ros2node' returned '0': CMAKE_PREFIX_PATH=/opt/ros/foxy CONDA_PROMPT_MODIFIER=(base) _=/usr/bin/env /usr/bin/cmake --install /root/rf-data-collection/build/imu-ros2node
[1.455s] Level 1:colcon.colcon_core.environment:checking '/root/rf-data-collection/install/imu-ros2node' for CMake module files
[1.459s] Level 1:colcon.colcon_core.environment:checking '/root/rf-data-collection/install/imu-ros2node' for CMake config files
[1.460s] Level 1:colcon.colcon_core.shell:create_environment_hook('imu-ros2node', 'cmake_prefix_path')
[1.460s] INFO:colcon.colcon_core.shell:Creating environment hook '/root/rf-data-collection/install/imu-ros2node/share/imu-ros2node/hook/cmake_prefix_path.ps1'
[1.461s] INFO:colcon.colcon_core.shell:Creating environment descriptor '/root/rf-data-collection/install/imu-ros2node/share/imu-ros2node/hook/cmake_prefix_path.dsv'
[1.461s] INFO:colcon.colcon_core.shell:Creating environment hook '/root/rf-data-collection/install/imu-ros2node/share/imu-ros2node/hook/cmake_prefix_path.sh'
[1.462s] Level 1:colcon.colcon_core.environment:checking '/root/rf-data-collection/install/imu-ros2node/lib'
[1.463s] Level 1:colcon.colcon_core.environment:checking '/root/rf-data-collection/install/imu-ros2node/bin'
[1.463s] Level 1:colcon.colcon_core.environment:checking '/root/rf-data-collection/install/imu-ros2node/lib/pkgconfig/imu-ros2node.pc'
[1.463s] Level 1:colcon.colcon_core.environment:checking '/root/rf-data-collection/install/imu-ros2node/lib/python3.8/site-packages'
[1.463s] Level 1:colcon.colcon_core.environment:checking '/root/rf-data-collection/install/imu-ros2node/bin'
[1.464s] INFO:colcon.colcon_core.shell:Creating package script '/root/rf-data-collection/install/imu-ros2node/share/imu-ros2node/package.ps1'
[1.465s] INFO:colcon.colcon_core.shell:Creating package descriptor '/root/rf-data-collection/install/imu-ros2node/share/imu-ros2node/package.dsv'
[1.466s] INFO:colcon.colcon_core.shell:Creating package script '/root/rf-data-collection/install/imu-ros2node/share/imu-ros2node/package.sh'
[1.467s] INFO:colcon.colcon_core.shell:Creating package script '/root/rf-data-collection/install/imu-ros2node/share/imu-ros2node/package.bash'
[1.469s] INFO:colcon.colcon_core.shell:Creating package script '/root/rf-data-collection/install/imu-ros2node/share/imu-ros2node/package.zsh'
[1.471s] Level 1:colcon.colcon_core.environment:create_file_with_runtime_dependencies(/root/rf-data-collection/install/imu-ros2node/share/colcon-core/packages/imu-ros2node)
[1.472s] Level 1:colcon.colcon_core.environment:create_environment_scripts_only(imu-ros2node)
[1.472s] Level 1:colcon.colcon_core.environment:checking '/root/rf-data-collection/install/imu-ros2node' for CMake module files
[1.472s] Level 1:colcon.colcon_core.environment:checking '/root/rf-data-collection/install/imu-ros2node' for CMake config files
[1.473s] Level 1:colcon.colcon_core.shell:create_environment_hook('imu-ros2node', 'cmake_prefix_path')
[1.473s] INFO:colcon.colcon_core.shell:Creating environment hook '/root/rf-data-collection/install/imu-ros2node/share/imu-ros2node/hook/cmake_prefix_path.ps1'
[1.474s] INFO:colcon.colcon_core.shell:Creating environment descriptor '/root/rf-data-collection/install/imu-ros2node/share/imu-ros2node/hook/cmake_prefix_path.dsv'
[1.474s] INFO:colcon.colcon_core.shell:Creating environment hook '/root/rf-data-collection/install/imu-ros2node/share/imu-ros2node/hook/cmake_prefix_path.sh'
[1.475s] Level 1:colcon.colcon_core.environment:checking '/root/rf-data-collection/install/imu-ros2node/lib'
[1.475s] Level 1:colcon.colcon_core.environment:checking '/root/rf-data-collection/install/imu-ros2node/bin'
[1.475s] Level 1:colcon.colcon_core.environment:checking '/root/rf-data-collection/install/imu-ros2node/lib/pkgconfig/imu-ros2node.pc'
[1.475s] Level 1:colcon.colcon_core.environment:checking '/root/rf-data-collection/install/imu-ros2node/lib/python3.8/site-packages'
[1.475s] Level 1:colcon.colcon_core.environment:checking '/root/rf-data-collection/install/imu-ros2node/bin'
[1.476s] INFO:colcon.colcon_core.shell:Creating package script '/root/rf-data-collection/install/imu-ros2node/share/imu-ros2node/package.ps1'
[1.476s] INFO:colcon.colcon_core.shell:Creating package descriptor '/root/rf-data-collection/install/imu-ros2node/share/imu-ros2node/package.dsv'
[1.477s] INFO:colcon.colcon_core.shell:Creating package script '/root/rf-data-collection/install/imu-ros2node/share/imu-ros2node/package.sh'
[1.478s] INFO:colcon.colcon_core.shell:Creating package script '/root/rf-data-collection/install/imu-ros2node/share/imu-ros2node/package.bash'
[1.478s] INFO:colcon.colcon_core.shell:Creating package script '/root/rf-data-collection/install/imu-ros2node/share/imu-ros2node/package.zsh'
[1.479s] Level 1:colcon.colcon_core.environment:create_file_with_runtime_dependencies(/root/rf-data-collection/install/imu-ros2node/share/colcon-core/packages/imu-ros2node)
[1.997s] DEBUG:colcon.colcon_core.event_handler.log_command:Invoking command in '/root/rf-data-collection/src/utils': CONDA_PROMPT_MODIFIER=(base) PYTHONPATH=/root/rf-data-collection/build/utils/prefix_override:/usr/lib/python3/dist-packages/colcon_core/task/python/colcon_distutils_commands:/root/rf-data-collection/install/utils/lib/python3.8/site-packages:${PYTHONPATH} _=/usr/bin/env /usr/bin/python3 -W ignore:setup.py install is deprecated -W ignore:easy_install command is deprecated setup.py egg_info --egg-base ../../build/utils build --build-base /root/rf-data-collection/build/utils/build install --record /root/rf-data-collection/build/utils/install.log --single-version-externally-managed install_data
[2.022s] DEBUG:colcon.colcon_core.event_handler.log_command:Invoking command in '/root/rf-data-collection/src/teleop_subscriber': CONDA_PROMPT_MODIFIER=(base) PYTHONPATH=/root/rf-data-collection/build/teleop_subscriber/prefix_override:/usr/lib/python3/dist-packages/colcon_core/task/python/colcon_distutils_commands:/root/rf-data-collection/install/teleop_subscriber/lib/python3.8/site-packages:${PYTHONPATH} _=/usr/bin/env /usr/bin/python3 -W ignore:setup.py install is deprecated -W ignore:easy_install command is deprecated setup.py egg_info --egg-base ../../build/teleop_subscriber build --build-base /root/rf-data-collection/build/teleop_subscriber/build install --record /root/rf-data-collection/build/teleop_subscriber/install.log --install-scripts $base/lib/teleop_subscriber --single-version-externally-managed install_data
[2.336s] Level 1:colcon.colcon_core.environment:checking '/root/rf-data-collection/install/utils' for CMake module files
[2.340s] DEBUG:colcon.colcon_core.event_handler.log_command:Invoked command in '/root/rf-data-collection/src/utils' returned '0': CONDA_PROMPT_MODIFIER=(base) PYTHONPATH=/root/rf-data-collection/build/utils/prefix_override:/usr/lib/python3/dist-packages/colcon_core/task/python/colcon_distutils_commands:/root/rf-data-collection/install/utils/lib/python3.8/site-packages:${PYTHONPATH} _=/usr/bin/env /usr/bin/python3 -W ignore:setup.py install is deprecated -W ignore:easy_install command is deprecated setup.py egg_info --egg-base ../../build/utils build --build-base /root/rf-data-collection/build/utils/build install --record /root/rf-data-collection/build/utils/install.log --single-version-externally-managed install_data
[2.347s] Level 1:colcon.colcon_core.environment:checking '/root/rf-data-collection/install/utils' for CMake config files
[2.353s] Level 1:colcon.colcon_core.environment:checking '/root/rf-data-collection/install/utils/lib'
[2.354s] Level 1:colcon.colcon_core.environment:checking '/root/rf-data-collection/install/utils/bin'
[2.355s] Level 1:colcon.colcon_core.environment:checking '/root/rf-data-collection/install/utils/lib/pkgconfig/utils.pc'
[2.357s] Level 1:colcon.colcon_core.environment:checking '/root/rf-data-collection/install/utils/lib/python3.8/site-packages'
[2.358s] Level 1:colcon.colcon_core.shell:create_environment_hook('utils', 'pythonpath')
[2.360s] INFO:colcon.colcon_core.shell:Creating environment hook '/root/rf-data-collection/install/utils/share/utils/hook/pythonpath.ps1'
[2.365s] INFO:colcon.colcon_core.shell:Creating environment descriptor '/root/rf-data-collection/install/utils/share/utils/hook/pythonpath.dsv'
[2.369s] INFO:colcon.colcon_core.shell:Creating environment hook '/root/rf-data-collection/install/utils/share/utils/hook/pythonpath.sh'
[2.373s] Level 1:colcon.colcon_core.environment:checking '/root/rf-data-collection/install/utils/bin'
[2.373s] Level 1:colcon.colcon_core.environment:create_environment_scripts_only(utils)
[2.375s] INFO:colcon.colcon_core.shell:Creating package script '/root/rf-data-collection/install/utils/share/utils/package.ps1'
[2.379s] INFO:colcon.colcon_core.shell:Creating package descriptor '/root/rf-data-collection/install/utils/share/utils/package.dsv'
[2.382s] INFO:colcon.colcon_core.shell:Creating package script '/root/rf-data-collection/install/utils/share/utils/package.sh'
[2.384s] INFO:colcon.colcon_core.shell:Creating package script '/root/rf-data-collection/install/utils/share/utils/package.bash'
[2.386s] INFO:colcon.colcon_core.shell:Creating package script '/root/rf-data-collection/install/utils/share/utils/package.zsh'
[2.388s] Level 1:colcon.colcon_core.environment:create_file_with_runtime_dependencies(/root/rf-data-collection/install/utils/share/colcon-core/packages/utils)
[2.394s] Level 1:colcon.colcon_core.environment:checking '/root/rf-data-collection/install/teleop_subscriber' for CMake module files
[2.397s] DEBUG:colcon.colcon_core.event_handler.log_command:Invoked command in '/root/rf-data-collection/src/teleop_subscriber' returned '0': CONDA_PROMPT_MODIFIER=(base) PYTHONPATH=/root/rf-data-collection/build/teleop_subscriber/prefix_override:/usr/lib/python3/dist-packages/colcon_core/task/python/colcon_distutils_commands:/root/rf-data-collection/install/teleop_subscriber/lib/python3.8/site-packages:${PYTHONPATH} _=/usr/bin/env /usr/bin/python3 -W ignore:setup.py install is deprecated -W ignore:easy_install command is deprecated setup.py egg_info --egg-base ../../build/teleop_subscriber build --build-base /root/rf-data-collection/build/teleop_subscriber/build install --record /root/rf-data-collection/build/teleop_subscriber/install.log --install-scripts $base/lib/teleop_subscriber --single-version-externally-managed install_data
[2.399s] Level 1:colcon.colcon_core.environment:checking '/root/rf-data-collection/install/teleop_subscriber' for CMake config files
[2.402s] Level 1:colcon.colcon_core.environment:checking '/root/rf-data-collection/install/teleop_subscriber/lib'
[2.403s] Level 1:colcon.colcon_core.environment:checking '/root/rf-data-collection/install/teleop_subscriber/bin'
[2.403s] Level 1:colcon.colcon_core.environment:checking '/root/rf-data-collection/install/teleop_subscriber/lib/pkgconfig/teleop_subscriber.pc'
[2.404s] Level 1:colcon.colcon_core.environment:checking '/root/rf-data-collection/install/teleop_subscriber/lib/python3.8/site-packages'
[2.404s] Level 1:colcon.colcon_core.shell:create_environment_hook('teleop_subscriber', 'pythonpath')
[2.405s] INFO:colcon.colcon_core.shell:Creating environment hook '/root/rf-data-collection/install/teleop_subscriber/share/teleop_subscriber/hook/pythonpath.ps1'
[2.407s] INFO:colcon.colcon_core.shell:Creating environment descriptor '/root/rf-data-collection/install/teleop_subscriber/share/teleop_subscriber/hook/pythonpath.dsv'
[2.409s] INFO:colcon.colcon_core.shell:Creating environment hook '/root/rf-data-collection/install/teleop_subscriber/share/teleop_subscriber/hook/pythonpath.sh'
[2.411s] Level 1:colcon.colcon_core.environment:checking '/root/rf-data-collection/install/teleop_subscriber/bin'
[2.411s] Level 1:colcon.colcon_core.environment:create_environment_scripts_only(teleop_subscriber)
[2.413s] INFO:colcon.colcon_core.shell:Creating package script '/root/rf-data-collection/install/teleop_subscriber/share/teleop_subscriber/package.ps1'
[2.415s] INFO:colcon.colcon_core.shell:Creating package descriptor '/root/rf-data-collection/install/teleop_subscriber/share/teleop_subscriber/package.dsv'
[2.417s] INFO:colcon.colcon_core.shell:Creating package script '/root/rf-data-collection/install/teleop_subscriber/share/teleop_subscriber/package.sh'
[2.418s] INFO:colcon.colcon_core.shell:Creating package script '/root/rf-data-collection/install/teleop_subscriber/share/teleop_subscriber/package.bash'
[2.420s] INFO:colcon.colcon_core.shell:Creating package script '/root/rf-data-collection/install/teleop_subscriber/share/teleop_subscriber/package.zsh'
[2.421s] Level 1:colcon.colcon_core.environment:create_file_with_runtime_dependencies(/root/rf-data-collection/install/teleop_subscriber/share/colcon-core/packages/teleop_subscriber)
[2.421s] DEBUG:colcon.colcon_parallel_executor.executor.parallel:closing loop
[2.422s] DEBUG:colcon.colcon_parallel_executor.executor.parallel:loop closed
[2.422s] DEBUG:colcon.colcon_parallel_executor.executor.parallel:run_until_complete finished with '0'
[2.422s] DEBUG:colcon.colcon_core.event_reactor:joining thread
[2.473s] INFO:colcon.colcon_core.plugin_system:Skipping extension 'colcon_notification.desktop_notification.notify_send': Could not find 'notify-send'
[2.474s] INFO:colcon.colcon_core.plugin_system:Skipping extension 'colcon_notification.desktop_notification.terminal_notifier': Not used on non-Darwin systems
[2.474s] INFO:colcon.colcon_core.plugin_system:Skipping extension 'colcon_notification.desktop_notification.win32': Not used on non-Windows systems
[2.474s] INFO:colcon.colcon_notification.desktop_notification:Sending desktop notification using 'notify2'
[2.512s] DEBUG:colcon.colcon_notification.desktop_notification.notify2:Failed to initialize notify2: org.freedesktop.DBus.Error.ServiceUnknown: The name org.freedesktop.Notifications was not provided by any .service files
[2.516s] DEBUG:colcon.colcon_core.event_reactor:joined thread
[2.517s] INFO:colcon.colcon_core.shell:Creating prefix script '/root/rf-data-collection/install/local_setup.ps1'
[2.524s] INFO:colcon.colcon_core.shell:Creating prefix util module '/root/rf-data-collection/install/_local_setup_util_ps1.py'
[2.531s] INFO:colcon.colcon_core.shell:Creating prefix chain script '/root/rf-data-collection/install/setup.ps1'
[2.535s] INFO:colcon.colcon_core.shell:Creating prefix script '/root/rf-data-collection/install/local_setup.sh'
[2.536s] INFO:colcon.colcon_core.shell:Creating prefix util module '/root/rf-data-collection/install/_local_setup_util_sh.py'
[2.538s] INFO:colcon.colcon_core.shell:Creating prefix chain script '/root/rf-data-collection/install/setup.sh'
[2.540s] INFO:colcon.colcon_core.shell:Creating prefix script '/root/rf-data-collection/install/local_setup.bash'
[2.541s] INFO:colcon.colcon_core.shell:Creating prefix chain script '/root/rf-data-collection/install/setup.bash'
[2.543s] INFO:colcon.colcon_core.shell:Creating prefix script '/root/rf-data-collection/install/local_setup.zsh'
[2.545s] INFO:colcon.colcon_core.shell:Creating prefix chain script '/root/rf-data-collection/install/setup.zsh'
