[0.056s] Invoking command in '/root/qcomm_ws/src/build/imu-ros2node': CMAKE_PREFIX_PATH=/opt/ros/foxy CONDA_PROMPT_MODIFIER=(base) _=/usr/bin/env /usr/bin/cmake --build /root/qcomm_ws/src/build/imu-ros2node -- -j8 -l8
[0.325s] [ 50%] Built target imu-ros2node
[0.348s] [100%] Built target imu-ros2test
[0.393s] Invoked command in '/root/qcomm_ws/src/build/imu-ros2node' returned '0': CMAKE_PREFIX_PATH=/opt/ros/foxy CONDA_PROMPT_MODIFIER=(base) _=/usr/bin/env /usr/bin/cmake --build /root/qcomm_ws/src/build/imu-ros2node -- -j8 -l8
[0.446s] Invoking command in '/root/qcomm_ws/src/build/imu-ros2node': CMAKE_PREFIX_PATH=/opt/ros/foxy CONDA_PROMPT_MODIFIER=(base) _=/usr/bin/env /usr/bin/cmake --install /root/qcomm_ws/src/build/imu-ros2node
[0.491s] -- Install configuration: ""
[0.492s] -- Up-to-date: /root/qcomm_ws/src/install/imu-ros2node/lib/imu-ros2node/imu-ros2node
[0.494s] -- Up-to-date: /root/qcomm_ws/src/install/imu-ros2node/lib/imu-ros2node/imu-ros2test
[0.495s] -- Up-to-date: /root/qcomm_ws/src/install/imu-ros2node/share/ament_index/resource_index/package_run_dependencies/imu-ros2node
[0.497s] -- Up-to-date: /root/qcomm_ws/src/install/imu-ros2node/share/ament_index/resource_index/parent_prefix_path/imu-ros2node
[0.498s] -- Up-to-date: /root/qcomm_ws/src/install/imu-ros2node/share/imu-ros2node/environment/ament_prefix_path.sh
[0.499s] -- Up-to-date: /root/qcomm_ws/src/install/imu-ros2node/share/imu-ros2node/environment/ament_prefix_path.dsv
[0.500s] -- Up-to-date: /root/qcomm_ws/src/install/imu-ros2node/share/imu-ros2node/environment/path.sh
[0.500s] -- Up-to-date: /root/qcomm_ws/src/install/imu-ros2node/share/imu-ros2node/environment/path.dsv
[0.501s] -- Up-to-date: /root/qcomm_ws/src/install/imu-ros2node/share/imu-ros2node/local_setup.bash
[0.502s] -- Up-to-date: /root/qcomm_ws/src/install/imu-ros2node/share/imu-ros2node/local_setup.sh
[0.503s] -- Up-to-date: /root/qcomm_ws/src/install/imu-ros2node/share/imu-ros2node/local_setup.zsh
[0.503s] -- Up-to-date: /root/qcomm_ws/src/install/imu-ros2node/share/imu-ros2node/local_setup.dsv
[0.504s] -- Installing: /root/qcomm_ws/src/install/imu-ros2node/share/imu-ros2node/package.dsv
[0.504s] -- Up-to-date: /root/qcomm_ws/src/install/imu-ros2node/share/ament_index/resource_index/packages/imu-ros2node
[0.505s] -- Up-to-date: /root/qcomm_ws/src/install/imu-ros2node/share/imu-ros2node/cmake/imu-ros2nodeConfig.cmake
[0.505s] -- Up-to-date: /root/qcomm_ws/src/install/imu-ros2node/share/imu-ros2node/cmake/imu-ros2nodeConfig-version.cmake
[0.506s] -- Up-to-date: /root/qcomm_ws/src/install/imu-ros2node/share/imu-ros2node/package.xml
[0.517s] Invoked command in '/root/qcomm_ws/src/build/imu-ros2node' returned '0': CMAKE_PREFIX_PATH=/opt/ros/foxy CONDA_PROMPT_MODIFIER=(base) _=/usr/bin/env /usr/bin/cmake --install /root/qcomm_ws/src/build/imu-ros2node
