[0.042s] Invoking command in '/root/qcomm_ws/src/build/imu-ros2node': CMAKE_PREFIX_PATH=/opt/ros/foxy CONDA_PROMPT_MODIFIER=(base) _=/usr/bin/env /usr/bin/cmake --build /root/qcomm_ws/src/build/imu-ros2node -- -j8 -l8
[0.369s] [ 50%] Built target imu-ros2node
[0.371s] [100%] Built target imu-ros2test
[0.444s] Invoked command in '/root/qcomm_ws/src/build/imu-ros2node' returned '0': CMAKE_PREFIX_PATH=/opt/ros/foxy CONDA_PROMPT_MODIFIER=(base) _=/usr/bin/env /usr/bin/cmake --build /root/qcomm_ws/src/build/imu-ros2node -- -j8 -l8
[0.498s] Invoking command in '/root/qcomm_ws/src/build/imu-ros2node': CMAKE_PREFIX_PATH=/opt/ros/foxy CONDA_PROMPT_MODIFIER=(base) _=/usr/bin/env /usr/bin/cmake --install /root/qcomm_ws/src/build/imu-ros2node
[0.515s] -- Install configuration: ""
[0.516s] -- Up-to-date: /root/qcomm_ws/src/install/imu-ros2node/lib/imu-ros2node/imu-ros2node
[0.517s] -- Up-to-date: /root/qcomm_ws/src/install/imu-ros2node/lib/imu-ros2node/imu-ros2test
[0.519s] -- Up-to-date: /root/qcomm_ws/src/install/imu-ros2node/share/ament_index/resource_index/package_run_dependencies/imu-ros2node
[0.520s] -- Up-to-date: /root/qcomm_ws/src/install/imu-ros2node/share/ament_index/resource_index/parent_prefix_path/imu-ros2node
[0.521s] -- Up-to-date: /root/qcomm_ws/src/install/imu-ros2node/share/imu-ros2node/environment/ament_prefix_path.sh
[0.523s] -- Up-to-date: /root/qcomm_ws/src/install/imu-ros2node/share/imu-ros2node/environment/ament_prefix_path.dsv
[0.524s] -- Up-to-date: /root/qcomm_ws/src/install/imu-ros2node/share/imu-ros2node/environment/path.sh
[0.526s] -- Up-to-date: /root/qcomm_ws/src/install/imu-ros2node/share/imu-ros2node/environment/path.dsv
[0.529s] -- Up-to-date: /root/qcomm_ws/src/install/imu-ros2node/share/imu-ros2node/local_setup.bash
[0.529s] -- Up-to-date: /root/qcomm_ws/src/install/imu-ros2node/share/imu-ros2node/local_setup.sh
[0.530s] -- Up-to-date: /root/qcomm_ws/src/install/imu-ros2node/share/imu-ros2node/local_setup.zsh
[0.531s] -- Up-to-date: /root/qcomm_ws/src/install/imu-ros2node/share/imu-ros2node/local_setup.dsv
[0.533s] -- Installing: /root/qcomm_ws/src/install/imu-ros2node/share/imu-ros2node/package.dsv
[0.534s] -- Up-to-date: /root/qcomm_ws/src/install/imu-ros2node/share/ament_index/resource_index/packages/imu-ros2node
[0.534s] -- Up-to-date: /root/qcomm_ws/src/install/imu-ros2node/share/imu-ros2node/cmake/imu-ros2nodeConfig.cmake
[0.535s] -- Up-to-date: /root/qcomm_ws/src/install/imu-ros2node/share/imu-ros2node/cmake/imu-ros2nodeConfig-version.cmake
[0.535s] -- Up-to-date: /root/qcomm_ws/src/install/imu-ros2node/share/imu-ros2node/package.xml
[0.536s] Invoked command in '/root/qcomm_ws/src/build/imu-ros2node' returned '0': CMAKE_PREFIX_PATH=/opt/ros/foxy CONDA_PROMPT_MODIFIER=(base) _=/usr/bin/env /usr/bin/cmake --install /root/qcomm_ws/src/build/imu-ros2node
