[1.295s] Invoking command in '/root/rf-data-collection/src/utils': CONDA_PROMPT_MODIFIER=(base) PYTHONPATH=/root/rf-data-collection/build/utils/prefix_override:/usr/lib/python3/dist-packages/colcon_core/task/python/colcon_distutils_commands:/root/rf-data-collection/install/utils/lib/python3.8/site-packages:${PYTHONPATH} _=/usr/bin/env /usr/bin/python3 -W ignore:setup.py install is deprecated -W ignore:easy_install command is deprecated setup.py egg_info --egg-base ../../build/utils build --build-base /root/rf-data-collection/build/utils/build install --record /root/rf-data-collection/build/utils/install.log --single-version-externally-managed install_data
[1.539s] running egg_info
[1.540s] writing ../../build/utils/utils.egg-info/PKG-INFO
[1.542s] writing dependency_links to ../../build/utils/utils.egg-info/dependency_links.txt
[1.543s] writing entry points to ../../build/utils/utils.egg-info/entry_points.txt
[1.544s] writing requirements to ../../build/utils/utils.egg-info/requires.txt
[1.545s] writing top-level names to ../../build/utils/utils.egg-info/top_level.txt
[1.575s] reading manifest file '../../build/utils/utils.egg-info/SOURCES.txt'
[1.581s] writing manifest file '../../build/utils/utils.egg-info/SOURCES.txt'
[1.584s] running build
[1.586s] running build_py
[1.591s] copying utils/map_saver.py -> /root/rf-data-collection/build/utils/build/lib/utils
[1.598s] running install
[1.601s] running install_lib
[1.605s] copying /root/rf-data-collection/build/utils/build/lib/utils/map_saver.py -> /root/rf-data-collection/install/utils/lib/python3.8/site-packages/utils
[1.606s] byte-compiling /root/rf-data-collection/install/utils/lib/python3.8/site-packages/utils/map_saver.py to map_saver.cpython-38.pyc
[1.608s] running install_data
[1.611s] running install_egg_info
[1.614s] removing '/root/rf-data-collection/install/utils/lib/python3.8/site-packages/utils-0.0.0-py3.8.egg-info' (and everything under it)
[1.616s] Copying ../../build/utils/utils.egg-info to /root/rf-data-collection/install/utils/lib/python3.8/site-packages/utils-0.0.0-py3.8.egg-info
[1.619s] running install_scripts
[1.623s] Installing camera_viewer script to /root/rf-data-collection/install/utils/lib/utils
[1.624s] Installing map_saver script to /root/rf-data-collection/install/utils/lib/utils
[1.626s] writing list of installed files to '/root/rf-data-collection/build/utils/install.log'
[1.662s] Invoked command in '/root/rf-data-collection/src/utils' returned '0': CONDA_PROMPT_MODIFIER=(base) PYTHONPATH=/root/rf-data-collection/build/utils/prefix_override:/usr/lib/python3/dist-packages/colcon_core/task/python/colcon_distutils_commands:/root/rf-data-collection/install/utils/lib/python3.8/site-packages:${PYTHONPATH} _=/usr/bin/env /usr/bin/python3 -W ignore:setup.py install is deprecated -W ignore:easy_install command is deprecated setup.py egg_info --egg-base ../../build/utils build --build-base /root/rf-data-collection/build/utils/build install --record /root/rf-data-collection/build/utils/install.log --single-version-externally-managed install_data
