[0.258s] DEBUG:colcon:Command line arguments: ['/usr/bin/colcon', 'build']
[0.258s] DEBUG:colcon:Parsed command line arguments: Namespace(allow_overriding=[], ament_cmake_args=None, base_paths=['.'], build_base='build', catkin_cmake_args=None, catkin_skip_building_tests=False, cmake_args=None, cmake_clean_cache=False, cmake_clean_first=False, cmake_force_configure=False, cmake_target=None, cmake_target_skip_unavailable=False, continue_on_error=False, event_handlers=None, executor='parallel', ignore_user_meta=False, install_base='install', log_base=None, log_level=None, main=<bound method BuildVerb.main of <colcon_core.verb.build.BuildVerb object at 0x7f80fc3520>>, merge_install=False, metas=['./colcon.meta'], mixin=None, mixin_files=None, mixin_verb=('build',), packages_above=None, packages_above_and_dependencies=None, packages_above_depth=None, packages_end=None, packages_ignore=None, packages_ignore_regex=None, packages_select=None, packages_select_build_failed=False, packages_select_by_dep=None, packages_select_regex=None, packages_select_test_failures=False, packages_skip=None, packages_skip_build_finished=False, packages_skip_by_dep=None, packages_skip_regex=None, packages_skip_test_passed=False, packages_skip_up_to=None, packages_start=None, packages_up_to=None, packages_up_to_regex=None, parallel_workers=8, paths=None, symlink_install=False, test_result_base=None, verb_extension=<colcon_core.verb.build.BuildVerb object at 0x7f80fc3520>, verb_name='build', verb_parser=<colcon_mixin.mixin.mixin_argument.MixinArgumentDecorator object at 0x7f80fc3b50>)
[0.402s] Level 1:colcon.colcon_core.package_discovery:discover_packages(colcon_meta) check parameters
[0.402s] Level 1:colcon.colcon_core.package_discovery:discover_packages(recursive) check parameters
[0.402s] Level 1:colcon.colcon_core.package_discovery:discover_packages(ignore) check parameters
[0.403s] Level 1:colcon.colcon_core.package_discovery:discover_packages(path) check parameters
[0.403s] Level 1:colcon.colcon_core.package_discovery:discover_packages(colcon_meta) discover
[0.403s] Level 1:colcon.colcon_core.package_discovery:discover_packages(recursive) discover
[0.403s] INFO:colcon.colcon_core.package_discovery:Crawling recursively for packages in '/root/qcomm_ws/src'
[0.403s] Level 1:colcon.colcon_core.package_identification:_identify(.) by extensions ['ignore', 'ignore_ament_install']
[0.403s] Level 1:colcon.colcon_core.package_identification:_identify(.) by extension 'ignore'
[0.403s] Level 1:colcon.colcon_core.package_identification:_identify(.) by extension 'ignore_ament_install'
[0.403s] Level 1:colcon.colcon_core.package_identification:_identify(.) by extensions ['colcon_pkg']
[0.403s] Level 1:colcon.colcon_core.package_identification:_identify(.) by extension 'colcon_pkg'
[0.403s] Level 1:colcon.colcon_core.package_identification:_identify(.) by extensions ['colcon_meta']
[0.403s] Level 1:colcon.colcon_core.package_identification:_identify(.) by extension 'colcon_meta'
[0.403s] Level 1:colcon.colcon_core.package_identification:_identify(.) by extensions ['ros']
[0.403s] Level 1:colcon.colcon_core.package_identification:_identify(.) by extension 'ros'
[0.418s] Level 1:colcon.colcon_core.package_identification:_identify(.) by extensions ['cmake', 'python']
[0.419s] Level 1:colcon.colcon_core.package_identification:_identify(.) by extension 'cmake'
[0.419s] Level 1:colcon.colcon_core.package_identification:_identify(.) by extension 'python'
[0.419s] Level 1:colcon.colcon_core.package_identification:_identify(.) by extensions ['python_setup_py']
[0.419s] Level 1:colcon.colcon_core.package_identification:_identify(.) by extension 'python_setup_py'
[0.419s] Level 1:colcon.colcon_core.package_identification:_identify(build) by extensions ['ignore', 'ignore_ament_install']
[0.419s] Level 1:colcon.colcon_core.package_identification:_identify(build) by extension 'ignore'
[0.419s] Level 1:colcon.colcon_core.package_identification:_identify(build) ignored
[0.419s] Level 1:colcon.colcon_core.package_identification:_identify(imu-ros2node) by extensions ['ignore', 'ignore_ament_install']
[0.419s] Level 1:colcon.colcon_core.package_identification:_identify(imu-ros2node) by extension 'ignore'
[0.419s] Level 1:colcon.colcon_core.package_identification:_identify(imu-ros2node) by extension 'ignore_ament_install'
[0.419s] Level 1:colcon.colcon_core.package_identification:_identify(imu-ros2node) by extensions ['colcon_pkg']
[0.419s] Level 1:colcon.colcon_core.package_identification:_identify(imu-ros2node) by extension 'colcon_pkg'
[0.419s] Level 1:colcon.colcon_core.package_identification:_identify(imu-ros2node) by extensions ['colcon_meta']
[0.419s] Level 1:colcon.colcon_core.package_identification:_identify(imu-ros2node) by extension 'colcon_meta'
[0.420s] Level 1:colcon.colcon_core.package_identification:_identify(imu-ros2node) by extensions ['ros']
[0.420s] Level 1:colcon.colcon_core.package_identification:_identify(imu-ros2node) by extension 'ros'
[0.424s] DEBUG:colcon.colcon_core.package_identification:Package 'imu-ros2node' with type 'ros.ament_cmake' and name 'imu-ros2node'
[0.424s] Level 1:colcon.colcon_core.package_identification:_identify(install) by extensions ['ignore', 'ignore_ament_install']
[0.424s] Level 1:colcon.colcon_core.package_identification:_identify(install) by extension 'ignore'
[0.424s] Level 1:colcon.colcon_core.package_identification:_identify(install) ignored
[0.424s] Level 1:colcon.colcon_core.package_identification:_identify(log) by extensions ['ignore', 'ignore_ament_install']
[0.424s] Level 1:colcon.colcon_core.package_identification:_identify(log) by extension 'ignore'
[0.424s] Level 1:colcon.colcon_core.package_identification:_identify(log) ignored
[0.425s] Level 1:colcon.colcon_core.package_identification:_identify(teleop_subscriber) by extensions ['ignore', 'ignore_ament_install']
[0.425s] Level 1:colcon.colcon_core.package_identification:_identify(teleop_subscriber) by extension 'ignore'
[0.425s] Level 1:colcon.colcon_core.package_identification:_identify(teleop_subscriber) by extension 'ignore_ament_install'
[0.425s] Level 1:colcon.colcon_core.package_identification:_identify(teleop_subscriber) by extensions ['colcon_pkg']
[0.425s] Level 1:colcon.colcon_core.package_identification:_identify(teleop_subscriber) by extension 'colcon_pkg'
[0.425s] Level 1:colcon.colcon_core.package_identification:_identify(teleop_subscriber) by extensions ['colcon_meta']
[0.425s] Level 1:colcon.colcon_core.package_identification:_identify(teleop_subscriber) by extension 'colcon_meta'
[0.425s] Level 1:colcon.colcon_core.package_identification:_identify(teleop_subscriber) by extensions ['ros']
[0.425s] Level 1:colcon.colcon_core.package_identification:_identify(teleop_subscriber) by extension 'ros'
[0.427s] DEBUG:colcon.colcon_core.package_identification:Package 'teleop_subscriber' with type 'ros.ament_python' and name 'teleop_subscriber'
[0.427s] Level 1:colcon.colcon_core.package_discovery:discover_packages(recursive) using defaults
[0.427s] Level 1:colcon.colcon_core.package_discovery:discover_packages(ignore) discover
[0.427s] Level 1:colcon.colcon_core.package_discovery:discover_packages(ignore) using defaults
[0.427s] Level 1:colcon.colcon_core.package_discovery:discover_packages(path) discover
[0.427s] Level 1:colcon.colcon_core.package_discovery:discover_packages(path) using defaults
[0.449s] Level 1:colcon.colcon_core.package_discovery:discover_packages(prefix_path) check parameters
[0.449s] Level 1:colcon.colcon_core.package_discovery:discover_packages(prefix_path) discover
[0.453s] DEBUG:colcon.colcon_installed_package_information.package_discovery:Found 275 installed packages in /opt/ros/foxy
[0.455s] Level 1:colcon.colcon_core.package_discovery:discover_packages(prefix_path) using defaults
[0.522s] Level 5:colcon.colcon_core.verb:set package 'imu-ros2node' build argument 'cmake_args' from command line to 'None'
[0.522s] Level 5:colcon.colcon_core.verb:set package 'imu-ros2node' build argument 'cmake_target' from command line to 'None'
[0.522s] Level 5:colcon.colcon_core.verb:set package 'imu-ros2node' build argument 'cmake_target_skip_unavailable' from command line to 'False'
[0.522s] Level 5:colcon.colcon_core.verb:set package 'imu-ros2node' build argument 'cmake_clean_cache' from command line to 'False'
[0.522s] Level 5:colcon.colcon_core.verb:set package 'imu-ros2node' build argument 'cmake_clean_first' from command line to 'False'
[0.522s] Level 5:colcon.colcon_core.verb:set package 'imu-ros2node' build argument 'cmake_force_configure' from command line to 'False'
[0.522s] Level 5:colcon.colcon_core.verb:set package 'imu-ros2node' build argument 'ament_cmake_args' from command line to 'None'
[0.522s] Level 5:colcon.colcon_core.verb:set package 'imu-ros2node' build argument 'catkin_cmake_args' from command line to 'None'
[0.522s] Level 5:colcon.colcon_core.verb:set package 'imu-ros2node' build argument 'catkin_skip_building_tests' from command line to 'False'
[0.522s] DEBUG:colcon.colcon_core.verb:Building package 'imu-ros2node' with the following arguments: {'ament_cmake_args': None, 'build_base': '/root/qcomm_ws/src/build/imu-ros2node', 'catkin_cmake_args': None, 'catkin_skip_building_tests': False, 'cmake_args': None, 'cmake_clean_cache': False, 'cmake_clean_first': False, 'cmake_force_configure': False, 'cmake_target': None, 'cmake_target_skip_unavailable': False, 'install_base': '/root/qcomm_ws/src/install/imu-ros2node', 'merge_install': False, 'path': '/root/qcomm_ws/src/imu-ros2node', 'symlink_install': False, 'test_result_base': None}
[0.523s] Level 5:colcon.colcon_core.verb:set package 'teleop_subscriber' build argument 'cmake_args' from command line to 'None'
[0.523s] Level 5:colcon.colcon_core.verb:set package 'teleop_subscriber' build argument 'cmake_target' from command line to 'None'
[0.523s] Level 5:colcon.colcon_core.verb:set package 'teleop_subscriber' build argument 'cmake_target_skip_unavailable' from command line to 'False'
[0.523s] Level 5:colcon.colcon_core.verb:set package 'teleop_subscriber' build argument 'cmake_clean_cache' from command line to 'False'
[0.523s] Level 5:colcon.colcon_core.verb:set package 'teleop_subscriber' build argument 'cmake_clean_first' from command line to 'False'
[0.523s] Level 5:colcon.colcon_core.verb:set package 'teleop_subscriber' build argument 'cmake_force_configure' from command line to 'False'
[0.523s] Level 5:colcon.colcon_core.verb:set package 'teleop_subscriber' build argument 'ament_cmake_args' from command line to 'None'
[0.523s] Level 5:colcon.colcon_core.verb:set package 'teleop_subscriber' build argument 'catkin_cmake_args' from command line to 'None'
[0.523s] Level 5:colcon.colcon_core.verb:set package 'teleop_subscriber' build argument 'catkin_skip_building_tests' from command line to 'False'
[0.523s] DEBUG:colcon.colcon_core.verb:Building package 'teleop_subscriber' with the following arguments: {'ament_cmake_args': None, 'build_base': '/root/qcomm_ws/src/build/teleop_subscriber', 'catkin_cmake_args': None, 'catkin_skip_building_tests': False, 'cmake_args': None, 'cmake_clean_cache': False, 'cmake_clean_first': False, 'cmake_force_configure': False, 'cmake_target': None, 'cmake_target_skip_unavailable': False, 'install_base': '/root/qcomm_ws/src/install/teleop_subscriber', 'merge_install': False, 'path': '/root/qcomm_ws/src/teleop_subscriber', 'symlink_install': False, 'test_result_base': None}
[0.523s] INFO:colcon.colcon_core.executor:Executing jobs using 'parallel' executor
[0.525s] DEBUG:colcon.colcon_parallel_executor.executor.parallel:run_until_complete
[0.525s] INFO:colcon.colcon_ros.task.ament_cmake.build:Building ROS package in '/root/qcomm_ws/src/imu-ros2node' with build type 'ament_cmake'
[0.525s] INFO:colcon.colcon_cmake.task.cmake.build:Building CMake package in '/root/qcomm_ws/src/imu-ros2node'
[0.532s] INFO:colcon.colcon_core.plugin_system:Skipping extension 'colcon_core.shell.bat': Not used on non-Windows systems
[0.532s] INFO:colcon.colcon_core.shell:Skip shell extension 'powershell' for command environment: Not usable outside of PowerShell
[0.532s] DEBUG:colcon.colcon_core.shell:Skip shell extension 'dsv' for command environment
[0.541s] INFO:colcon.colcon_ros.task.ament_python.build:Building ROS package in '/root/qcomm_ws/src/teleop_subscriber' with build type 'ament_python'
[0.541s] Level 1:colcon.colcon_core.shell:create_environment_hook('teleop_subscriber', 'ament_prefix_path')
[0.542s] INFO:colcon.colcon_core.shell:Creating environment hook '/root/qcomm_ws/src/install/teleop_subscriber/share/teleop_subscriber/hook/ament_prefix_path.ps1'
[0.544s] INFO:colcon.colcon_core.shell:Creating environment descriptor '/root/qcomm_ws/src/install/teleop_subscriber/share/teleop_subscriber/hook/ament_prefix_path.dsv'
[0.544s] INFO:colcon.colcon_core.shell:Creating environment hook '/root/qcomm_ws/src/install/teleop_subscriber/share/teleop_subscriber/hook/ament_prefix_path.sh'
[0.546s] INFO:colcon.colcon_core.shell:Skip shell extension 'powershell' for command environment: Not usable outside of PowerShell
[0.546s] DEBUG:colcon.colcon_core.shell:Skip shell extension 'dsv' for command environment
[0.570s] DEBUG:colcon.colcon_core.event_handler.log_command:Invoking command in '/root/qcomm_ws/src/build/imu-ros2node': CMAKE_PREFIX_PATH=/opt/ros/foxy CONDA_PROMPT_MODIFIER=(base) _=/usr/bin/env /usr/bin/cmake --build /root/qcomm_ws/src/build/imu-ros2node -- -j8 -l8
[0.817s] INFO:colcon.colcon_core.task.python.build:Building Python package in '/root/qcomm_ws/src/teleop_subscriber'
[0.818s] INFO:colcon.colcon_core.shell:Skip shell extension 'powershell' for command environment: Not usable outside of PowerShell
[0.818s] DEBUG:colcon.colcon_core.shell:Skip shell extension 'dsv' for command environment
[0.972s] DEBUG:colcon.colcon_core.event_handler.log_command:Invoked command in '/root/qcomm_ws/src/build/imu-ros2node' returned '0': CMAKE_PREFIX_PATH=/opt/ros/foxy CONDA_PROMPT_MODIFIER=(base) _=/usr/bin/env /usr/bin/cmake --build /root/qcomm_ws/src/build/imu-ros2node -- -j8 -l8
[1.025s] DEBUG:colcon.colcon_core.event_handler.log_command:Invoking command in '/root/qcomm_ws/src/build/imu-ros2node': CMAKE_PREFIX_PATH=/opt/ros/foxy CONDA_PROMPT_MODIFIER=(base) _=/usr/bin/env /usr/bin/cmake --install /root/qcomm_ws/src/build/imu-ros2node
[1.059s] Level 1:colcon.colcon_core.environment:create_environment_scripts_only(imu-ros2node)
[1.064s] DEBUG:colcon.colcon_core.event_handler.log_command:Invoked command in '/root/qcomm_ws/src/build/imu-ros2node' returned '0': CMAKE_PREFIX_PATH=/opt/ros/foxy CONDA_PROMPT_MODIFIER=(base) _=/usr/bin/env /usr/bin/cmake --install /root/qcomm_ws/src/build/imu-ros2node
[1.079s] Level 1:colcon.colcon_core.environment:checking '/root/qcomm_ws/src/install/imu-ros2node' for CMake module files
[1.083s] Level 1:colcon.colcon_core.environment:checking '/root/qcomm_ws/src/install/imu-ros2node' for CMake config files
[1.084s] Level 1:colcon.colcon_core.shell:create_environment_hook('imu-ros2node', 'cmake_prefix_path')
[1.086s] INFO:colcon.colcon_core.shell:Creating environment hook '/root/qcomm_ws/src/install/imu-ros2node/share/imu-ros2node/hook/cmake_prefix_path.ps1'
[1.088s] INFO:colcon.colcon_core.shell:Creating environment descriptor '/root/qcomm_ws/src/install/imu-ros2node/share/imu-ros2node/hook/cmake_prefix_path.dsv'
[1.090s] INFO:colcon.colcon_core.shell:Creating environment hook '/root/qcomm_ws/src/install/imu-ros2node/share/imu-ros2node/hook/cmake_prefix_path.sh'
[1.093s] Level 1:colcon.colcon_core.environment:checking '/root/qcomm_ws/src/install/imu-ros2node/lib'
[1.093s] Level 1:colcon.colcon_core.environment:checking '/root/qcomm_ws/src/install/imu-ros2node/bin'
[1.093s] Level 1:colcon.colcon_core.environment:checking '/root/qcomm_ws/src/install/imu-ros2node/lib/pkgconfig/imu-ros2node.pc'
[1.094s] Level 1:colcon.colcon_core.environment:checking '/root/qcomm_ws/src/install/imu-ros2node/lib/python3.8/site-packages'
[1.094s] Level 1:colcon.colcon_core.environment:checking '/root/qcomm_ws/src/install/imu-ros2node/bin'
[1.094s] INFO:colcon.colcon_core.shell:Creating package script '/root/qcomm_ws/src/install/imu-ros2node/share/imu-ros2node/package.ps1'
[1.096s] INFO:colcon.colcon_core.shell:Creating package descriptor '/root/qcomm_ws/src/install/imu-ros2node/share/imu-ros2node/package.dsv'
[1.097s] INFO:colcon.colcon_core.shell:Creating package script '/root/qcomm_ws/src/install/imu-ros2node/share/imu-ros2node/package.sh'
[1.098s] INFO:colcon.colcon_core.shell:Creating package script '/root/qcomm_ws/src/install/imu-ros2node/share/imu-ros2node/package.bash'
[1.099s] INFO:colcon.colcon_core.shell:Creating package script '/root/qcomm_ws/src/install/imu-ros2node/share/imu-ros2node/package.zsh'
[1.100s] Level 1:colcon.colcon_core.environment:create_file_with_runtime_dependencies(/root/qcomm_ws/src/install/imu-ros2node/share/colcon-core/packages/imu-ros2node)
[1.101s] Level 1:colcon.colcon_core.environment:create_environment_scripts_only(imu-ros2node)
[1.101s] Level 1:colcon.colcon_core.environment:checking '/root/qcomm_ws/src/install/imu-ros2node' for CMake module files
[1.102s] Level 1:colcon.colcon_core.environment:checking '/root/qcomm_ws/src/install/imu-ros2node' for CMake config files
[1.102s] Level 1:colcon.colcon_core.shell:create_environment_hook('imu-ros2node', 'cmake_prefix_path')
[1.103s] INFO:colcon.colcon_core.shell:Creating environment hook '/root/qcomm_ws/src/install/imu-ros2node/share/imu-ros2node/hook/cmake_prefix_path.ps1'
[1.103s] INFO:colcon.colcon_core.shell:Creating environment descriptor '/root/qcomm_ws/src/install/imu-ros2node/share/imu-ros2node/hook/cmake_prefix_path.dsv'
[1.104s] INFO:colcon.colcon_core.shell:Creating environment hook '/root/qcomm_ws/src/install/imu-ros2node/share/imu-ros2node/hook/cmake_prefix_path.sh'
[1.104s] Level 1:colcon.colcon_core.environment:checking '/root/qcomm_ws/src/install/imu-ros2node/lib'
[1.104s] Level 1:colcon.colcon_core.environment:checking '/root/qcomm_ws/src/install/imu-ros2node/bin'
[1.105s] Level 1:colcon.colcon_core.environment:checking '/root/qcomm_ws/src/install/imu-ros2node/lib/pkgconfig/imu-ros2node.pc'
[1.105s] Level 1:colcon.colcon_core.environment:checking '/root/qcomm_ws/src/install/imu-ros2node/lib/python3.8/site-packages'
[1.105s] Level 1:colcon.colcon_core.environment:checking '/root/qcomm_ws/src/install/imu-ros2node/bin'
[1.105s] INFO:colcon.colcon_core.shell:Creating package script '/root/qcomm_ws/src/install/imu-ros2node/share/imu-ros2node/package.ps1'
[1.106s] INFO:colcon.colcon_core.shell:Creating package descriptor '/root/qcomm_ws/src/install/imu-ros2node/share/imu-ros2node/package.dsv'
[1.107s] INFO:colcon.colcon_core.shell:Creating package script '/root/qcomm_ws/src/install/imu-ros2node/share/imu-ros2node/package.sh'
[1.107s] INFO:colcon.colcon_core.shell:Creating package script '/root/qcomm_ws/src/install/imu-ros2node/share/imu-ros2node/package.bash'
[1.108s] INFO:colcon.colcon_core.shell:Creating package script '/root/qcomm_ws/src/install/imu-ros2node/share/imu-ros2node/package.zsh'
[1.108s] Level 1:colcon.colcon_core.environment:create_file_with_runtime_dependencies(/root/qcomm_ws/src/install/imu-ros2node/share/colcon-core/packages/imu-ros2node)
[1.391s] DEBUG:colcon.colcon_core.event_handler.log_command:Invoking command in '/root/qcomm_ws/src/teleop_subscriber': CONDA_PROMPT_MODIFIER=(base) PYTHONPATH=/root/qcomm_ws/src/build/teleop_subscriber/prefix_override:/usr/lib/python3/dist-packages/colcon_core/task/python/colcon_distutils_commands:/root/qcomm_ws/src/install/teleop_subscriber/lib/python3.8/site-packages:${PYTHONPATH} _=/usr/bin/env /usr/bin/python3 -W ignore:setup.py install is deprecated -W ignore:easy_install command is deprecated setup.py egg_info --egg-base ../build/teleop_subscriber build --build-base /root/qcomm_ws/src/build/teleop_subscriber/build install --record /root/qcomm_ws/src/build/teleop_subscriber/install.log --install-scripts $base/lib/teleop_subscriber --single-version-externally-managed install_data
[1.722s] Level 1:colcon.colcon_core.environment:checking '/root/qcomm_ws/src/install/teleop_subscriber' for CMake module files
[1.724s] DEBUG:colcon.colcon_core.event_handler.log_command:Invoked command in '/root/qcomm_ws/src/teleop_subscriber' returned '0': CONDA_PROMPT_MODIFIER=(base) PYTHONPATH=/root/qcomm_ws/src/build/teleop_subscriber/prefix_override:/usr/lib/python3/dist-packages/colcon_core/task/python/colcon_distutils_commands:/root/qcomm_ws/src/install/teleop_subscriber/lib/python3.8/site-packages:${PYTHONPATH} _=/usr/bin/env /usr/bin/python3 -W ignore:setup.py install is deprecated -W ignore:easy_install command is deprecated setup.py egg_info --egg-base ../build/teleop_subscriber build --build-base /root/qcomm_ws/src/build/teleop_subscriber/build install --record /root/qcomm_ws/src/build/teleop_subscriber/install.log --install-scripts $base/lib/teleop_subscriber --single-version-externally-managed install_data
[1.728s] Level 1:colcon.colcon_core.environment:checking '/root/qcomm_ws/src/install/teleop_subscriber' for CMake config files
[1.733s] Level 1:colcon.colcon_core.environment:checking '/root/qcomm_ws/src/install/teleop_subscriber/lib'
[1.734s] Level 1:colcon.colcon_core.environment:checking '/root/qcomm_ws/src/install/teleop_subscriber/bin'
[1.734s] Level 1:colcon.colcon_core.environment:checking '/root/qcomm_ws/src/install/teleop_subscriber/lib/pkgconfig/teleop_subscriber.pc'
[1.735s] Level 1:colcon.colcon_core.environment:checking '/root/qcomm_ws/src/install/teleop_subscriber/lib/python3.8/site-packages'
[1.736s] Level 1:colcon.colcon_core.shell:create_environment_hook('teleop_subscriber', 'pythonpath')
[1.737s] INFO:colcon.colcon_core.shell:Creating environment hook '/root/qcomm_ws/src/install/teleop_subscriber/share/teleop_subscriber/hook/pythonpath.ps1'
[1.740s] INFO:colcon.colcon_core.shell:Creating environment descriptor '/root/qcomm_ws/src/install/teleop_subscriber/share/teleop_subscriber/hook/pythonpath.dsv'
[1.742s] INFO:colcon.colcon_core.shell:Creating environment hook '/root/qcomm_ws/src/install/teleop_subscriber/share/teleop_subscriber/hook/pythonpath.sh'
[1.744s] Level 1:colcon.colcon_core.environment:checking '/root/qcomm_ws/src/install/teleop_subscriber/bin'
[1.744s] Level 1:colcon.colcon_core.environment:create_environment_scripts_only(teleop_subscriber)
[1.746s] INFO:colcon.colcon_core.shell:Creating package script '/root/qcomm_ws/src/install/teleop_subscriber/share/teleop_subscriber/package.ps1'
[1.749s] INFO:colcon.colcon_core.shell:Creating package descriptor '/root/qcomm_ws/src/install/teleop_subscriber/share/teleop_subscriber/package.dsv'
[1.750s] INFO:colcon.colcon_core.shell:Creating package script '/root/qcomm_ws/src/install/teleop_subscriber/share/teleop_subscriber/package.sh'
[1.751s] INFO:colcon.colcon_core.shell:Creating package script '/root/qcomm_ws/src/install/teleop_subscriber/share/teleop_subscriber/package.bash'
[1.752s] INFO:colcon.colcon_core.shell:Creating package script '/root/qcomm_ws/src/install/teleop_subscriber/share/teleop_subscriber/package.zsh'
[1.753s] Level 1:colcon.colcon_core.environment:create_file_with_runtime_dependencies(/root/qcomm_ws/src/install/teleop_subscriber/share/colcon-core/packages/teleop_subscriber)
[1.754s] DEBUG:colcon.colcon_parallel_executor.executor.parallel:closing loop
[1.755s] DEBUG:colcon.colcon_parallel_executor.executor.parallel:loop closed
[1.755s] DEBUG:colcon.colcon_parallel_executor.executor.parallel:run_until_complete finished with '0'
[1.755s] DEBUG:colcon.colcon_core.event_reactor:joining thread
[1.784s] INFO:colcon.colcon_core.plugin_system:Skipping extension 'colcon_notification.desktop_notification.notify_send': Could not find 'notify-send'
[1.784s] INFO:colcon.colcon_core.plugin_system:Skipping extension 'colcon_notification.desktop_notification.terminal_notifier': Not used on non-Darwin systems
[1.784s] INFO:colcon.colcon_core.plugin_system:Skipping extension 'colcon_notification.desktop_notification.win32': Not used on non-Windows systems
[1.784s] INFO:colcon.colcon_notification.desktop_notification:Sending desktop notification using 'notify2'
[1.821s] DEBUG:colcon.colcon_notification.desktop_notification.notify2:Failed to initialize notify2: org.freedesktop.DBus.Error.ServiceUnknown: The name org.freedesktop.Notifications was not provided by any .service files
[1.821s] DEBUG:colcon.colcon_core.event_reactor:joined thread
[1.823s] INFO:colcon.colcon_core.shell:Creating prefix script '/root/qcomm_ws/src/install/local_setup.ps1'
[1.829s] INFO:colcon.colcon_core.shell:Creating prefix util module '/root/qcomm_ws/src/install/_local_setup_util_ps1.py'
[1.836s] INFO:colcon.colcon_core.shell:Creating prefix chain script '/root/qcomm_ws/src/install/setup.ps1'
[1.841s] INFO:colcon.colcon_core.shell:Creating prefix script '/root/qcomm_ws/src/install/local_setup.sh'
[1.843s] INFO:colcon.colcon_core.shell:Creating prefix util module '/root/qcomm_ws/src/install/_local_setup_util_sh.py'
[1.846s] INFO:colcon.colcon_core.shell:Creating prefix chain script '/root/qcomm_ws/src/install/setup.sh'
[1.848s] INFO:colcon.colcon_core.shell:Creating prefix script '/root/qcomm_ws/src/install/local_setup.bash'
[1.848s] INFO:colcon.colcon_core.shell:Creating prefix chain script '/root/qcomm_ws/src/install/setup.bash'
[1.850s] INFO:colcon.colcon_core.shell:Creating prefix script '/root/qcomm_ws/src/install/local_setup.zsh'
[1.851s] INFO:colcon.colcon_core.shell:Creating prefix chain script '/root/qcomm_ws/src/install/setup.zsh'
