[1.418s] Invoking command in '/root/rf-data-collection/src/utils': CONDA_PROMPT_MODIFIER=(base) PYTHONPATH=/root/rf-data-collection/build/utils/prefix_override:/usr/lib/python3/dist-packages/colcon_core/task/python/colcon_distutils_commands:/root/rf-data-collection/install/utils/lib/python3.8/site-packages:${PYTHONPATH} _=/usr/bin/env /usr/bin/python3 -W ignore:setup.py install is deprecated -W ignore:easy_install command is deprecated setup.py egg_info --egg-base ../../build/utils build --build-base /root/rf-data-collection/build/utils/build install --record /root/rf-data-collection/build/utils/install.log --single-version-externally-managed install_data
[1.680s] running egg_info
[1.681s] writing ../../build/utils/utils.egg-info/PKG-INFO
[1.682s] writing dependency_links to ../../build/utils/utils.egg-info/dependency_links.txt
[1.683s] writing entry points to ../../build/utils/utils.egg-info/entry_points.txt
[1.689s] writing requirements to ../../build/utils/utils.egg-info/requires.txt
[1.690s] writing top-level names to ../../build/utils/utils.egg-info/top_level.txt
[1.716s] reading manifest file '../../build/utils/utils.egg-info/SOURCES.txt'
[1.719s] writing manifest file '../../build/utils/utils.egg-info/SOURCES.txt'
[1.721s] running build
[1.726s] running build_py
[1.727s] copying utils/map_saver.py -> /root/rf-data-collection/build/utils/build/lib/utils
[1.728s] running install
[1.729s] running install_lib
[1.730s] copying /root/rf-data-collection/build/utils/build/lib/utils/map_saver.py -> /root/rf-data-collection/install/utils/lib/python3.8/site-packages/utils
[1.731s] byte-compiling /root/rf-data-collection/install/utils/lib/python3.8/site-packages/utils/map_saver.py to map_saver.cpython-38.pyc
[1.732s] running install_data
[1.734s] running install_egg_info
[1.737s] removing '/root/rf-data-collection/install/utils/lib/python3.8/site-packages/utils-0.0.0-py3.8.egg-info' (and everything under it)
[1.746s] Copying ../../build/utils/utils.egg-info to /root/rf-data-collection/install/utils/lib/python3.8/site-packages/utils-0.0.0-py3.8.egg-info
[1.748s] running install_scripts
[1.757s] Installing camera_viewer script to /root/rf-data-collection/install/utils/lib/utils
[1.758s] Installing map_saver script to /root/rf-data-collection/install/utils/lib/utils
[1.759s] writing list of installed files to '/root/rf-data-collection/build/utils/install.log'
[1.811s] Invoked command in '/root/rf-data-collection/src/utils' returned '0': CONDA_PROMPT_MODIFIER=(base) PYTHONPATH=/root/rf-data-collection/build/utils/prefix_override:/usr/lib/python3/dist-packages/colcon_core/task/python/colcon_distutils_commands:/root/rf-data-collection/install/utils/lib/python3.8/site-packages:${PYTHONPATH} _=/usr/bin/env /usr/bin/python3 -W ignore:setup.py install is deprecated -W ignore:easy_install command is deprecated setup.py egg_info --egg-base ../../build/utils build --build-base /root/rf-data-collection/build/utils/build install --record /root/rf-data-collection/build/utils/install.log --single-version-externally-managed install_data
