[1.278s] Invoking command in '/root/rf-data-collection/src/utils': CONDA_PROMPT_MODIFIER=(base) PYTHONPATH=/root/rf-data-collection/build/utils/prefix_override:/usr/lib/python3/dist-packages/colcon_core/task/python/colcon_distutils_commands:/root/rf-data-collection/install/utils/lib/python3.8/site-packages:${PYTHONPATH} _=/usr/bin/env /usr/bin/python3 -W ignore:setup.py install is deprecated -W ignore:easy_install command is deprecated setup.py egg_info --egg-base ../../build/utils build --build-base /root/rf-data-collection/build/utils/build install --record /root/rf-data-collection/build/utils/install.log --single-version-externally-managed install_data
[1.509s] running egg_info
[1.510s] writing ../../build/utils/utils.egg-info/PKG-INFO
[1.514s] writing dependency_links to ../../build/utils/utils.egg-info/dependency_links.txt
[1.516s] writing entry points to ../../build/utils/utils.egg-info/entry_points.txt
[1.517s] writing requirements to ../../build/utils/utils.egg-info/requires.txt
[1.521s] writing top-level names to ../../build/utils/utils.egg-info/top_level.txt
[1.539s] reading manifest file '../../build/utils/utils.egg-info/SOURCES.txt'
[1.542s] writing manifest file '../../build/utils/utils.egg-info/SOURCES.txt'
[1.543s] running build
[1.546s] running build_py
[1.548s] copying utils/video_recorder.py -> /root/rf-data-collection/build/utils/build/lib/utils
[1.549s] running install
[1.551s] running install_lib
[1.554s] copying /root/rf-data-collection/build/utils/build/lib/utils/video_recorder.py -> /root/rf-data-collection/install/utils/lib/python3.8/site-packages/utils
[1.555s] byte-compiling /root/rf-data-collection/install/utils/lib/python3.8/site-packages/utils/video_recorder.py to video_recorder.cpython-38.pyc
[1.556s] running install_data
[1.559s] running install_egg_info
[1.560s] removing '/root/rf-data-collection/install/utils/lib/python3.8/site-packages/utils-0.0.0-py3.8.egg-info' (and everything under it)
[1.560s] Copying ../../build/utils/utils.egg-info to /root/rf-data-collection/install/utils/lib/python3.8/site-packages/utils-0.0.0-py3.8.egg-info
[1.561s] running install_scripts
[1.566s] Installing camera_viewer script to /root/rf-data-collection/install/utils/lib/utils
[1.567s] Installing map_saver script to /root/rf-data-collection/install/utils/lib/utils
[1.568s] Installing video_recorder script to /root/rf-data-collection/install/utils/lib/utils
[1.569s] writing list of installed files to '/root/rf-data-collection/build/utils/install.log'
[1.610s] Invoked command in '/root/rf-data-collection/src/utils' returned '0': CONDA_PROMPT_MODIFIER=(base) PYTHONPATH=/root/rf-data-collection/build/utils/prefix_override:/usr/lib/python3/dist-packages/colcon_core/task/python/colcon_distutils_commands:/root/rf-data-collection/install/utils/lib/python3.8/site-packages:${PYTHONPATH} _=/usr/bin/env /usr/bin/python3 -W ignore:setup.py install is deprecated -W ignore:easy_install command is deprecated setup.py egg_info --egg-base ../../build/utils build --build-base /root/rf-data-collection/build/utils/build install --record /root/rf-data-collection/build/utils/install.log --single-version-externally-managed install_data
