[0.217s] DEBUG:colcon:Command line arguments: ['/usr/bin/colcon', 'build']
[0.217s] DEBUG:colcon:Parsed command line arguments: Namespace(allow_overriding=[], ament_cmake_args=None, base_paths=['.'], build_base='build', catkin_cmake_args=None, catkin_skip_building_tests=False, cmake_args=None, cmake_clean_cache=False, cmake_clean_first=False, cmake_force_configure=False, cmake_target=None, cmake_target_skip_unavailable=False, continue_on_error=False, event_handlers=None, executor='parallel', ignore_user_meta=False, install_base='install', log_base=None, log_level=None, main=<bound method BuildVerb.main of <colcon_core.verb.build.BuildVerb object at 0x7fbd32caf0>>, merge_install=False, metas=['./colcon.meta'], mixin=None, mixin_files=None, mixin_verb=('build',), packages_above=None, packages_above_and_dependencies=None, packages_above_depth=None, packages_end=None, packages_ignore=None, packages_ignore_regex=None, packages_select=None, packages_select_build_failed=False, packages_select_by_dep=None, packages_select_regex=None, packages_select_test_failures=False, packages_skip=None, packages_skip_build_finished=False, packages_skip_by_dep=None, packages_skip_regex=None, packages_skip_test_passed=False, packages_skip_up_to=None, packages_start=None, packages_up_to=None, packages_up_to_regex=None, parallel_workers=8, paths=None, symlink_install=False, test_result_base=None, verb_extension=<colcon_core.verb.build.BuildVerb object at 0x7fbd32caf0>, verb_name='build', verb_parser=<colcon_mixin.mixin.mixin_argument.MixinArgumentDecorator object at 0x7fbd33f130>)
[0.367s] Level 1:colcon.colcon_core.package_discovery:discover_packages(colcon_meta) check parameters
[0.367s] Level 1:colcon.colcon_core.package_discovery:discover_packages(recursive) check parameters
[0.367s] Level 1:colcon.colcon_core.package_discovery:discover_packages(ignore) check parameters
[0.367s] Level 1:colcon.colcon_core.package_discovery:discover_packages(path) check parameters
[0.367s] Level 1:colcon.colcon_core.package_discovery:discover_packages(colcon_meta) discover
[0.367s] Level 1:colcon.colcon_core.package_discovery:discover_packages(recursive) discover
[0.367s] INFO:colcon.colcon_core.package_discovery:Crawling recursively for packages in '/root/rf-data-collection'
[0.367s] Level 1:colcon.colcon_core.package_identification:_identify(.) by extensions ['ignore', 'ignore_ament_install']
[0.367s] Level 1:colcon.colcon_core.package_identification:_identify(.) by extension 'ignore'
[0.368s] Level 1:colcon.colcon_core.package_identification:_identify(.) by extension 'ignore_ament_install'
[0.368s] Level 1:colcon.colcon_core.package_identification:_identify(.) by extensions ['colcon_pkg']
[0.368s] Level 1:colcon.colcon_core.package_identification:_identify(.) by extension 'colcon_pkg'
[0.368s] Level 1:colcon.colcon_core.package_identification:_identify(.) by extensions ['colcon_meta']
[0.368s] Level 1:colcon.colcon_core.package_identification:_identify(.) by extension 'colcon_meta'
[0.368s] Level 1:colcon.colcon_core.package_identification:_identify(.) by extensions ['ros']
[0.368s] Level 1:colcon.colcon_core.package_identification:_identify(.) by extension 'ros'
[0.380s] Level 1:colcon.colcon_core.package_identification:_identify(.) by extensions ['cmake', 'python']
[0.380s] Level 1:colcon.colcon_core.package_identification:_identify(.) by extension 'cmake'
[0.380s] Level 1:colcon.colcon_core.package_identification:_identify(.) by extension 'python'
[0.381s] Level 1:colcon.colcon_core.package_identification:_identify(.) by extensions ['python_setup_py']
[0.381s] Level 1:colcon.colcon_core.package_identification:_identify(.) by extension 'python_setup_py'
[0.381s] Level 1:colcon.colcon_core.package_identification:_identify(build) by extensions ['ignore', 'ignore_ament_install']
[0.381s] Level 1:colcon.colcon_core.package_identification:_identify(build) by extension 'ignore'
[0.381s] Level 1:colcon.colcon_core.package_identification:_identify(build) ignored
[0.381s] Level 1:colcon.colcon_core.package_identification:_identify(install) by extensions ['ignore', 'ignore_ament_install']
[0.381s] Level 1:colcon.colcon_core.package_identification:_identify(install) by extension 'ignore'
[0.381s] Level 1:colcon.colcon_core.package_identification:_identify(install) ignored
[0.381s] Level 1:colcon.colcon_core.package_identification:_identify(log) by extensions ['ignore', 'ignore_ament_install']
[0.381s] Level 1:colcon.colcon_core.package_identification:_identify(log) by extension 'ignore'
[0.381s] Level 1:colcon.colcon_core.package_identification:_identify(log) ignored
[0.382s] Level 1:colcon.colcon_core.package_identification:_identify(src) by extensions ['ignore', 'ignore_ament_install']
[0.382s] Level 1:colcon.colcon_core.package_identification:_identify(src) by extension 'ignore'
[0.382s] Level 1:colcon.colcon_core.package_identification:_identify(src) by extension 'ignore_ament_install'
[0.382s] Level 1:colcon.colcon_core.package_identification:_identify(src) by extensions ['colcon_pkg']
[0.382s] Level 1:colcon.colcon_core.package_identification:_identify(src) by extension 'colcon_pkg'
[0.382s] Level 1:colcon.colcon_core.package_identification:_identify(src) by extensions ['colcon_meta']
[0.382s] Level 1:colcon.colcon_core.package_identification:_identify(src) by extension 'colcon_meta'
[0.382s] Level 1:colcon.colcon_core.package_identification:_identify(src) by extensions ['ros']
[0.382s] Level 1:colcon.colcon_core.package_identification:_identify(src) by extension 'ros'
[0.382s] Level 1:colcon.colcon_core.package_identification:_identify(src) by extensions ['cmake', 'python']
[0.382s] Level 1:colcon.colcon_core.package_identification:_identify(src) by extension 'cmake'
[0.382s] Level 1:colcon.colcon_core.package_identification:_identify(src) by extension 'python'
[0.382s] Level 1:colcon.colcon_core.package_identification:_identify(src) by extensions ['python_setup_py']
[0.382s] Level 1:colcon.colcon_core.package_identification:_identify(src) by extension 'python_setup_py'
[0.382s] Level 1:colcon.colcon_core.package_identification:_identify(src/imu-ros2node) by extensions ['ignore', 'ignore_ament_install']
[0.382s] Level 1:colcon.colcon_core.package_identification:_identify(src/imu-ros2node) by extension 'ignore'
[0.382s] Level 1:colcon.colcon_core.package_identification:_identify(src/imu-ros2node) by extension 'ignore_ament_install'
[0.382s] Level 1:colcon.colcon_core.package_identification:_identify(src/imu-ros2node) by extensions ['colcon_pkg']
[0.382s] Level 1:colcon.colcon_core.package_identification:_identify(src/imu-ros2node) by extension 'colcon_pkg'
[0.382s] Level 1:colcon.colcon_core.package_identification:_identify(src/imu-ros2node) by extensions ['colcon_meta']
[0.382s] Level 1:colcon.colcon_core.package_identification:_identify(src/imu-ros2node) by extension 'colcon_meta'
[0.382s] Level 1:colcon.colcon_core.package_identification:_identify(src/imu-ros2node) by extensions ['ros']
[0.382s] Level 1:colcon.colcon_core.package_identification:_identify(src/imu-ros2node) by extension 'ros'
[0.385s] DEBUG:colcon.colcon_core.package_identification:Package 'src/imu-ros2node' with type 'ros.ament_cmake' and name 'imu-ros2node'
[0.385s] Level 1:colcon.colcon_core.package_identification:_identify(src/teleop_subscriber) by extensions ['ignore', 'ignore_ament_install']
[0.385s] Level 1:colcon.colcon_core.package_identification:_identify(src/teleop_subscriber) by extension 'ignore'
[0.385s] Level 1:colcon.colcon_core.package_identification:_identify(src/teleop_subscriber) by extension 'ignore_ament_install'
[0.385s] Level 1:colcon.colcon_core.package_identification:_identify(src/teleop_subscriber) by extensions ['colcon_pkg']
[0.385s] Level 1:colcon.colcon_core.package_identification:_identify(src/teleop_subscriber) by extension 'colcon_pkg'
[0.386s] Level 1:colcon.colcon_core.package_identification:_identify(src/teleop_subscriber) by extensions ['colcon_meta']
[0.386s] Level 1:colcon.colcon_core.package_identification:_identify(src/teleop_subscriber) by extension 'colcon_meta'
[0.386s] Level 1:colcon.colcon_core.package_identification:_identify(src/teleop_subscriber) by extensions ['ros']
[0.386s] Level 1:colcon.colcon_core.package_identification:_identify(src/teleop_subscriber) by extension 'ros'
[0.386s] DEBUG:colcon.colcon_core.package_identification:Package 'src/teleop_subscriber' with type 'ros.ament_python' and name 'teleop_subscriber'
[0.387s] Level 1:colcon.colcon_core.package_identification:_identify(src/utils) by extensions ['ignore', 'ignore_ament_install']
[0.387s] Level 1:colcon.colcon_core.package_identification:_identify(src/utils) by extension 'ignore'
[0.387s] Level 1:colcon.colcon_core.package_identification:_identify(src/utils) by extension 'ignore_ament_install'
[0.387s] Level 1:colcon.colcon_core.package_identification:_identify(src/utils) by extensions ['colcon_pkg']
[0.387s] Level 1:colcon.colcon_core.package_identification:_identify(src/utils) by extension 'colcon_pkg'
[0.387s] Level 1:colcon.colcon_core.package_identification:_identify(src/utils) by extensions ['colcon_meta']
[0.387s] Level 1:colcon.colcon_core.package_identification:_identify(src/utils) by extension 'colcon_meta'
[0.387s] Level 1:colcon.colcon_core.package_identification:_identify(src/utils) by extensions ['ros']
[0.387s] Level 1:colcon.colcon_core.package_identification:_identify(src/utils) by extension 'ros'
[0.388s] DEBUG:colcon.colcon_core.package_identification:Package 'src/utils' with type 'ros.ament_python' and name 'utils'
[0.388s] Level 1:colcon.colcon_core.package_discovery:discover_packages(recursive) using defaults
[0.388s] Level 1:colcon.colcon_core.package_discovery:discover_packages(ignore) discover
[0.388s] Level 1:colcon.colcon_core.package_discovery:discover_packages(ignore) using defaults
[0.388s] Level 1:colcon.colcon_core.package_discovery:discover_packages(path) discover
[0.388s] Level 1:colcon.colcon_core.package_discovery:discover_packages(path) using defaults
[0.404s] Level 1:colcon.colcon_core.package_discovery:discover_packages(prefix_path) check parameters
[0.404s] Level 1:colcon.colcon_core.package_discovery:discover_packages(prefix_path) discover
[0.406s] DEBUG:colcon.colcon_installed_package_information.package_discovery:Found 3 installed packages in /root/rf-data-collection/install
[0.407s] DEBUG:colcon.colcon_installed_package_information.package_discovery:Found 279 installed packages in /opt/ros/foxy
[0.409s] Level 1:colcon.colcon_core.package_discovery:discover_packages(prefix_path) using defaults
[0.471s] Level 5:colcon.colcon_core.verb:set package 'imu-ros2node' build argument 'cmake_args' from command line to 'None'
[0.471s] Level 5:colcon.colcon_core.verb:set package 'imu-ros2node' build argument 'cmake_target' from command line to 'None'
[0.471s] Level 5:colcon.colcon_core.verb:set package 'imu-ros2node' build argument 'cmake_target_skip_unavailable' from command line to 'False'
[0.471s] Level 5:colcon.colcon_core.verb:set package 'imu-ros2node' build argument 'cmake_clean_cache' from command line to 'False'
[0.471s] Level 5:colcon.colcon_core.verb:set package 'imu-ros2node' build argument 'cmake_clean_first' from command line to 'False'
[0.471s] Level 5:colcon.colcon_core.verb:set package 'imu-ros2node' build argument 'cmake_force_configure' from command line to 'False'
[0.471s] Level 5:colcon.colcon_core.verb:set package 'imu-ros2node' build argument 'ament_cmake_args' from command line to 'None'
[0.471s] Level 5:colcon.colcon_core.verb:set package 'imu-ros2node' build argument 'catkin_cmake_args' from command line to 'None'
[0.471s] Level 5:colcon.colcon_core.verb:set package 'imu-ros2node' build argument 'catkin_skip_building_tests' from command line to 'False'
[0.471s] DEBUG:colcon.colcon_core.verb:Building package 'imu-ros2node' with the following arguments: {'ament_cmake_args': None, 'build_base': '/root/rf-data-collection/build/imu-ros2node', 'catkin_cmake_args': None, 'catkin_skip_building_tests': False, 'cmake_args': None, 'cmake_clean_cache': False, 'cmake_clean_first': False, 'cmake_force_configure': False, 'cmake_target': None, 'cmake_target_skip_unavailable': False, 'install_base': '/root/rf-data-collection/install/imu-ros2node', 'merge_install': False, 'path': '/root/rf-data-collection/src/imu-ros2node', 'symlink_install': False, 'test_result_base': None}
[0.471s] Level 5:colcon.colcon_core.verb:set package 'teleop_subscriber' build argument 'cmake_args' from command line to 'None'
[0.472s] Level 5:colcon.colcon_core.verb:set package 'teleop_subscriber' build argument 'cmake_target' from command line to 'None'
[0.472s] Level 5:colcon.colcon_core.verb:set package 'teleop_subscriber' build argument 'cmake_target_skip_unavailable' from command line to 'False'
[0.472s] Level 5:colcon.colcon_core.verb:set package 'teleop_subscriber' build argument 'cmake_clean_cache' from command line to 'False'
[0.472s] Level 5:colcon.colcon_core.verb:set package 'teleop_subscriber' build argument 'cmake_clean_first' from command line to 'False'
[0.472s] Level 5:colcon.colcon_core.verb:set package 'teleop_subscriber' build argument 'cmake_force_configure' from command line to 'False'
[0.472s] Level 5:colcon.colcon_core.verb:set package 'teleop_subscriber' build argument 'ament_cmake_args' from command line to 'None'
[0.472s] Level 5:colcon.colcon_core.verb:set package 'teleop_subscriber' build argument 'catkin_cmake_args' from command line to 'None'
[0.472s] Level 5:colcon.colcon_core.verb:set package 'teleop_subscriber' build argument 'catkin_skip_building_tests' from command line to 'False'
[0.472s] DEBUG:colcon.colcon_core.verb:Building package 'teleop_subscriber' with the following arguments: {'ament_cmake_args': None, 'build_base': '/root/rf-data-collection/build/teleop_subscriber', 'catkin_cmake_args': None, 'catkin_skip_building_tests': False, 'cmake_args': None, 'cmake_clean_cache': False, 'cmake_clean_first': False, 'cmake_force_configure': False, 'cmake_target': None, 'cmake_target_skip_unavailable': False, 'install_base': '/root/rf-data-collection/install/teleop_subscriber', 'merge_install': False, 'path': '/root/rf-data-collection/src/teleop_subscriber', 'symlink_install': False, 'test_result_base': None}
[0.472s] Level 5:colcon.colcon_core.verb:set package 'utils' build argument 'cmake_args' from command line to 'None'
[0.472s] Level 5:colcon.colcon_core.verb:set package 'utils' build argument 'cmake_target' from command line to 'None'
[0.472s] Level 5:colcon.colcon_core.verb:set package 'utils' build argument 'cmake_target_skip_unavailable' from command line to 'False'
[0.472s] Level 5:colcon.colcon_core.verb:set package 'utils' build argument 'cmake_clean_cache' from command line to 'False'
[0.472s] Level 5:colcon.colcon_core.verb:set package 'utils' build argument 'cmake_clean_first' from command line to 'False'
[0.472s] Level 5:colcon.colcon_core.verb:set package 'utils' build argument 'cmake_force_configure' from command line to 'False'
[0.472s] Level 5:colcon.colcon_core.verb:set package 'utils' build argument 'ament_cmake_args' from command line to 'None'
[0.472s] Level 5:colcon.colcon_core.verb:set package 'utils' build argument 'catkin_cmake_args' from command line to 'None'
[0.472s] Level 5:colcon.colcon_core.verb:set package 'utils' build argument 'catkin_skip_building_tests' from command line to 'False'
[0.472s] DEBUG:colcon.colcon_core.verb:Building package 'utils' with the following arguments: {'ament_cmake_args': None, 'build_base': '/root/rf-data-collection/build/utils', 'catkin_cmake_args': None, 'catkin_skip_building_tests': False, 'cmake_args': None, 'cmake_clean_cache': False, 'cmake_clean_first': False, 'cmake_force_configure': False, 'cmake_target': None, 'cmake_target_skip_unavailable': False, 'install_base': '/root/rf-data-collection/install/utils', 'merge_install': False, 'path': '/root/rf-data-collection/src/utils', 'symlink_install': False, 'test_result_base': None}
[0.472s] INFO:colcon.colcon_core.executor:Executing jobs using 'parallel' executor
[0.475s] DEBUG:colcon.colcon_parallel_executor.executor.parallel:run_until_complete
[0.475s] INFO:colcon.colcon_ros.task.ament_cmake.build:Building ROS package in '/root/rf-data-collection/src/imu-ros2node' with build type 'ament_cmake'
[0.475s] INFO:colcon.colcon_cmake.task.cmake.build:Building CMake package in '/root/rf-data-collection/src/imu-ros2node'
[0.480s] INFO:colcon.colcon_core.plugin_system:Skipping extension 'colcon_core.shell.bat': Not used on non-Windows systems
[0.481s] INFO:colcon.colcon_core.shell:Skip shell extension 'powershell' for command environment: Not usable outside of PowerShell
[0.481s] DEBUG:colcon.colcon_core.shell:Skip shell extension 'dsv' for command environment
[0.507s] INFO:colcon.colcon_ros.task.ament_python.build:Building ROS package in '/root/rf-data-collection/src/teleop_subscriber' with build type 'ament_python'
[0.508s] Level 1:colcon.colcon_core.shell:create_environment_hook('teleop_subscriber', 'ament_prefix_path')
[0.508s] INFO:colcon.colcon_core.shell:Creating environment hook '/root/rf-data-collection/install/teleop_subscriber/share/teleop_subscriber/hook/ament_prefix_path.ps1'
[0.510s] INFO:colcon.colcon_core.shell:Creating environment descriptor '/root/rf-data-collection/install/teleop_subscriber/share/teleop_subscriber/hook/ament_prefix_path.dsv'
[0.511s] INFO:colcon.colcon_core.shell:Creating environment hook '/root/rf-data-collection/install/teleop_subscriber/share/teleop_subscriber/hook/ament_prefix_path.sh'
[0.512s] INFO:colcon.colcon_core.shell:Skip shell extension 'powershell' for command environment: Not usable outside of PowerShell
[0.512s] DEBUG:colcon.colcon_core.shell:Skip shell extension 'dsv' for command environment
[0.525s] INFO:colcon.colcon_ros.task.ament_python.build:Building ROS package in '/root/rf-data-collection/src/utils' with build type 'ament_python'
[0.526s] Level 1:colcon.colcon_core.shell:create_environment_hook('utils', 'ament_prefix_path')
[0.527s] INFO:colcon.colcon_core.shell:Creating environment hook '/root/rf-data-collection/install/utils/share/utils/hook/ament_prefix_path.ps1'
[0.528s] INFO:colcon.colcon_core.shell:Creating environment descriptor '/root/rf-data-collection/install/utils/share/utils/hook/ament_prefix_path.dsv'
[0.529s] INFO:colcon.colcon_core.shell:Creating environment hook '/root/rf-data-collection/install/utils/share/utils/hook/ament_prefix_path.sh'
[0.529s] INFO:colcon.colcon_core.shell:Skip shell extension 'powershell' for command environment: Not usable outside of PowerShell
[0.529s] DEBUG:colcon.colcon_core.shell:Skip shell extension 'dsv' for command environment
[0.560s] DEBUG:colcon.colcon_core.event_handler.log_command:Invoking command in '/root/rf-data-collection/build/imu-ros2node': CMAKE_PREFIX_PATH=${CMAKE_PREFIX_PATH}:/root/rf-data-collection/install/utils:/root/rf-data-collection/install/teleop_subscriber:/opt/ros/foxy CONDA_PROMPT_MODIFIER=(base) _=/usr/bin/env /usr/bin/cmake --build /root/rf-data-collection/build/imu-ros2node -- -j8 -l8
[0.841s] INFO:colcon.colcon_core.task.python.build:Building Python package in '/root/rf-data-collection/src/teleop_subscriber'
[0.843s] INFO:colcon.colcon_core.shell:Skip shell extension 'powershell' for command environment: Not usable outside of PowerShell
[0.843s] DEBUG:colcon.colcon_core.shell:Skip shell extension 'dsv' for command environment
[1.092s] INFO:colcon.colcon_core.task.python.build:Building Python package in '/root/rf-data-collection/src/utils'
[1.094s] INFO:colcon.colcon_core.shell:Skip shell extension 'powershell' for command environment: Not usable outside of PowerShell
[1.094s] DEBUG:colcon.colcon_core.shell:Skip shell extension 'dsv' for command environment
[1.145s] DEBUG:colcon.colcon_core.event_handler.log_command:Invoked command in '/root/rf-data-collection/build/imu-ros2node' returned '0': CMAKE_PREFIX_PATH=${CMAKE_PREFIX_PATH}:/root/rf-data-collection/install/utils:/root/rf-data-collection/install/teleop_subscriber:/opt/ros/foxy CONDA_PROMPT_MODIFIER=(base) _=/usr/bin/env /usr/bin/cmake --build /root/rf-data-collection/build/imu-ros2node -- -j8 -l8
[1.191s] DEBUG:colcon.colcon_core.event_handler.log_command:Invoking command in '/root/rf-data-collection/build/imu-ros2node': CMAKE_PREFIX_PATH=${CMAKE_PREFIX_PATH}:/root/rf-data-collection/install/utils:/root/rf-data-collection/install/teleop_subscriber:/opt/ros/foxy CONDA_PROMPT_MODIFIER=(base) _=/usr/bin/env /usr/bin/cmake --install /root/rf-data-collection/build/imu-ros2node
[1.231s] Level 1:colcon.colcon_core.environment:create_environment_scripts_only(imu-ros2node)
[1.249s] DEBUG:colcon.colcon_core.event_handler.log_command:Invoked command in '/root/rf-data-collection/build/imu-ros2node' returned '0': CMAKE_PREFIX_PATH=${CMAKE_PREFIX_PATH}:/root/rf-data-collection/install/utils:/root/rf-data-collection/install/teleop_subscriber:/opt/ros/foxy CONDA_PROMPT_MODIFIER=(base) _=/usr/bin/env /usr/bin/cmake --install /root/rf-data-collection/build/imu-ros2node
[1.258s] Level 1:colcon.colcon_core.environment:checking '/root/rf-data-collection/install/imu-ros2node' for CMake module files
[1.261s] Level 1:colcon.colcon_core.environment:checking '/root/rf-data-collection/install/imu-ros2node' for CMake config files
[1.263s] Level 1:colcon.colcon_core.shell:create_environment_hook('imu-ros2node', 'cmake_prefix_path')
[1.264s] INFO:colcon.colcon_core.shell:Creating environment hook '/root/rf-data-collection/install/imu-ros2node/share/imu-ros2node/hook/cmake_prefix_path.ps1'
[1.267s] INFO:colcon.colcon_core.shell:Creating environment descriptor '/root/rf-data-collection/install/imu-ros2node/share/imu-ros2node/hook/cmake_prefix_path.dsv'
[1.269s] INFO:colcon.colcon_core.shell:Creating environment hook '/root/rf-data-collection/install/imu-ros2node/share/imu-ros2node/hook/cmake_prefix_path.sh'
[1.271s] Level 1:colcon.colcon_core.environment:checking '/root/rf-data-collection/install/imu-ros2node/lib'
[1.272s] Level 1:colcon.colcon_core.environment:checking '/root/rf-data-collection/install/imu-ros2node/bin'
[1.272s] Level 1:colcon.colcon_core.environment:checking '/root/rf-data-collection/install/imu-ros2node/lib/pkgconfig/imu-ros2node.pc'
[1.272s] Level 1:colcon.colcon_core.environment:checking '/root/rf-data-collection/install/imu-ros2node/lib/python3.8/site-packages'
[1.273s] Level 1:colcon.colcon_core.environment:checking '/root/rf-data-collection/install/imu-ros2node/bin'
[1.273s] INFO:colcon.colcon_core.shell:Creating package script '/root/rf-data-collection/install/imu-ros2node/share/imu-ros2node/package.ps1'
[1.274s] INFO:colcon.colcon_core.shell:Creating package descriptor '/root/rf-data-collection/install/imu-ros2node/share/imu-ros2node/package.dsv'
[1.275s] INFO:colcon.colcon_core.shell:Creating package script '/root/rf-data-collection/install/imu-ros2node/share/imu-ros2node/package.sh'
[1.277s] INFO:colcon.colcon_core.shell:Creating package script '/root/rf-data-collection/install/imu-ros2node/share/imu-ros2node/package.bash'
[1.278s] INFO:colcon.colcon_core.shell:Creating package script '/root/rf-data-collection/install/imu-ros2node/share/imu-ros2node/package.zsh'
[1.279s] Level 1:colcon.colcon_core.environment:create_file_with_runtime_dependencies(/root/rf-data-collection/install/imu-ros2node/share/colcon-core/packages/imu-ros2node)
[1.280s] Level 1:colcon.colcon_core.environment:create_environment_scripts_only(imu-ros2node)
[1.280s] Level 1:colcon.colcon_core.environment:checking '/root/rf-data-collection/install/imu-ros2node' for CMake module files
[1.281s] Level 1:colcon.colcon_core.environment:checking '/root/rf-data-collection/install/imu-ros2node' for CMake config files
[1.281s] Level 1:colcon.colcon_core.shell:create_environment_hook('imu-ros2node', 'cmake_prefix_path')
[1.281s] INFO:colcon.colcon_core.shell:Creating environment hook '/root/rf-data-collection/install/imu-ros2node/share/imu-ros2node/hook/cmake_prefix_path.ps1'
[1.282s] INFO:colcon.colcon_core.shell:Creating environment descriptor '/root/rf-data-collection/install/imu-ros2node/share/imu-ros2node/hook/cmake_prefix_path.dsv'
[1.283s] INFO:colcon.colcon_core.shell:Creating environment hook '/root/rf-data-collection/install/imu-ros2node/share/imu-ros2node/hook/cmake_prefix_path.sh'
[1.284s] Level 1:colcon.colcon_core.environment:checking '/root/rf-data-collection/install/imu-ros2node/lib'
[1.284s] Level 1:colcon.colcon_core.environment:checking '/root/rf-data-collection/install/imu-ros2node/bin'
[1.284s] Level 1:colcon.colcon_core.environment:checking '/root/rf-data-collection/install/imu-ros2node/lib/pkgconfig/imu-ros2node.pc'
[1.284s] Level 1:colcon.colcon_core.environment:checking '/root/rf-data-collection/install/imu-ros2node/lib/python3.8/site-packages'
[1.285s] Level 1:colcon.colcon_core.environment:checking '/root/rf-data-collection/install/imu-ros2node/bin'
[1.285s] INFO:colcon.colcon_core.shell:Creating package script '/root/rf-data-collection/install/imu-ros2node/share/imu-ros2node/package.ps1'
[1.286s] INFO:colcon.colcon_core.shell:Creating package descriptor '/root/rf-data-collection/install/imu-ros2node/share/imu-ros2node/package.dsv'
[1.287s] INFO:colcon.colcon_core.shell:Creating package script '/root/rf-data-collection/install/imu-ros2node/share/imu-ros2node/package.sh'
[1.288s] INFO:colcon.colcon_core.shell:Creating package script '/root/rf-data-collection/install/imu-ros2node/share/imu-ros2node/package.bash'
[1.288s] INFO:colcon.colcon_core.shell:Creating package script '/root/rf-data-collection/install/imu-ros2node/share/imu-ros2node/package.zsh'
[1.289s] Level 1:colcon.colcon_core.environment:create_file_with_runtime_dependencies(/root/rf-data-collection/install/imu-ros2node/share/colcon-core/packages/imu-ros2node)
[1.665s] DEBUG:colcon.colcon_core.event_handler.log_command:Invoking command in '/root/rf-data-collection/src/teleop_subscriber': CONDA_PROMPT_MODIFIER=(base) PYTHONPATH=/root/rf-data-collection/build/teleop_subscriber/prefix_override:/usr/lib/python3/dist-packages/colcon_core/task/python/colcon_distutils_commands:/root/rf-data-collection/install/teleop_subscriber/lib/python3.8/site-packages:${PYTHONPATH} _=/usr/bin/env /usr/bin/python3 -W ignore:setup.py install is deprecated -W ignore:easy_install command is deprecated setup.py egg_info --egg-base ../../build/teleop_subscriber build --build-base /root/rf-data-collection/build/teleop_subscriber/build install --record /root/rf-data-collection/build/teleop_subscriber/install.log --install-scripts $base/lib/teleop_subscriber --single-version-externally-managed install_data
[1.831s] DEBUG:colcon.colcon_core.event_handler.log_command:Invoking command in '/root/rf-data-collection/src/utils': CONDA_PROMPT_MODIFIER=(base) PYTHONPATH=/root/rf-data-collection/build/utils/prefix_override:/usr/lib/python3/dist-packages/colcon_core/task/python/colcon_distutils_commands:/root/rf-data-collection/install/utils/lib/python3.8/site-packages:${PYTHONPATH} _=/usr/bin/env /usr/bin/python3 -W ignore:setup.py install is deprecated -W ignore:easy_install command is deprecated setup.py egg_info --egg-base ../../build/utils build --build-base /root/rf-data-collection/build/utils/build install --record /root/rf-data-collection/build/utils/install.log --single-version-externally-managed install_data
[2.059s] Level 1:colcon.colcon_core.environment:checking '/root/rf-data-collection/install/teleop_subscriber' for CMake module files
[2.063s] DEBUG:colcon.colcon_core.event_handler.log_command:Invoked command in '/root/rf-data-collection/src/teleop_subscriber' returned '0': CONDA_PROMPT_MODIFIER=(base) PYTHONPATH=/root/rf-data-collection/build/teleop_subscriber/prefix_override:/usr/lib/python3/dist-packages/colcon_core/task/python/colcon_distutils_commands:/root/rf-data-collection/install/teleop_subscriber/lib/python3.8/site-packages:${PYTHONPATH} _=/usr/bin/env /usr/bin/python3 -W ignore:setup.py install is deprecated -W ignore:easy_install command is deprecated setup.py egg_info --egg-base ../../build/teleop_subscriber build --build-base /root/rf-data-collection/build/teleop_subscriber/build install --record /root/rf-data-collection/build/teleop_subscriber/install.log --install-scripts $base/lib/teleop_subscriber --single-version-externally-managed install_data
[2.066s] Level 1:colcon.colcon_core.environment:checking '/root/rf-data-collection/install/teleop_subscriber' for CMake config files
[2.078s] Level 1:colcon.colcon_core.environment:checking '/root/rf-data-collection/install/teleop_subscriber/lib'
[2.080s] Level 1:colcon.colcon_core.environment:checking '/root/rf-data-collection/install/teleop_subscriber/bin'
[2.080s] Level 1:colcon.colcon_core.environment:checking '/root/rf-data-collection/install/teleop_subscriber/lib/pkgconfig/teleop_subscriber.pc'
[2.082s] Level 1:colcon.colcon_core.environment:checking '/root/rf-data-collection/install/teleop_subscriber/lib/python3.8/site-packages'
[2.083s] Level 1:colcon.colcon_core.shell:create_environment_hook('teleop_subscriber', 'pythonpath')
[2.085s] INFO:colcon.colcon_core.shell:Creating environment hook '/root/rf-data-collection/install/teleop_subscriber/share/teleop_subscriber/hook/pythonpath.ps1'
[2.088s] INFO:colcon.colcon_core.shell:Creating environment descriptor '/root/rf-data-collection/install/teleop_subscriber/share/teleop_subscriber/hook/pythonpath.dsv'
[2.092s] INFO:colcon.colcon_core.shell:Creating environment hook '/root/rf-data-collection/install/teleop_subscriber/share/teleop_subscriber/hook/pythonpath.sh'
[2.097s] Level 1:colcon.colcon_core.environment:checking '/root/rf-data-collection/install/teleop_subscriber/bin'
[2.097s] Level 1:colcon.colcon_core.environment:create_environment_scripts_only(teleop_subscriber)
[2.100s] INFO:colcon.colcon_core.shell:Creating package script '/root/rf-data-collection/install/teleop_subscriber/share/teleop_subscriber/package.ps1'
[2.106s] INFO:colcon.colcon_core.shell:Creating package descriptor '/root/rf-data-collection/install/teleop_subscriber/share/teleop_subscriber/package.dsv'
[2.108s] INFO:colcon.colcon_core.shell:Creating package script '/root/rf-data-collection/install/teleop_subscriber/share/teleop_subscriber/package.sh'
[2.111s] INFO:colcon.colcon_core.shell:Creating package script '/root/rf-data-collection/install/teleop_subscriber/share/teleop_subscriber/package.bash'
[2.115s] INFO:colcon.colcon_core.shell:Creating package script '/root/rf-data-collection/install/teleop_subscriber/share/teleop_subscriber/package.zsh'
[2.118s] Level 1:colcon.colcon_core.environment:create_file_with_runtime_dependencies(/root/rf-data-collection/install/teleop_subscriber/share/colcon-core/packages/teleop_subscriber)
[2.192s] Level 1:colcon.colcon_core.environment:checking '/root/rf-data-collection/install/utils' for CMake module files
[2.198s] DEBUG:colcon.colcon_core.event_handler.log_command:Invoked command in '/root/rf-data-collection/src/utils' returned '0': CONDA_PROMPT_MODIFIER=(base) PYTHONPATH=/root/rf-data-collection/build/utils/prefix_override:/usr/lib/python3/dist-packages/colcon_core/task/python/colcon_distutils_commands:/root/rf-data-collection/install/utils/lib/python3.8/site-packages:${PYTHONPATH} _=/usr/bin/env /usr/bin/python3 -W ignore:setup.py install is deprecated -W ignore:easy_install command is deprecated setup.py egg_info --egg-base ../../build/utils build --build-base /root/rf-data-collection/build/utils/build install --record /root/rf-data-collection/build/utils/install.log --single-version-externally-managed install_data
[2.204s] Level 1:colcon.colcon_core.environment:checking '/root/rf-data-collection/install/utils' for CMake config files
[2.212s] Level 1:colcon.colcon_core.environment:checking '/root/rf-data-collection/install/utils/lib'
[2.214s] Level 1:colcon.colcon_core.environment:checking '/root/rf-data-collection/install/utils/bin'
[2.215s] Level 1:colcon.colcon_core.environment:checking '/root/rf-data-collection/install/utils/lib/pkgconfig/utils.pc'
[2.216s] Level 1:colcon.colcon_core.environment:checking '/root/rf-data-collection/install/utils/lib/python3.8/site-packages'
[2.217s] Level 1:colcon.colcon_core.shell:create_environment_hook('utils', 'pythonpath')
[2.219s] INFO:colcon.colcon_core.shell:Creating environment hook '/root/rf-data-collection/install/utils/share/utils/hook/pythonpath.ps1'
[2.222s] INFO:colcon.colcon_core.shell:Creating environment descriptor '/root/rf-data-collection/install/utils/share/utils/hook/pythonpath.dsv'
[2.224s] INFO:colcon.colcon_core.shell:Creating environment hook '/root/rf-data-collection/install/utils/share/utils/hook/pythonpath.sh'
[2.227s] Level 1:colcon.colcon_core.environment:checking '/root/rf-data-collection/install/utils/bin'
[2.227s] Level 1:colcon.colcon_core.environment:create_environment_scripts_only(utils)
[2.229s] INFO:colcon.colcon_core.shell:Creating package script '/root/rf-data-collection/install/utils/share/utils/package.ps1'
[2.232s] INFO:colcon.colcon_core.shell:Creating package descriptor '/root/rf-data-collection/install/utils/share/utils/package.dsv'
[2.234s] INFO:colcon.colcon_core.shell:Creating package script '/root/rf-data-collection/install/utils/share/utils/package.sh'
[2.236s] INFO:colcon.colcon_core.shell:Creating package script '/root/rf-data-collection/install/utils/share/utils/package.bash'
[2.237s] INFO:colcon.colcon_core.shell:Creating package script '/root/rf-data-collection/install/utils/share/utils/package.zsh'
[2.239s] Level 1:colcon.colcon_core.environment:create_file_with_runtime_dependencies(/root/rf-data-collection/install/utils/share/colcon-core/packages/utils)
[2.241s] DEBUG:colcon.colcon_parallel_executor.executor.parallel:closing loop
[2.243s] DEBUG:colcon.colcon_parallel_executor.executor.parallel:loop closed
[2.243s] DEBUG:colcon.colcon_parallel_executor.executor.parallel:run_until_complete finished with '0'
[2.243s] DEBUG:colcon.colcon_core.event_reactor:joining thread
[2.267s] INFO:colcon.colcon_core.plugin_system:Skipping extension 'colcon_notification.desktop_notification.notify_send': Could not find 'notify-send'
[2.267s] INFO:colcon.colcon_core.plugin_system:Skipping extension 'colcon_notification.desktop_notification.terminal_notifier': Not used on non-Darwin systems
[2.268s] INFO:colcon.colcon_core.plugin_system:Skipping extension 'colcon_notification.desktop_notification.win32': Not used on non-Windows systems
[2.268s] INFO:colcon.colcon_notification.desktop_notification:Sending desktop notification using 'notify2'
[2.273s] DEBUG:colcon.colcon_notification.desktop_notification.notify2:Failed to initialize notify2: org.freedesktop.DBus.Error.ServiceUnknown: The name org.freedesktop.Notifications was not provided by any .service files
[2.273s] DEBUG:colcon.colcon_core.event_reactor:joined thread
[2.276s] INFO:colcon.colcon_core.shell:Creating prefix script '/root/rf-data-collection/install/local_setup.ps1'
[2.284s] INFO:colcon.colcon_core.shell:Creating prefix util module '/root/rf-data-collection/install/_local_setup_util_ps1.py'
[2.292s] INFO:colcon.colcon_core.shell:Creating prefix chain script '/root/rf-data-collection/install/setup.ps1'
[2.296s] INFO:colcon.colcon_core.shell:Creating prefix script '/root/rf-data-collection/install/local_setup.sh'
[2.297s] INFO:colcon.colcon_core.shell:Creating prefix util module '/root/rf-data-collection/install/_local_setup_util_sh.py'
[2.297s] INFO:colcon.colcon_core.shell:Creating prefix chain script '/root/rf-data-collection/install/setup.sh'
[2.299s] INFO:colcon.colcon_core.shell:Creating prefix script '/root/rf-data-collection/install/local_setup.bash'
[2.299s] INFO:colcon.colcon_core.shell:Creating prefix chain script '/root/rf-data-collection/install/setup.bash'
[2.300s] INFO:colcon.colcon_core.shell:Creating prefix script '/root/rf-data-collection/install/local_setup.zsh'
[2.301s] INFO:colcon.colcon_core.shell:Creating prefix chain script '/root/rf-data-collection/install/setup.zsh'
