[1.295s] Invoking command in '/root/rf-data-collection/src/utils': CONDA_PROMPT_MODIFIER=(base) PYTHONPATH=/root/rf-data-collection/build/utils/prefix_override:/usr/lib/python3/dist-packages/colcon_core/task/python/colcon_distutils_commands:/root/rf-data-collection/install/utils/lib/python3.8/site-packages:${PYTHONPATH} _=/usr/bin/env /usr/bin/python3 -W ignore:setup.py install is deprecated -W ignore:easy_install command is deprecated setup.py egg_info --egg-base ../../build/utils build --build-base /root/rf-data-collection/build/utils/build install --record /root/rf-data-collection/build/utils/install.log --single-version-externally-managed install_data
[1.542s] running egg_info
[1.543s] writing ../../build/utils/utils.egg-info/PKG-INFO
[1.544s] writing dependency_links to ../../build/utils/utils.egg-info/dependency_links.txt
[1.546s] writing entry points to ../../build/utils/utils.egg-info/entry_points.txt
[1.547s] writing requirements to ../../build/utils/utils.egg-info/requires.txt
[1.548s] writing top-level names to ../../build/utils/utils.egg-info/top_level.txt
[1.572s] reading manifest file '../../build/utils/utils.egg-info/SOURCES.txt'
[1.574s] writing manifest file '../../build/utils/utils.egg-info/SOURCES.txt'
[1.576s] running build
[1.577s] running build_py
[1.579s] copying utils/map_saver.py -> /root/rf-data-collection/build/utils/build/lib/utils
[1.580s] running install
[1.582s] running install_lib
[1.583s] copying /root/rf-data-collection/build/utils/build/lib/utils/map_saver.py -> /root/rf-data-collection/install/utils/lib/python3.8/site-packages/utils
[1.584s] byte-compiling /root/rf-data-collection/install/utils/lib/python3.8/site-packages/utils/map_saver.py to map_saver.cpython-38.pyc
[1.585s] running install_data
[1.587s] running install_egg_info
[1.588s] removing '/root/rf-data-collection/install/utils/lib/python3.8/site-packages/utils-0.0.0-py3.8.egg-info' (and everything under it)
[1.589s] Copying ../../build/utils/utils.egg-info to /root/rf-data-collection/install/utils/lib/python3.8/site-packages/utils-0.0.0-py3.8.egg-info
[1.590s] running install_scripts
[1.598s] Installing camera_viewer script to /root/rf-data-collection/install/utils/lib/utils
[1.598s] Installing map_saver script to /root/rf-data-collection/install/utils/lib/utils
[1.599s] writing list of installed files to '/root/rf-data-collection/build/utils/install.log'
[1.651s] Invoked command in '/root/rf-data-collection/src/utils' returned '0': CONDA_PROMPT_MODIFIER=(base) PYTHONPATH=/root/rf-data-collection/build/utils/prefix_override:/usr/lib/python3/dist-packages/colcon_core/task/python/colcon_distutils_commands:/root/rf-data-collection/install/utils/lib/python3.8/site-packages:${PYTHONPATH} _=/usr/bin/env /usr/bin/python3 -W ignore:setup.py install is deprecated -W ignore:easy_install command is deprecated setup.py egg_info --egg-base ../../build/utils build --build-base /root/rf-data-collection/build/utils/build install --record /root/rf-data-collection/build/utils/install.log --single-version-externally-managed install_data
