[1.379s] Invoking command in '/root/rf-data-collection/src/utils': CONDA_PROMPT_MODIFIER=(base) PYTHONPATH=/root/rf-data-collection/build/utils/prefix_override:/usr/lib/python3/dist-packages/colcon_core/task/python/colcon_distutils_commands:/root/rf-data-collection/install/utils/lib/python3.8/site-packages:${PYTHONPATH} _=/usr/bin/env /usr/bin/python3 -W ignore:setup.py install is deprecated -W ignore:easy_install command is deprecated setup.py egg_info --egg-base ../../build/utils build --build-base /root/rf-data-collection/build/utils/build install --record /root/rf-data-collection/build/utils/install.log --single-version-externally-managed install_data
[1.616s] running egg_info
[1.617s] writing ../../build/utils/utils.egg-info/PKG-INFO
[1.618s] writing dependency_links to ../../build/utils/utils.egg-info/dependency_links.txt
[1.619s] writing entry points to ../../build/utils/utils.egg-info/entry_points.txt
[1.620s] writing requirements to ../../build/utils/utils.egg-info/requires.txt
[1.621s] writing top-level names to ../../build/utils/utils.egg-info/top_level.txt
[1.656s] reading manifest file '../../build/utils/utils.egg-info/SOURCES.txt'
[1.658s] writing manifest file '../../build/utils/utils.egg-info/SOURCES.txt'
[1.660s] running build
[1.661s] running build_py
[1.663s] copying utils/map_saver.py -> /root/rf-data-collection/build/utils/build/lib/utils
[1.664s] running install
[1.666s] running install_lib
[1.667s] copying /root/rf-data-collection/build/utils/build/lib/utils/map_saver.py -> /root/rf-data-collection/install/utils/lib/python3.8/site-packages/utils
[1.668s] byte-compiling /root/rf-data-collection/install/utils/lib/python3.8/site-packages/utils/map_saver.py to map_saver.cpython-38.pyc
[1.669s] running install_data
[1.671s] running install_egg_info
[1.672s] removing '/root/rf-data-collection/install/utils/lib/python3.8/site-packages/utils-0.0.0-py3.8.egg-info' (and everything under it)
[1.673s] Copying ../../build/utils/utils.egg-info to /root/rf-data-collection/install/utils/lib/python3.8/site-packages/utils-0.0.0-py3.8.egg-info
[1.673s] running install_scripts
[1.683s] Installing camera_viewer script to /root/rf-data-collection/install/utils/lib/utils
[1.684s] Installing map_saver script to /root/rf-data-collection/install/utils/lib/utils
[1.685s] writing list of installed files to '/root/rf-data-collection/build/utils/install.log'
[1.729s] Invoked command in '/root/rf-data-collection/src/utils' returned '0': CONDA_PROMPT_MODIFIER=(base) PYTHONPATH=/root/rf-data-collection/build/utils/prefix_override:/usr/lib/python3/dist-packages/colcon_core/task/python/colcon_distutils_commands:/root/rf-data-collection/install/utils/lib/python3.8/site-packages:${PYTHONPATH} _=/usr/bin/env /usr/bin/python3 -W ignore:setup.py install is deprecated -W ignore:easy_install command is deprecated setup.py egg_info --egg-base ../../build/utils build --build-base /root/rf-data-collection/build/utils/build install --record /root/rf-data-collection/build/utils/install.log --single-version-externally-managed install_data
