[0.042s] Invoking command in '/root/qcomm_ws/src/build/imu-ros2node': CMAKE_PREFIX_PATH=/opt/ros/foxy CONDA_PROMPT_MODIFIER=(base) _=/usr/bin/env /usr/bin/cmake --build /root/qcomm_ws/src/build/imu-ros2node -- -j8 -l8
[0.224s] [ 50%] Built target imu-ros2node
[0.269s] [100%] Built target imu-ros2test
[0.338s] Invoked command in '/root/qcomm_ws/src/build/imu-ros2node' returned '0': CMAKE_PREFIX_PATH=/opt/ros/foxy CONDA_PROMPT_MODIFIER=(base) _=/usr/bin/env /usr/bin/cmake --build /root/qcomm_ws/src/build/imu-ros2node -- -j8 -l8
[0.384s] Invoking command in '/root/qcomm_ws/src/build/imu-ros2node': CMAKE_PREFIX_PATH=/opt/ros/foxy CONDA_PROMPT_MODIFIER=(base) _=/usr/bin/env /usr/bin/cmake --install /root/qcomm_ws/src/build/imu-ros2node
[0.401s] -- Install configuration: ""
[0.402s] -- Up-to-date: /root/qcomm_ws/src/install/imu-ros2node/lib/imu-ros2node/imu-ros2node
[0.403s] -- Up-to-date: /root/qcomm_ws/src/install/imu-ros2node/lib/imu-ros2node/imu-ros2test
[0.403s] -- Up-to-date: /root/qcomm_ws/src/install/imu-ros2node/share/ament_index/resource_index/package_run_dependencies/imu-ros2node
[0.403s] -- Up-to-date: /root/qcomm_ws/src/install/imu-ros2node/share/ament_index/resource_index/parent_prefix_path/imu-ros2node
[0.404s] -- Up-to-date: /root/qcomm_ws/src/install/imu-ros2node/share/imu-ros2node/environment/ament_prefix_path.sh
[0.404s] -- Up-to-date: /root/qcomm_ws/src/install/imu-ros2node/share/imu-ros2node/environment/ament_prefix_path.dsv
[0.405s] -- Up-to-date: /root/qcomm_ws/src/install/imu-ros2node/share/imu-ros2node/environment/path.sh
[0.407s] -- Up-to-date: /root/qcomm_ws/src/install/imu-ros2node/share/imu-ros2node/environment/path.dsv
[0.408s] -- Up-to-date: /root/qcomm_ws/src/install/imu-ros2node/share/imu-ros2node/local_setup.bash
[0.409s] -- Up-to-date: /root/qcomm_ws/src/install/imu-ros2node/share/imu-ros2node/local_setup.sh
[0.409s] -- Up-to-date: /root/qcomm_ws/src/install/imu-ros2node/share/imu-ros2node/local_setup.zsh
[0.412s] -- Up-to-date: /root/qcomm_ws/src/install/imu-ros2node/share/imu-ros2node/local_setup.dsv
[0.413s] -- Installing: /root/qcomm_ws/src/install/imu-ros2node/share/imu-ros2node/package.dsv
[0.413s] -- Up-to-date: /root/qcomm_ws/src/install/imu-ros2node/share/ament_index/resource_index/packages/imu-ros2node
[0.414s] -- Up-to-date: /root/qcomm_ws/src/install/imu-ros2node/share/imu-ros2node/cmake/imu-ros2nodeConfig.cmake
[0.415s] -- Up-to-date: /root/qcomm_ws/src/install/imu-ros2node/share/imu-ros2node/cmake/imu-ros2nodeConfig-version.cmake
[0.415s] -- Up-to-date: /root/qcomm_ws/src/install/imu-ros2node/share/imu-ros2node/package.xml
[0.416s] Invoked command in '/root/qcomm_ws/src/build/imu-ros2node' returned '0': CMAKE_PREFIX_PATH=/opt/ros/foxy CONDA_PROMPT_MODIFIER=(base) _=/usr/bin/env /usr/bin/cmake --install /root/qcomm_ws/src/build/imu-ros2node
