[0.207s] DEBUG:colcon:Command line arguments: ['/usr/bin/colcon', 'build']
[0.207s] DEBUG:colcon:Parsed command line arguments: Namespace(allow_overriding=[], ament_cmake_args=None, base_paths=['.'], build_base='build', catkin_cmake_args=None, catkin_skip_building_tests=False, cmake_args=None, cmake_clean_cache=False, cmake_clean_first=False, cmake_force_configure=False, cmake_target=None, cmake_target_skip_unavailable=False, continue_on_error=False, event_handlers=None, executor='parallel', ignore_user_meta=False, install_base='install', log_base=None, log_level=None, main=<bound method BuildVerb.main of <colcon_core.verb.build.BuildVerb object at 0x7f8a562b20>>, merge_install=False, metas=['./colcon.meta'], mixin=None, mixin_files=None, mixin_verb=('build',), packages_above=None, packages_above_and_dependencies=None, packages_above_depth=None, packages_end=None, packages_ignore=None, packages_ignore_regex=None, packages_select=None, packages_select_build_failed=False, packages_select_by_dep=None, packages_select_regex=None, packages_select_test_failures=False, packages_skip=None, packages_skip_build_finished=False, packages_skip_by_dep=None, packages_skip_regex=None, packages_skip_test_passed=False, packages_skip_up_to=None, packages_start=None, packages_up_to=None, packages_up_to_regex=None, parallel_workers=8, paths=None, symlink_install=False, test_result_base=None, verb_extension=<colcon_core.verb.build.BuildVerb object at 0x7f8a562b20>, verb_name='build', verb_parser=<colcon_mixin.mixin.mixin_argument.MixinArgumentDecorator object at 0x7f8a575160>)
[0.333s] Level 1:colcon.colcon_core.package_discovery:discover_packages(colcon_meta) check parameters
[0.333s] Level 1:colcon.colcon_core.package_discovery:discover_packages(recursive) check parameters
[0.333s] Level 1:colcon.colcon_core.package_discovery:discover_packages(ignore) check parameters
[0.333s] Level 1:colcon.colcon_core.package_discovery:discover_packages(path) check parameters
[0.333s] Level 1:colcon.colcon_core.package_discovery:discover_packages(colcon_meta) discover
[0.333s] Level 1:colcon.colcon_core.package_discovery:discover_packages(recursive) discover
[0.333s] INFO:colcon.colcon_core.package_discovery:Crawling recursively for packages in '/root/rf-data-collection'
[0.333s] Level 1:colcon.colcon_core.package_identification:_identify(.) by extensions ['ignore', 'ignore_ament_install']
[0.333s] Level 1:colcon.colcon_core.package_identification:_identify(.) by extension 'ignore'
[0.333s] Level 1:colcon.colcon_core.package_identification:_identify(.) by extension 'ignore_ament_install'
[0.333s] Level 1:colcon.colcon_core.package_identification:_identify(.) by extensions ['colcon_pkg']
[0.334s] Level 1:colcon.colcon_core.package_identification:_identify(.) by extension 'colcon_pkg'
[0.334s] Level 1:colcon.colcon_core.package_identification:_identify(.) by extensions ['colcon_meta']
[0.334s] Level 1:colcon.colcon_core.package_identification:_identify(.) by extension 'colcon_meta'
[0.334s] Level 1:colcon.colcon_core.package_identification:_identify(.) by extensions ['ros']
[0.334s] Level 1:colcon.colcon_core.package_identification:_identify(.) by extension 'ros'
[0.345s] Level 1:colcon.colcon_core.package_identification:_identify(.) by extensions ['cmake', 'python']
[0.345s] Level 1:colcon.colcon_core.package_identification:_identify(.) by extension 'cmake'
[0.345s] Level 1:colcon.colcon_core.package_identification:_identify(.) by extension 'python'
[0.345s] Level 1:colcon.colcon_core.package_identification:_identify(.) by extensions ['python_setup_py']
[0.345s] Level 1:colcon.colcon_core.package_identification:_identify(.) by extension 'python_setup_py'
[0.345s] Level 1:colcon.colcon_core.package_identification:_identify(build) by extensions ['ignore', 'ignore_ament_install']
[0.346s] Level 1:colcon.colcon_core.package_identification:_identify(build) by extension 'ignore'
[0.346s] Level 1:colcon.colcon_core.package_identification:_identify(build) ignored
[0.346s] Level 1:colcon.colcon_core.package_identification:_identify(install) by extensions ['ignore', 'ignore_ament_install']
[0.346s] Level 1:colcon.colcon_core.package_identification:_identify(install) by extension 'ignore'
[0.346s] Level 1:colcon.colcon_core.package_identification:_identify(install) ignored
[0.346s] Level 1:colcon.colcon_core.package_identification:_identify(log) by extensions ['ignore', 'ignore_ament_install']
[0.346s] Level 1:colcon.colcon_core.package_identification:_identify(log) by extension 'ignore'
[0.346s] Level 1:colcon.colcon_core.package_identification:_identify(log) ignored
[0.346s] Level 1:colcon.colcon_core.package_identification:_identify(src) by extensions ['ignore', 'ignore_ament_install']
[0.346s] Level 1:colcon.colcon_core.package_identification:_identify(src) by extension 'ignore'
[0.346s] Level 1:colcon.colcon_core.package_identification:_identify(src) by extension 'ignore_ament_install'
[0.346s] Level 1:colcon.colcon_core.package_identification:_identify(src) by extensions ['colcon_pkg']
[0.346s] Level 1:colcon.colcon_core.package_identification:_identify(src) by extension 'colcon_pkg'
[0.346s] Level 1:colcon.colcon_core.package_identification:_identify(src) by extensions ['colcon_meta']
[0.346s] Level 1:colcon.colcon_core.package_identification:_identify(src) by extension 'colcon_meta'
[0.347s] Level 1:colcon.colcon_core.package_identification:_identify(src) by extensions ['ros']
[0.347s] Level 1:colcon.colcon_core.package_identification:_identify(src) by extension 'ros'
[0.347s] Level 1:colcon.colcon_core.package_identification:_identify(src) by extensions ['cmake', 'python']
[0.347s] Level 1:colcon.colcon_core.package_identification:_identify(src) by extension 'cmake'
[0.347s] Level 1:colcon.colcon_core.package_identification:_identify(src) by extension 'python'
[0.347s] Level 1:colcon.colcon_core.package_identification:_identify(src) by extensions ['python_setup_py']
[0.347s] Level 1:colcon.colcon_core.package_identification:_identify(src) by extension 'python_setup_py'
[0.347s] Level 1:colcon.colcon_core.package_identification:_identify(src/imu-ros2node) by extensions ['ignore', 'ignore_ament_install']
[0.347s] Level 1:colcon.colcon_core.package_identification:_identify(src/imu-ros2node) by extension 'ignore'
[0.347s] Level 1:colcon.colcon_core.package_identification:_identify(src/imu-ros2node) by extension 'ignore_ament_install'
[0.347s] Level 1:colcon.colcon_core.package_identification:_identify(src/imu-ros2node) by extensions ['colcon_pkg']
[0.347s] Level 1:colcon.colcon_core.package_identification:_identify(src/imu-ros2node) by extension 'colcon_pkg'
[0.347s] Level 1:colcon.colcon_core.package_identification:_identify(src/imu-ros2node) by extensions ['colcon_meta']
[0.347s] Level 1:colcon.colcon_core.package_identification:_identify(src/imu-ros2node) by extension 'colcon_meta'
[0.347s] Level 1:colcon.colcon_core.package_identification:_identify(src/imu-ros2node) by extensions ['ros']
[0.347s] Level 1:colcon.colcon_core.package_identification:_identify(src/imu-ros2node) by extension 'ros'
[0.349s] DEBUG:colcon.colcon_core.package_identification:Package 'src/imu-ros2node' with type 'ros.ament_cmake' and name 'imu-ros2node'
[0.350s] Level 1:colcon.colcon_core.package_identification:_identify(src/teleop_subscriber) by extensions ['ignore', 'ignore_ament_install']
[0.350s] Level 1:colcon.colcon_core.package_identification:_identify(src/teleop_subscriber) by extension 'ignore'
[0.350s] Level 1:colcon.colcon_core.package_identification:_identify(src/teleop_subscriber) by extension 'ignore_ament_install'
[0.350s] Level 1:colcon.colcon_core.package_identification:_identify(src/teleop_subscriber) by extensions ['colcon_pkg']
[0.350s] Level 1:colcon.colcon_core.package_identification:_identify(src/teleop_subscriber) by extension 'colcon_pkg'
[0.350s] Level 1:colcon.colcon_core.package_identification:_identify(src/teleop_subscriber) by extensions ['colcon_meta']
[0.350s] Level 1:colcon.colcon_core.package_identification:_identify(src/teleop_subscriber) by extension 'colcon_meta'
[0.350s] Level 1:colcon.colcon_core.package_identification:_identify(src/teleop_subscriber) by extensions ['ros']
[0.350s] Level 1:colcon.colcon_core.package_identification:_identify(src/teleop_subscriber) by extension 'ros'
[0.351s] DEBUG:colcon.colcon_core.package_identification:Package 'src/teleop_subscriber' with type 'ros.ament_python' and name 'teleop_subscriber'
[0.351s] Level 1:colcon.colcon_core.package_identification:_identify(src/utils) by extensions ['ignore', 'ignore_ament_install']
[0.351s] Level 1:colcon.colcon_core.package_identification:_identify(src/utils) by extension 'ignore'
[0.351s] Level 1:colcon.colcon_core.package_identification:_identify(src/utils) by extension 'ignore_ament_install'
[0.351s] Level 1:colcon.colcon_core.package_identification:_identify(src/utils) by extensions ['colcon_pkg']
[0.351s] Level 1:colcon.colcon_core.package_identification:_identify(src/utils) by extension 'colcon_pkg'
[0.351s] Level 1:colcon.colcon_core.package_identification:_identify(src/utils) by extensions ['colcon_meta']
[0.351s] Level 1:colcon.colcon_core.package_identification:_identify(src/utils) by extension 'colcon_meta'
[0.351s] Level 1:colcon.colcon_core.package_identification:_identify(src/utils) by extensions ['ros']
[0.351s] Level 1:colcon.colcon_core.package_identification:_identify(src/utils) by extension 'ros'
[0.351s] DEBUG:colcon.colcon_core.package_identification:Package 'src/utils' with type 'ros.ament_python' and name 'utils'
[0.351s] Level 1:colcon.colcon_core.package_discovery:discover_packages(recursive) using defaults
[0.352s] Level 1:colcon.colcon_core.package_discovery:discover_packages(ignore) discover
[0.352s] Level 1:colcon.colcon_core.package_discovery:discover_packages(ignore) using defaults
[0.352s] Level 1:colcon.colcon_core.package_discovery:discover_packages(path) discover
[0.352s] Level 1:colcon.colcon_core.package_discovery:discover_packages(path) using defaults
[0.367s] Level 1:colcon.colcon_core.package_discovery:discover_packages(prefix_path) check parameters
[0.367s] Level 1:colcon.colcon_core.package_discovery:discover_packages(prefix_path) discover
[0.369s] DEBUG:colcon.colcon_installed_package_information.package_discovery:Found 3 installed packages in /root/rf-data-collection/install
[0.370s] DEBUG:colcon.colcon_installed_package_information.package_discovery:Found 280 installed packages in /opt/ros/foxy
[0.372s] Level 1:colcon.colcon_core.package_discovery:discover_packages(prefix_path) using defaults
[0.431s] Level 5:colcon.colcon_core.verb:set package 'imu-ros2node' build argument 'cmake_args' from command line to 'None'
[0.431s] Level 5:colcon.colcon_core.verb:set package 'imu-ros2node' build argument 'cmake_target' from command line to 'None'
[0.431s] Level 5:colcon.colcon_core.verb:set package 'imu-ros2node' build argument 'cmake_target_skip_unavailable' from command line to 'False'
[0.431s] Level 5:colcon.colcon_core.verb:set package 'imu-ros2node' build argument 'cmake_clean_cache' from command line to 'False'
[0.431s] Level 5:colcon.colcon_core.verb:set package 'imu-ros2node' build argument 'cmake_clean_first' from command line to 'False'
[0.431s] Level 5:colcon.colcon_core.verb:set package 'imu-ros2node' build argument 'cmake_force_configure' from command line to 'False'
[0.431s] Level 5:colcon.colcon_core.verb:set package 'imu-ros2node' build argument 'ament_cmake_args' from command line to 'None'
[0.431s] Level 5:colcon.colcon_core.verb:set package 'imu-ros2node' build argument 'catkin_cmake_args' from command line to 'None'
[0.431s] Level 5:colcon.colcon_core.verb:set package 'imu-ros2node' build argument 'catkin_skip_building_tests' from command line to 'False'
[0.431s] DEBUG:colcon.colcon_core.verb:Building package 'imu-ros2node' with the following arguments: {'ament_cmake_args': None, 'build_base': '/root/rf-data-collection/build/imu-ros2node', 'catkin_cmake_args': None, 'catkin_skip_building_tests': False, 'cmake_args': None, 'cmake_clean_cache': False, 'cmake_clean_first': False, 'cmake_force_configure': False, 'cmake_target': None, 'cmake_target_skip_unavailable': False, 'install_base': '/root/rf-data-collection/install/imu-ros2node', 'merge_install': False, 'path': '/root/rf-data-collection/src/imu-ros2node', 'symlink_install': False, 'test_result_base': None}
[0.432s] Level 5:colcon.colcon_core.verb:set package 'teleop_subscriber' build argument 'cmake_args' from command line to 'None'
[0.432s] Level 5:colcon.colcon_core.verb:set package 'teleop_subscriber' build argument 'cmake_target' from command line to 'None'
[0.432s] Level 5:colcon.colcon_core.verb:set package 'teleop_subscriber' build argument 'cmake_target_skip_unavailable' from command line to 'False'
[0.432s] Level 5:colcon.colcon_core.verb:set package 'teleop_subscriber' build argument 'cmake_clean_cache' from command line to 'False'
[0.432s] Level 5:colcon.colcon_core.verb:set package 'teleop_subscriber' build argument 'cmake_clean_first' from command line to 'False'
[0.432s] Level 5:colcon.colcon_core.verb:set package 'teleop_subscriber' build argument 'cmake_force_configure' from command line to 'False'
[0.432s] Level 5:colcon.colcon_core.verb:set package 'teleop_subscriber' build argument 'ament_cmake_args' from command line to 'None'
[0.432s] Level 5:colcon.colcon_core.verb:set package 'teleop_subscriber' build argument 'catkin_cmake_args' from command line to 'None'
[0.432s] Level 5:colcon.colcon_core.verb:set package 'teleop_subscriber' build argument 'catkin_skip_building_tests' from command line to 'False'
[0.432s] DEBUG:colcon.colcon_core.verb:Building package 'teleop_subscriber' with the following arguments: {'ament_cmake_args': None, 'build_base': '/root/rf-data-collection/build/teleop_subscriber', 'catkin_cmake_args': None, 'catkin_skip_building_tests': False, 'cmake_args': None, 'cmake_clean_cache': False, 'cmake_clean_first': False, 'cmake_force_configure': False, 'cmake_target': None, 'cmake_target_skip_unavailable': False, 'install_base': '/root/rf-data-collection/install/teleop_subscriber', 'merge_install': False, 'path': '/root/rf-data-collection/src/teleop_subscriber', 'symlink_install': False, 'test_result_base': None}
[0.432s] Level 5:colcon.colcon_core.verb:set package 'utils' build argument 'cmake_args' from command line to 'None'
[0.432s] Level 5:colcon.colcon_core.verb:set package 'utils' build argument 'cmake_target' from command line to 'None'
[0.432s] Level 5:colcon.colcon_core.verb:set package 'utils' build argument 'cmake_target_skip_unavailable' from command line to 'False'
[0.432s] Level 5:colcon.colcon_core.verb:set package 'utils' build argument 'cmake_clean_cache' from command line to 'False'
[0.432s] Level 5:colcon.colcon_core.verb:set package 'utils' build argument 'cmake_clean_first' from command line to 'False'
[0.432s] Level 5:colcon.colcon_core.verb:set package 'utils' build argument 'cmake_force_configure' from command line to 'False'
[0.432s] Level 5:colcon.colcon_core.verb:set package 'utils' build argument 'ament_cmake_args' from command line to 'None'
[0.432s] Level 5:colcon.colcon_core.verb:set package 'utils' build argument 'catkin_cmake_args' from command line to 'None'
[0.432s] Level 5:colcon.colcon_core.verb:set package 'utils' build argument 'catkin_skip_building_tests' from command line to 'False'
[0.432s] DEBUG:colcon.colcon_core.verb:Building package 'utils' with the following arguments: {'ament_cmake_args': None, 'build_base': '/root/rf-data-collection/build/utils', 'catkin_cmake_args': None, 'catkin_skip_building_tests': False, 'cmake_args': None, 'cmake_clean_cache': False, 'cmake_clean_first': False, 'cmake_force_configure': False, 'cmake_target': None, 'cmake_target_skip_unavailable': False, 'install_base': '/root/rf-data-collection/install/utils', 'merge_install': False, 'path': '/root/rf-data-collection/src/utils', 'symlink_install': False, 'test_result_base': None}
[0.432s] INFO:colcon.colcon_core.executor:Executing jobs using 'parallel' executor
[0.440s] DEBUG:colcon.colcon_parallel_executor.executor.parallel:run_until_complete
[0.440s] INFO:colcon.colcon_ros.task.ament_cmake.build:Building ROS package in '/root/rf-data-collection/src/imu-ros2node' with build type 'ament_cmake'
[0.441s] INFO:colcon.colcon_cmake.task.cmake.build:Building CMake package in '/root/rf-data-collection/src/imu-ros2node'
[0.445s] INFO:colcon.colcon_core.plugin_system:Skipping extension 'colcon_core.shell.bat': Not used on non-Windows systems
[0.445s] INFO:colcon.colcon_core.shell:Skip shell extension 'powershell' for command environment: Not usable outside of PowerShell
[0.445s] DEBUG:colcon.colcon_core.shell:Skip shell extension 'dsv' for command environment
[0.469s] INFO:colcon.colcon_ros.task.ament_python.build:Building ROS package in '/root/rf-data-collection/src/teleop_subscriber' with build type 'ament_python'
[0.469s] Level 1:colcon.colcon_core.shell:create_environment_hook('teleop_subscriber', 'ament_prefix_path')
[0.470s] INFO:colcon.colcon_core.shell:Creating environment hook '/root/rf-data-collection/install/teleop_subscriber/share/teleop_subscriber/hook/ament_prefix_path.ps1'
[0.474s] INFO:colcon.colcon_core.shell:Creating environment descriptor '/root/rf-data-collection/install/teleop_subscriber/share/teleop_subscriber/hook/ament_prefix_path.dsv'
[0.475s] INFO:colcon.colcon_core.shell:Creating environment hook '/root/rf-data-collection/install/teleop_subscriber/share/teleop_subscriber/hook/ament_prefix_path.sh'
[0.476s] INFO:colcon.colcon_core.shell:Skip shell extension 'powershell' for command environment: Not usable outside of PowerShell
[0.476s] DEBUG:colcon.colcon_core.shell:Skip shell extension 'dsv' for command environment
[0.489s] INFO:colcon.colcon_ros.task.ament_python.build:Building ROS package in '/root/rf-data-collection/src/utils' with build type 'ament_python'
[0.489s] Level 1:colcon.colcon_core.shell:create_environment_hook('utils', 'ament_prefix_path')
[0.490s] INFO:colcon.colcon_core.shell:Creating environment hook '/root/rf-data-collection/install/utils/share/utils/hook/ament_prefix_path.ps1'
[0.493s] INFO:colcon.colcon_core.shell:Creating environment descriptor '/root/rf-data-collection/install/utils/share/utils/hook/ament_prefix_path.dsv'
[0.493s] INFO:colcon.colcon_core.shell:Creating environment hook '/root/rf-data-collection/install/utils/share/utils/hook/ament_prefix_path.sh'
[0.494s] INFO:colcon.colcon_core.shell:Skip shell extension 'powershell' for command environment: Not usable outside of PowerShell
[0.494s] DEBUG:colcon.colcon_core.shell:Skip shell extension 'dsv' for command environment
[0.532s] DEBUG:colcon.colcon_core.event_handler.log_command:Invoking command in '/root/rf-data-collection/build/imu-ros2node': CMAKE_PREFIX_PATH=${CMAKE_PREFIX_PATH}:/root/rf-data-collection/install/utils:/root/rf-data-collection/install/teleop_subscriber:/opt/ros/foxy CONDA_PROMPT_MODIFIER=(base) _=/usr/bin/env /usr/bin/cmake --build /root/rf-data-collection/build/imu-ros2node -- -j8 -l8
[0.815s] INFO:colcon.colcon_core.task.python.build:Building Python package in '/root/rf-data-collection/src/teleop_subscriber'
[0.817s] INFO:colcon.colcon_core.shell:Skip shell extension 'powershell' for command environment: Not usable outside of PowerShell
[0.817s] DEBUG:colcon.colcon_core.shell:Skip shell extension 'dsv' for command environment
[1.119s] INFO:colcon.colcon_core.task.python.build:Building Python package in '/root/rf-data-collection/src/utils'
[1.123s] INFO:colcon.colcon_core.shell:Skip shell extension 'powershell' for command environment: Not usable outside of PowerShell
[1.124s] DEBUG:colcon.colcon_core.shell:Skip shell extension 'dsv' for command environment
[1.198s] DEBUG:colcon.colcon_core.event_handler.log_command:Invoked command in '/root/rf-data-collection/build/imu-ros2node' returned '0': CMAKE_PREFIX_PATH=${CMAKE_PREFIX_PATH}:/root/rf-data-collection/install/utils:/root/rf-data-collection/install/teleop_subscriber:/opt/ros/foxy CONDA_PROMPT_MODIFIER=(base) _=/usr/bin/env /usr/bin/cmake --build /root/rf-data-collection/build/imu-ros2node -- -j8 -l8
[1.264s] DEBUG:colcon.colcon_core.event_handler.log_command:Invoking command in '/root/rf-data-collection/build/imu-ros2node': CMAKE_PREFIX_PATH=${CMAKE_PREFIX_PATH}:/root/rf-data-collection/install/utils:/root/rf-data-collection/install/teleop_subscriber:/opt/ros/foxy CONDA_PROMPT_MODIFIER=(base) _=/usr/bin/env /usr/bin/cmake --install /root/rf-data-collection/build/imu-ros2node
[1.306s] Level 1:colcon.colcon_core.environment:create_environment_scripts_only(imu-ros2node)
[1.319s] DEBUG:colcon.colcon_core.event_handler.log_command:Invoked command in '/root/rf-data-collection/build/imu-ros2node' returned '0': CMAKE_PREFIX_PATH=${CMAKE_PREFIX_PATH}:/root/rf-data-collection/install/utils:/root/rf-data-collection/install/teleop_subscriber:/opt/ros/foxy CONDA_PROMPT_MODIFIER=(base) _=/usr/bin/env /usr/bin/cmake --install /root/rf-data-collection/build/imu-ros2node
[1.327s] Level 1:colcon.colcon_core.environment:checking '/root/rf-data-collection/install/imu-ros2node' for CMake module files
[1.330s] Level 1:colcon.colcon_core.environment:checking '/root/rf-data-collection/install/imu-ros2node' for CMake config files
[1.333s] Level 1:colcon.colcon_core.shell:create_environment_hook('imu-ros2node', 'cmake_prefix_path')
[1.334s] INFO:colcon.colcon_core.shell:Creating environment hook '/root/rf-data-collection/install/imu-ros2node/share/imu-ros2node/hook/cmake_prefix_path.ps1'
[1.337s] INFO:colcon.colcon_core.shell:Creating environment descriptor '/root/rf-data-collection/install/imu-ros2node/share/imu-ros2node/hook/cmake_prefix_path.dsv'
[1.338s] INFO:colcon.colcon_core.shell:Creating environment hook '/root/rf-data-collection/install/imu-ros2node/share/imu-ros2node/hook/cmake_prefix_path.sh'
[1.341s] Level 1:colcon.colcon_core.environment:checking '/root/rf-data-collection/install/imu-ros2node/lib'
[1.342s] Level 1:colcon.colcon_core.environment:checking '/root/rf-data-collection/install/imu-ros2node/bin'
[1.342s] Level 1:colcon.colcon_core.environment:checking '/root/rf-data-collection/install/imu-ros2node/lib/pkgconfig/imu-ros2node.pc'
[1.343s] Level 1:colcon.colcon_core.environment:checking '/root/rf-data-collection/install/imu-ros2node/lib/python3.8/site-packages'
[1.344s] Level 1:colcon.colcon_core.environment:checking '/root/rf-data-collection/install/imu-ros2node/bin'
[1.346s] INFO:colcon.colcon_core.shell:Creating package script '/root/rf-data-collection/install/imu-ros2node/share/imu-ros2node/package.ps1'
[1.350s] INFO:colcon.colcon_core.shell:Creating package descriptor '/root/rf-data-collection/install/imu-ros2node/share/imu-ros2node/package.dsv'
[1.352s] INFO:colcon.colcon_core.shell:Creating package script '/root/rf-data-collection/install/imu-ros2node/share/imu-ros2node/package.sh'
[1.353s] INFO:colcon.colcon_core.shell:Creating package script '/root/rf-data-collection/install/imu-ros2node/share/imu-ros2node/package.bash'
[1.355s] INFO:colcon.colcon_core.shell:Creating package script '/root/rf-data-collection/install/imu-ros2node/share/imu-ros2node/package.zsh'
[1.355s] Level 1:colcon.colcon_core.environment:create_file_with_runtime_dependencies(/root/rf-data-collection/install/imu-ros2node/share/colcon-core/packages/imu-ros2node)
[1.356s] Level 1:colcon.colcon_core.environment:create_environment_scripts_only(imu-ros2node)
[1.357s] Level 1:colcon.colcon_core.environment:checking '/root/rf-data-collection/install/imu-ros2node' for CMake module files
[1.357s] Level 1:colcon.colcon_core.environment:checking '/root/rf-data-collection/install/imu-ros2node' for CMake config files
[1.358s] Level 1:colcon.colcon_core.shell:create_environment_hook('imu-ros2node', 'cmake_prefix_path')
[1.358s] INFO:colcon.colcon_core.shell:Creating environment hook '/root/rf-data-collection/install/imu-ros2node/share/imu-ros2node/hook/cmake_prefix_path.ps1'
[1.359s] INFO:colcon.colcon_core.shell:Creating environment descriptor '/root/rf-data-collection/install/imu-ros2node/share/imu-ros2node/hook/cmake_prefix_path.dsv'
[1.359s] INFO:colcon.colcon_core.shell:Creating environment hook '/root/rf-data-collection/install/imu-ros2node/share/imu-ros2node/hook/cmake_prefix_path.sh'
[1.360s] Level 1:colcon.colcon_core.environment:checking '/root/rf-data-collection/install/imu-ros2node/lib'
[1.360s] Level 1:colcon.colcon_core.environment:checking '/root/rf-data-collection/install/imu-ros2node/bin'
[1.360s] Level 1:colcon.colcon_core.environment:checking '/root/rf-data-collection/install/imu-ros2node/lib/pkgconfig/imu-ros2node.pc'
[1.361s] Level 1:colcon.colcon_core.environment:checking '/root/rf-data-collection/install/imu-ros2node/lib/python3.8/site-packages'
[1.361s] Level 1:colcon.colcon_core.environment:checking '/root/rf-data-collection/install/imu-ros2node/bin'
[1.361s] INFO:colcon.colcon_core.shell:Creating package script '/root/rf-data-collection/install/imu-ros2node/share/imu-ros2node/package.ps1'
[1.362s] INFO:colcon.colcon_core.shell:Creating package descriptor '/root/rf-data-collection/install/imu-ros2node/share/imu-ros2node/package.dsv'
[1.363s] INFO:colcon.colcon_core.shell:Creating package script '/root/rf-data-collection/install/imu-ros2node/share/imu-ros2node/package.sh'
[1.363s] INFO:colcon.colcon_core.shell:Creating package script '/root/rf-data-collection/install/imu-ros2node/share/imu-ros2node/package.bash'
[1.364s] INFO:colcon.colcon_core.shell:Creating package script '/root/rf-data-collection/install/imu-ros2node/share/imu-ros2node/package.zsh'
[1.365s] Level 1:colcon.colcon_core.environment:create_file_with_runtime_dependencies(/root/rf-data-collection/install/imu-ros2node/share/colcon-core/packages/imu-ros2node)
[1.676s] DEBUG:colcon.colcon_core.event_handler.log_command:Invoking command in '/root/rf-data-collection/src/teleop_subscriber': CONDA_PROMPT_MODIFIER=(base) PYTHONPATH=/root/rf-data-collection/build/teleop_subscriber/prefix_override:/usr/lib/python3/dist-packages/colcon_core/task/python/colcon_distutils_commands:/root/rf-data-collection/install/teleop_subscriber/lib/python3.8/site-packages:${PYTHONPATH} _=/usr/bin/env /usr/bin/python3 -W ignore:setup.py install is deprecated -W ignore:easy_install command is deprecated setup.py egg_info --egg-base ../../build/teleop_subscriber build --build-base /root/rf-data-collection/build/teleop_subscriber/build install --record /root/rf-data-collection/build/teleop_subscriber/install.log --install-scripts $base/lib/teleop_subscriber --single-version-externally-managed install_data
[1.841s] DEBUG:colcon.colcon_core.event_handler.log_command:Invoking command in '/root/rf-data-collection/src/utils': CONDA_PROMPT_MODIFIER=(base) PYTHONPATH=/root/rf-data-collection/build/utils/prefix_override:/usr/lib/python3/dist-packages/colcon_core/task/python/colcon_distutils_commands:/root/rf-data-collection/install/utils/lib/python3.8/site-packages:${PYTHONPATH} _=/usr/bin/env /usr/bin/python3 -W ignore:setup.py install is deprecated -W ignore:easy_install command is deprecated setup.py egg_info --egg-base ../../build/utils build --build-base /root/rf-data-collection/build/utils/build install --record /root/rf-data-collection/build/utils/install.log --single-version-externally-managed install_data
[2.048s] Level 1:colcon.colcon_core.environment:checking '/root/rf-data-collection/install/teleop_subscriber' for CMake module files
[2.051s] DEBUG:colcon.colcon_core.event_handler.log_command:Invoked command in '/root/rf-data-collection/src/teleop_subscriber' returned '0': CONDA_PROMPT_MODIFIER=(base) PYTHONPATH=/root/rf-data-collection/build/teleop_subscriber/prefix_override:/usr/lib/python3/dist-packages/colcon_core/task/python/colcon_distutils_commands:/root/rf-data-collection/install/teleop_subscriber/lib/python3.8/site-packages:${PYTHONPATH} _=/usr/bin/env /usr/bin/python3 -W ignore:setup.py install is deprecated -W ignore:easy_install command is deprecated setup.py egg_info --egg-base ../../build/teleop_subscriber build --build-base /root/rf-data-collection/build/teleop_subscriber/build install --record /root/rf-data-collection/build/teleop_subscriber/install.log --install-scripts $base/lib/teleop_subscriber --single-version-externally-managed install_data
[2.053s] Level 1:colcon.colcon_core.environment:checking '/root/rf-data-collection/install/teleop_subscriber' for CMake config files
[2.056s] Level 1:colcon.colcon_core.environment:checking '/root/rf-data-collection/install/teleop_subscriber/lib'
[2.056s] Level 1:colcon.colcon_core.environment:checking '/root/rf-data-collection/install/teleop_subscriber/bin'
[2.057s] Level 1:colcon.colcon_core.environment:checking '/root/rf-data-collection/install/teleop_subscriber/lib/pkgconfig/teleop_subscriber.pc'
[2.058s] Level 1:colcon.colcon_core.environment:checking '/root/rf-data-collection/install/teleop_subscriber/lib/python3.8/site-packages'
[2.058s] Level 1:colcon.colcon_core.shell:create_environment_hook('teleop_subscriber', 'pythonpath')
[2.059s] INFO:colcon.colcon_core.shell:Creating environment hook '/root/rf-data-collection/install/teleop_subscriber/share/teleop_subscriber/hook/pythonpath.ps1'
[2.063s] INFO:colcon.colcon_core.shell:Creating environment descriptor '/root/rf-data-collection/install/teleop_subscriber/share/teleop_subscriber/hook/pythonpath.dsv'
[2.065s] INFO:colcon.colcon_core.shell:Creating environment hook '/root/rf-data-collection/install/teleop_subscriber/share/teleop_subscriber/hook/pythonpath.sh'
[2.068s] Level 1:colcon.colcon_core.environment:checking '/root/rf-data-collection/install/teleop_subscriber/bin'
[2.068s] Level 1:colcon.colcon_core.environment:create_environment_scripts_only(teleop_subscriber)
[2.070s] INFO:colcon.colcon_core.shell:Creating package script '/root/rf-data-collection/install/teleop_subscriber/share/teleop_subscriber/package.ps1'
[2.074s] INFO:colcon.colcon_core.shell:Creating package descriptor '/root/rf-data-collection/install/teleop_subscriber/share/teleop_subscriber/package.dsv'
[2.078s] INFO:colcon.colcon_core.shell:Creating package script '/root/rf-data-collection/install/teleop_subscriber/share/teleop_subscriber/package.sh'
[2.080s] INFO:colcon.colcon_core.shell:Creating package script '/root/rf-data-collection/install/teleop_subscriber/share/teleop_subscriber/package.bash'
[2.082s] INFO:colcon.colcon_core.shell:Creating package script '/root/rf-data-collection/install/teleop_subscriber/share/teleop_subscriber/package.zsh'
[2.083s] Level 1:colcon.colcon_core.environment:create_file_with_runtime_dependencies(/root/rf-data-collection/install/teleop_subscriber/share/colcon-core/packages/teleop_subscriber)
[2.171s] Level 1:colcon.colcon_core.environment:checking '/root/rf-data-collection/install/utils' for CMake module files
[2.180s] DEBUG:colcon.colcon_core.event_handler.log_command:Invoked command in '/root/rf-data-collection/src/utils' returned '0': CONDA_PROMPT_MODIFIER=(base) PYTHONPATH=/root/rf-data-collection/build/utils/prefix_override:/usr/lib/python3/dist-packages/colcon_core/task/python/colcon_distutils_commands:/root/rf-data-collection/install/utils/lib/python3.8/site-packages:${PYTHONPATH} _=/usr/bin/env /usr/bin/python3 -W ignore:setup.py install is deprecated -W ignore:easy_install command is deprecated setup.py egg_info --egg-base ../../build/utils build --build-base /root/rf-data-collection/build/utils/build install --record /root/rf-data-collection/build/utils/install.log --single-version-externally-managed install_data
[2.186s] Level 1:colcon.colcon_core.environment:checking '/root/rf-data-collection/install/utils' for CMake config files
[2.195s] Level 1:colcon.colcon_core.environment:checking '/root/rf-data-collection/install/utils/lib'
[2.196s] Level 1:colcon.colcon_core.environment:checking '/root/rf-data-collection/install/utils/bin'
[2.197s] Level 1:colcon.colcon_core.environment:checking '/root/rf-data-collection/install/utils/lib/pkgconfig/utils.pc'
[2.199s] Level 1:colcon.colcon_core.environment:checking '/root/rf-data-collection/install/utils/lib/python3.8/site-packages'
[2.200s] Level 1:colcon.colcon_core.shell:create_environment_hook('utils', 'pythonpath')
[2.202s] INFO:colcon.colcon_core.shell:Creating environment hook '/root/rf-data-collection/install/utils/share/utils/hook/pythonpath.ps1'
[2.205s] INFO:colcon.colcon_core.shell:Creating environment descriptor '/root/rf-data-collection/install/utils/share/utils/hook/pythonpath.dsv'
[2.207s] INFO:colcon.colcon_core.shell:Creating environment hook '/root/rf-data-collection/install/utils/share/utils/hook/pythonpath.sh'
[2.210s] Level 1:colcon.colcon_core.environment:checking '/root/rf-data-collection/install/utils/bin'
[2.210s] Level 1:colcon.colcon_core.environment:create_environment_scripts_only(utils)
[2.212s] INFO:colcon.colcon_core.shell:Creating package script '/root/rf-data-collection/install/utils/share/utils/package.ps1'
[2.215s] INFO:colcon.colcon_core.shell:Creating package descriptor '/root/rf-data-collection/install/utils/share/utils/package.dsv'
[2.217s] INFO:colcon.colcon_core.shell:Creating package script '/root/rf-data-collection/install/utils/share/utils/package.sh'
[2.219s] INFO:colcon.colcon_core.shell:Creating package script '/root/rf-data-collection/install/utils/share/utils/package.bash'
[2.221s] INFO:colcon.colcon_core.shell:Creating package script '/root/rf-data-collection/install/utils/share/utils/package.zsh'
[2.223s] Level 1:colcon.colcon_core.environment:create_file_with_runtime_dependencies(/root/rf-data-collection/install/utils/share/colcon-core/packages/utils)
[2.224s] DEBUG:colcon.colcon_parallel_executor.executor.parallel:closing loop
[2.224s] DEBUG:colcon.colcon_parallel_executor.executor.parallel:loop closed
[2.225s] DEBUG:colcon.colcon_parallel_executor.executor.parallel:run_until_complete finished with '0'
[2.225s] DEBUG:colcon.colcon_core.event_reactor:joining thread
[2.251s] INFO:colcon.colcon_core.plugin_system:Skipping extension 'colcon_notification.desktop_notification.notify_send': Could not find 'notify-send'
[2.252s] INFO:colcon.colcon_core.plugin_system:Skipping extension 'colcon_notification.desktop_notification.terminal_notifier': Not used on non-Darwin systems
[2.252s] INFO:colcon.colcon_core.plugin_system:Skipping extension 'colcon_notification.desktop_notification.win32': Not used on non-Windows systems
[2.252s] INFO:colcon.colcon_notification.desktop_notification:Sending desktop notification using 'notify2'
[2.261s] DEBUG:colcon.colcon_notification.desktop_notification.notify2:Failed to initialize notify2: org.freedesktop.DBus.Error.ServiceUnknown: The name org.freedesktop.Notifications was not provided by any .service files
[2.262s] DEBUG:colcon.colcon_core.event_reactor:joined thread
[2.264s] INFO:colcon.colcon_core.shell:Creating prefix script '/root/rf-data-collection/install/local_setup.ps1'
[2.277s] INFO:colcon.colcon_core.shell:Creating prefix util module '/root/rf-data-collection/install/_local_setup_util_ps1.py'
[2.289s] INFO:colcon.colcon_core.shell:Creating prefix chain script '/root/rf-data-collection/install/setup.ps1'
[2.295s] INFO:colcon.colcon_core.shell:Creating prefix script '/root/rf-data-collection/install/local_setup.sh'
[2.298s] INFO:colcon.colcon_core.shell:Creating prefix util module '/root/rf-data-collection/install/_local_setup_util_sh.py'
[2.301s] INFO:colcon.colcon_core.shell:Creating prefix chain script '/root/rf-data-collection/install/setup.sh'
[2.306s] INFO:colcon.colcon_core.shell:Creating prefix script '/root/rf-data-collection/install/local_setup.bash'
[2.308s] INFO:colcon.colcon_core.shell:Creating prefix chain script '/root/rf-data-collection/install/setup.bash'
[2.313s] INFO:colcon.colcon_core.shell:Creating prefix script '/root/rf-data-collection/install/local_setup.zsh'
[2.314s] INFO:colcon.colcon_core.shell:Creating prefix chain script '/root/rf-data-collection/install/setup.zsh'
