[0.051s] Invoking command in '/root/rf-data-collection/build/imu-ros2node': CMAKE_PREFIX_PATH=/opt/ros/foxy CONDA_PROMPT_MODIFIER=(base) _=/usr/bin/env /usr/bin/cmake /root/rf-data-collection/src/imu-ros2node -DCMAKE_INSTALL_PREFIX=/root/rf-data-collection/install/imu-ros2node
[0.596s] -- The C compiler identification is GNU 9.4.0
[0.947s] -- The CXX compiler identification is GNU 9.4.0
[0.975s] -- Check for working C compiler: /usr/bin/cc
[1.359s] -- Check for working C compiler: /usr/bin/cc -- works
[1.366s] -- Detecting C compiler ABI info
[1.782s] -- Detecting C compiler ABI info - done
[1.831s] -- Detecting C compile features
[1.832s] -- Detecting C compile features - done
[1.837s] -- Check for working CXX compiler: /usr/bin/c++
[2.229s] -- Check for working CXX compiler: /usr/bin/c++ -- works
[2.234s] -- Detecting CXX compiler ABI info
[2.631s] -- Detecting CXX compiler ABI info - done
[2.666s] -- Detecting CXX compile features
[2.667s] -- Detecting CXX compile features - done
[2.674s] -- Found ament_cmake: 0.9.12 (/opt/ros/foxy/share/ament_cmake/cmake)
[2.743s] -- Found PythonInterp: /root/miniconda3/bin/python3 (found suitable version "3.12.2", minimum required is "3") 
[2.744s] -- Using PYTHON_EXECUTABLE: /root/miniconda3/bin/python3
[3.101s] -- Found rclcpp: 2.4.3 (/opt/ros/foxy/share/rclcpp/cmake)
[3.183s] -- Using all available rosidl_typesupport_c: rosidl_typesupport_fastrtps_c;rosidl_typesupport_introspection_c
[3.191s] -- Found rosidl_adapter: 1.3.1 (/opt/ros/foxy/share/rosidl_adapter/cmake)
[3.769s] -- Found OpenSSL: /usr/lib/aarch64-linux-gnu/libcrypto.so (found version "1.1.1f")  
[3.874s] -- Found FastRTPS: /opt/ros/foxy/include  
[4.067s] -- Using all available rosidl_typesupport_cpp: rosidl_typesupport_fastrtps_cpp;rosidl_typesupport_introspection_cpp
[4.134s] -- Found rmw_implementation_cmake: 1.0.4 (/opt/ros/foxy/share/rmw_implementation_cmake/cmake)
[4.136s] -- Using RMW implementation 'rmw_fastrtps_cpp' as default
[4.138s] -- Looking for pthread.h
[4.567s] -- Looking for pthread.h - found
[4.567s] -- Performing Test CMAKE_HAVE_LIBC_PTHREAD
[4.998s] -- Performing Test CMAKE_HAVE_LIBC_PTHREAD - Failed
[4.999s] -- Looking for pthread_create in pthreads
[5.368s] -- Looking for pthread_create in pthreads - not found
[5.368s] -- Looking for pthread_create in pthread
[5.781s] -- Looking for pthread_create in pthread - found
[5.790s] -- Found Threads: TRUE  
[6.004s] -- Found sensor_msgs: 2.0.5 (/opt/ros/foxy/share/sensor_msgs/cmake)
[6.122s] -- Found ament_lint_auto: 0.9.8 (/opt/ros/foxy/share/ament_lint_auto/cmake)
[6.324s] -- Added test 'copyright' to check source files copyright and LICENSE
[6.326s] -- Added test 'cppcheck' to perform static code analysis on C / C++ code
[6.327s] -- Configured cppcheck include dirs: /root/rf-data-collection/src/imu-ros2node/./include
[6.329s] -- Configured cppcheck exclude dirs and/or files: 
[6.330s] -- Added test 'cpplint' to check C / C++ code against the Google style
[6.331s] -- Configured cpplint exclude dirs and/or files: 
[6.332s] -- Added test 'lint_cmake' to check CMake code style
[6.333s] -- Added test 'uncrustify' to check C / C++ code style
[6.335s] -- Configured uncrustify additional arguments: 
[6.336s] -- Added test 'xmllint' to check XML markup files
[6.339s] -- Configuring done
[6.355s] -- Generating done
[6.361s] -- Build files have been written to: /root/rf-data-collection/build/imu-ros2node
[6.383s] Invoked command in '/root/rf-data-collection/build/imu-ros2node' returned '0': CMAKE_PREFIX_PATH=/opt/ros/foxy CONDA_PROMPT_MODIFIER=(base) _=/usr/bin/env /usr/bin/cmake /root/rf-data-collection/src/imu-ros2node -DCMAKE_INSTALL_PREFIX=/root/rf-data-collection/install/imu-ros2node
[6.417s] Invoking command in '/root/rf-data-collection/build/imu-ros2node': CMAKE_PREFIX_PATH=/opt/ros/foxy CONDA_PROMPT_MODIFIER=(base) _=/usr/bin/env /usr/bin/cmake --build /root/rf-data-collection/build/imu-ros2node -- -j8 -l8
[6.660s] [35m[1mScanning dependencies of target imu-ros2node[0m
[6.662s] [35m[1mScanning dependencies of target imu-ros2test[0m
[6.824s] [ 25%] [32mBuilding CXX object CMakeFiles/imu-ros2test.dir/src/imu_node_test.cpp.o[0m
[6.865s] [ 50%] [32mBuilding CXX object CMakeFiles/imu-ros2node.dir/src/imu_node.cpp.o[0m
[10.915s] [ 75%] [32m[1mLinking CXX executable imu-ros2node[0m
[11.358s] [ 75%] Built target imu-ros2node
[12.211s] [100%] [32m[1mLinking CXX executable imu-ros2test[0m
[12.671s] [100%] Built target imu-ros2test
[12.753s] Invoked command in '/root/rf-data-collection/build/imu-ros2node' returned '0': CMAKE_PREFIX_PATH=/opt/ros/foxy CONDA_PROMPT_MODIFIER=(base) _=/usr/bin/env /usr/bin/cmake --build /root/rf-data-collection/build/imu-ros2node -- -j8 -l8
[12.810s] Invoking command in '/root/rf-data-collection/build/imu-ros2node': CMAKE_PREFIX_PATH=/opt/ros/foxy CONDA_PROMPT_MODIFIER=(base) _=/usr/bin/env /usr/bin/cmake --install /root/rf-data-collection/build/imu-ros2node
[12.850s] -- Install configuration: ""
[12.852s] -- Installing: /root/rf-data-collection/install/imu-ros2node/lib/imu-ros2node/imu-ros2node
[12.853s] -- Set runtime path of "/root/rf-data-collection/install/imu-ros2node/lib/imu-ros2node/imu-ros2node" to ""
[12.855s] -- Installing: /root/rf-data-collection/install/imu-ros2node/lib/imu-ros2node/imu-ros2test
[12.857s] -- Set runtime path of "/root/rf-data-collection/install/imu-ros2node/lib/imu-ros2node/imu-ros2test" to ""
[12.859s] -- Installing: /root/rf-data-collection/install/imu-ros2node/share/ament_index/resource_index/package_run_dependencies/imu-ros2node
[12.860s] -- Installing: /root/rf-data-collection/install/imu-ros2node/share/ament_index/resource_index/parent_prefix_path/imu-ros2node
[12.862s] -- Installing: /root/rf-data-collection/install/imu-ros2node/share/imu-ros2node/environment/ament_prefix_path.sh
[12.863s] -- Installing: /root/rf-data-collection/install/imu-ros2node/share/imu-ros2node/environment/ament_prefix_path.dsv
[12.866s] -- Installing: /root/rf-data-collection/install/imu-ros2node/share/imu-ros2node/environment/path.sh
[12.869s] -- Installing: /root/rf-data-collection/install/imu-ros2node/share/imu-ros2node/environment/path.dsv
[12.876s] -- Installing: /root/rf-data-collection/install/imu-ros2node/share/imu-ros2node/local_setup.bash
[12.878s] -- Installing: /root/rf-data-collection/install/imu-ros2node/share/imu-ros2node/local_setup.sh
[12.880s] -- Installing: /root/rf-data-collection/install/imu-ros2node/share/imu-ros2node/local_setup.zsh
[12.881s] -- Installing: /root/rf-data-collection/install/imu-ros2node/share/imu-ros2node/local_setup.dsv
[12.883s] -- Installing: /root/rf-data-collection/install/imu-ros2node/share/imu-ros2node/package.dsv
[12.884s] -- Installing: /root/rf-data-collection/install/imu-ros2node/share/ament_index/resource_index/packages/imu-ros2node
[12.886s] -- Installing: /root/rf-data-collection/install/imu-ros2node/share/imu-ros2node/cmake/imu-ros2nodeConfig.cmake
[12.887s] -- Installing: /root/rf-data-collection/install/imu-ros2node/share/imu-ros2node/cmake/imu-ros2nodeConfig-version.cmake
[12.889s] -- Installing: /root/rf-data-collection/install/imu-ros2node/share/imu-ros2node/package.xml
[12.891s] Invoked command in '/root/rf-data-collection/build/imu-ros2node' returned '0': CMAKE_PREFIX_PATH=/opt/ros/foxy CONDA_PROMPT_MODIFIER=(base) _=/usr/bin/env /usr/bin/cmake --install /root/rf-data-collection/build/imu-ros2node
