[0.070s] Invoking command in '/root/rf-data-collection/build/imu-ros2node': CMAKE_PREFIX_PATH=/opt/ros/foxy CONDA_PROMPT_MODIFIER=(base) _=/usr/bin/env /usr/bin/cmake --build /root/rf-data-collection/build/imu-ros2node -- -j8 -l8
[0.419s] [ 50%] Built target imu-ros2test
[0.423s] [100%] Built target imu-ros2node
[0.760s] Invoked command in '/root/rf-data-collection/build/imu-ros2node' returned '0': CMAKE_PREFIX_PATH=/opt/ros/foxy CONDA_PROMPT_MODIFIER=(base) _=/usr/bin/env /usr/bin/cmake --build /root/rf-data-collection/build/imu-ros2node -- -j8 -l8
[0.799s] Invoking command in '/root/rf-data-collection/build/imu-ros2node': CMAKE_PREFIX_PATH=/opt/ros/foxy CONDA_PROMPT_MODIFIER=(base) _=/usr/bin/env /usr/bin/cmake --install /root/rf-data-collection/build/imu-ros2node
[0.828s] -- Install configuration: ""
[0.830s] -- Up-to-date: /root/rf-data-collection/install/imu-ros2node/lib/imu-ros2node/imu-ros2node
[0.831s] -- Up-to-date: /root/rf-data-collection/install/imu-ros2node/lib/imu-ros2node/imu-ros2test
[0.831s] -- Up-to-date: /root/rf-data-collection/install/imu-ros2node/share/ament_index/resource_index/package_run_dependencies/imu-ros2node
[0.834s] -- Up-to-date: /root/rf-data-collection/install/imu-ros2node/share/ament_index/resource_index/parent_prefix_path/imu-ros2node
[0.835s] -- Up-to-date: /root/rf-data-collection/install/imu-ros2node/share/imu-ros2node/environment/ament_prefix_path.sh
[0.835s] -- Up-to-date: /root/rf-data-collection/install/imu-ros2node/share/imu-ros2node/environment/ament_prefix_path.dsv
[0.837s] -- Up-to-date: /root/rf-data-collection/install/imu-ros2node/share/imu-ros2node/environment/path.sh
[0.840s] -- Up-to-date: /root/rf-data-collection/install/imu-ros2node/share/imu-ros2node/environment/path.dsv
[0.842s] -- Up-to-date: /root/rf-data-collection/install/imu-ros2node/share/imu-ros2node/local_setup.bash
[0.843s] -- Up-to-date: /root/rf-data-collection/install/imu-ros2node/share/imu-ros2node/local_setup.sh
[0.844s] -- Up-to-date: /root/rf-data-collection/install/imu-ros2node/share/imu-ros2node/local_setup.zsh
[0.849s] -- Up-to-date: /root/rf-data-collection/install/imu-ros2node/share/imu-ros2node/local_setup.dsv
[0.850s] -- Installing: /root/rf-data-collection/install/imu-ros2node/share/imu-ros2node/package.dsv
[0.851s] -- Up-to-date: /root/rf-data-collection/install/imu-ros2node/share/ament_index/resource_index/packages/imu-ros2node
[0.851s] -- Up-to-date: /root/rf-data-collection/install/imu-ros2node/share/imu-ros2node/cmake/imu-ros2nodeConfig.cmake
[0.851s] -- Up-to-date: /root/rf-data-collection/install/imu-ros2node/share/imu-ros2node/cmake/imu-ros2nodeConfig-version.cmake
[0.852s] -- Up-to-date: /root/rf-data-collection/install/imu-ros2node/share/imu-ros2node/package.xml
[0.861s] Invoked command in '/root/rf-data-collection/build/imu-ros2node' returned '0': CMAKE_PREFIX_PATH=/opt/ros/foxy CONDA_PROMPT_MODIFIER=(base) _=/usr/bin/env /usr/bin/cmake --install /root/rf-data-collection/build/imu-ros2node
