[1.335s] Invoking command in '/root/rf-data-collection/src/utils': PYTHONPATH=/root/rf-data-collection/build/utils/prefix_override:/usr/lib/python3/dist-packages/colcon_core/task/python/colcon_distutils_commands:/root/rf-data-collection/install/utils/lib/python3.8/site-packages:${PYTHONPATH} _=/usr/bin/env /usr/bin/python3 -W ignore:setup.py install is deprecated -W ignore:easy_install command is deprecated setup.py egg_info --egg-base ../../build/utils build --build-base /root/rf-data-collection/build/utils/build install --record /root/rf-data-collection/build/utils/install.log --single-version-externally-managed install_data
[1.582s] running egg_info
[1.584s] writing ../../build/utils/utils.egg-info/PKG-INFO
[1.585s] writing dependency_links to ../../build/utils/utils.egg-info/dependency_links.txt
[1.586s] writing entry points to ../../build/utils/utils.egg-info/entry_points.txt
[1.588s] writing requirements to ../../build/utils/utils.egg-info/requires.txt
[1.589s] writing top-level names to ../../build/utils/utils.egg-info/top_level.txt
[1.621s] reading manifest file '../../build/utils/utils.egg-info/SOURCES.txt'
[1.623s] writing manifest file '../../build/utils/utils.egg-info/SOURCES.txt'
[1.625s] running build
[1.627s] running build_py
[1.628s] running install
[1.630s] running install_lib
[1.631s] running install_data
[1.633s] running install_egg_info
[1.633s] removing '/root/rf-data-collection/install/utils/lib/python3.8/site-packages/utils-0.0.0-py3.8.egg-info' (and everything under it)
[1.634s] Copying ../../build/utils/utils.egg-info to /root/rf-data-collection/install/utils/lib/python3.8/site-packages/utils-0.0.0-py3.8.egg-info
[1.635s] running install_scripts
[1.644s] Installing camera_viewer script to /root/rf-data-collection/install/utils/lib/utils
[1.646s] writing list of installed files to '/root/rf-data-collection/build/utils/install.log'
[1.686s] Invoked command in '/root/rf-data-collection/src/utils' returned '0': PYTHONPATH=/root/rf-data-collection/build/utils/prefix_override:/usr/lib/python3/dist-packages/colcon_core/task/python/colcon_distutils_commands:/root/rf-data-collection/install/utils/lib/python3.8/site-packages:${PYTHONPATH} _=/usr/bin/env /usr/bin/python3 -W ignore:setup.py install is deprecated -W ignore:easy_install command is deprecated setup.py egg_info --egg-base ../../build/utils build --build-base /root/rf-data-collection/build/utils/build install --record /root/rf-data-collection/build/utils/install.log --single-version-externally-managed install_data
