[0.424s] DEBUG:colcon:Command line arguments: ['/usr/bin/colcon', 'build']
[0.424s] DEBUG:colcon:Parsed command line arguments: Namespace(allow_overriding=[], ament_cmake_args=None, base_paths=['.'], build_base='build', catkin_cmake_args=None, catkin_skip_building_tests=False, cmake_args=None, cmake_clean_cache=False, cmake_clean_first=False, cmake_force_configure=False, cmake_target=None, cmake_target_skip_unavailable=False, continue_on_error=False, event_handlers=None, executor='parallel', ignore_user_meta=False, install_base='install', log_base=None, log_level=None, main=<bound method BuildVerb.main of <colcon_core.verb.build.BuildVerb object at 0x7f935e5370>>, merge_install=False, metas=['./colcon.meta'], mixin=None, mixin_files=None, mixin_verb=('build',), packages_above=None, packages_above_and_dependencies=None, packages_above_depth=None, packages_end=None, packages_ignore=None, packages_ignore_regex=None, packages_select=None, packages_select_build_failed=False, packages_select_by_dep=None, packages_select_regex=None, packages_select_test_failures=False, packages_skip=None, packages_skip_build_finished=False, packages_skip_by_dep=None, packages_skip_regex=None, packages_skip_test_passed=False, packages_skip_up_to=None, packages_start=None, packages_up_to=None, packages_up_to_regex=None, parallel_workers=8, paths=None, symlink_install=False, test_result_base=None, verb_extension=<colcon_core.verb.build.BuildVerb object at 0x7f935e5370>, verb_name='build', verb_parser=<colcon_mixin.mixin.mixin_argument.MixinArgumentDecorator object at 0x7f935e59a0>)
[0.589s] Level 1:colcon.colcon_core.package_discovery:discover_packages(colcon_meta) check parameters
[0.589s] Level 1:colcon.colcon_core.package_discovery:discover_packages(recursive) check parameters
[0.589s] Level 1:colcon.colcon_core.package_discovery:discover_packages(ignore) check parameters
[0.589s] Level 1:colcon.colcon_core.package_discovery:discover_packages(path) check parameters
[0.589s] Level 1:colcon.colcon_core.package_discovery:discover_packages(colcon_meta) discover
[0.589s] Level 1:colcon.colcon_core.package_discovery:discover_packages(recursive) discover
[0.589s] INFO:colcon.colcon_core.package_discovery:Crawling recursively for packages in '/root/rf-data-collection'
[0.589s] Level 1:colcon.colcon_core.package_identification:_identify(.) by extensions ['ignore', 'ignore_ament_install']
[0.589s] Level 1:colcon.colcon_core.package_identification:_identify(.) by extension 'ignore'
[0.589s] Level 1:colcon.colcon_core.package_identification:_identify(.) by extension 'ignore_ament_install'
[0.590s] Level 1:colcon.colcon_core.package_identification:_identify(.) by extensions ['colcon_pkg']
[0.590s] Level 1:colcon.colcon_core.package_identification:_identify(.) by extension 'colcon_pkg'
[0.590s] Level 1:colcon.colcon_core.package_identification:_identify(.) by extensions ['colcon_meta']
[0.590s] Level 1:colcon.colcon_core.package_identification:_identify(.) by extension 'colcon_meta'
[0.590s] Level 1:colcon.colcon_core.package_identification:_identify(.) by extensions ['ros']
[0.590s] Level 1:colcon.colcon_core.package_identification:_identify(.) by extension 'ros'
[0.605s] Level 1:colcon.colcon_core.package_identification:_identify(.) by extensions ['cmake', 'python']
[0.605s] Level 1:colcon.colcon_core.package_identification:_identify(.) by extension 'cmake'
[0.605s] Level 1:colcon.colcon_core.package_identification:_identify(.) by extension 'python'
[0.605s] Level 1:colcon.colcon_core.package_identification:_identify(.) by extensions ['python_setup_py']
[0.606s] Level 1:colcon.colcon_core.package_identification:_identify(.) by extension 'python_setup_py'
[0.606s] Level 1:colcon.colcon_core.package_identification:_identify(build) by extensions ['ignore', 'ignore_ament_install']
[0.606s] Level 1:colcon.colcon_core.package_identification:_identify(build) by extension 'ignore'
[0.606s] Level 1:colcon.colcon_core.package_identification:_identify(build) ignored
[0.606s] Level 1:colcon.colcon_core.package_identification:_identify(install) by extensions ['ignore', 'ignore_ament_install']
[0.606s] Level 1:colcon.colcon_core.package_identification:_identify(install) by extension 'ignore'
[0.606s] Level 1:colcon.colcon_core.package_identification:_identify(install) ignored
[0.606s] Level 1:colcon.colcon_core.package_identification:_identify(log) by extensions ['ignore', 'ignore_ament_install']
[0.606s] Level 1:colcon.colcon_core.package_identification:_identify(log) by extension 'ignore'
[0.606s] Level 1:colcon.colcon_core.package_identification:_identify(log) ignored
[0.606s] Level 1:colcon.colcon_core.package_identification:_identify(src) by extensions ['ignore', 'ignore_ament_install']
[0.607s] Level 1:colcon.colcon_core.package_identification:_identify(src) by extension 'ignore'
[0.607s] Level 1:colcon.colcon_core.package_identification:_identify(src) by extension 'ignore_ament_install'
[0.607s] Level 1:colcon.colcon_core.package_identification:_identify(src) by extensions ['colcon_pkg']
[0.607s] Level 1:colcon.colcon_core.package_identification:_identify(src) by extension 'colcon_pkg'
[0.607s] Level 1:colcon.colcon_core.package_identification:_identify(src) by extensions ['colcon_meta']
[0.607s] Level 1:colcon.colcon_core.package_identification:_identify(src) by extension 'colcon_meta'
[0.607s] Level 1:colcon.colcon_core.package_identification:_identify(src) by extensions ['ros']
[0.607s] Level 1:colcon.colcon_core.package_identification:_identify(src) by extension 'ros'
[0.607s] Level 1:colcon.colcon_core.package_identification:_identify(src) by extensions ['cmake', 'python']
[0.607s] Level 1:colcon.colcon_core.package_identification:_identify(src) by extension 'cmake'
[0.607s] Level 1:colcon.colcon_core.package_identification:_identify(src) by extension 'python'
[0.607s] Level 1:colcon.colcon_core.package_identification:_identify(src) by extensions ['python_setup_py']
[0.607s] Level 1:colcon.colcon_core.package_identification:_identify(src) by extension 'python_setup_py'
[0.607s] Level 1:colcon.colcon_core.package_identification:_identify(src/build) by extensions ['ignore', 'ignore_ament_install']
[0.607s] Level 1:colcon.colcon_core.package_identification:_identify(src/build) by extension 'ignore'
[0.607s] Level 1:colcon.colcon_core.package_identification:_identify(src/build) ignored
[0.607s] Level 1:colcon.colcon_core.package_identification:_identify(src/imu-ros2node) by extensions ['ignore', 'ignore_ament_install']
[0.607s] Level 1:colcon.colcon_core.package_identification:_identify(src/imu-ros2node) by extension 'ignore'
[0.607s] Level 1:colcon.colcon_core.package_identification:_identify(src/imu-ros2node) by extension 'ignore_ament_install'
[0.607s] Level 1:colcon.colcon_core.package_identification:_identify(src/imu-ros2node) by extensions ['colcon_pkg']
[0.607s] Level 1:colcon.colcon_core.package_identification:_identify(src/imu-ros2node) by extension 'colcon_pkg'
[0.608s] Level 1:colcon.colcon_core.package_identification:_identify(src/imu-ros2node) by extensions ['colcon_meta']
[0.608s] Level 1:colcon.colcon_core.package_identification:_identify(src/imu-ros2node) by extension 'colcon_meta'
[0.608s] Level 1:colcon.colcon_core.package_identification:_identify(src/imu-ros2node) by extensions ['ros']
[0.608s] Level 1:colcon.colcon_core.package_identification:_identify(src/imu-ros2node) by extension 'ros'
[0.611s] DEBUG:colcon.colcon_core.package_identification:Package 'src/imu-ros2node' with type 'ros.ament_cmake' and name 'imu-ros2node'
[0.611s] Level 1:colcon.colcon_core.package_identification:_identify(src/install) by extensions ['ignore', 'ignore_ament_install']
[0.611s] Level 1:colcon.colcon_core.package_identification:_identify(src/install) by extension 'ignore'
[0.611s] Level 1:colcon.colcon_core.package_identification:_identify(src/install) ignored
[0.611s] Level 1:colcon.colcon_core.package_identification:_identify(src/log) by extensions ['ignore', 'ignore_ament_install']
[0.611s] Level 1:colcon.colcon_core.package_identification:_identify(src/log) by extension 'ignore'
[0.611s] Level 1:colcon.colcon_core.package_identification:_identify(src/log) ignored
[0.611s] Level 1:colcon.colcon_core.package_identification:_identify(src/teleop_subscriber) by extensions ['ignore', 'ignore_ament_install']
[0.611s] Level 1:colcon.colcon_core.package_identification:_identify(src/teleop_subscriber) by extension 'ignore'
[0.611s] Level 1:colcon.colcon_core.package_identification:_identify(src/teleop_subscriber) by extension 'ignore_ament_install'
[0.611s] Level 1:colcon.colcon_core.package_identification:_identify(src/teleop_subscriber) by extensions ['colcon_pkg']
[0.611s] Level 1:colcon.colcon_core.package_identification:_identify(src/teleop_subscriber) by extension 'colcon_pkg'
[0.611s] Level 1:colcon.colcon_core.package_identification:_identify(src/teleop_subscriber) by extensions ['colcon_meta']
[0.612s] Level 1:colcon.colcon_core.package_identification:_identify(src/teleop_subscriber) by extension 'colcon_meta'
[0.612s] Level 1:colcon.colcon_core.package_identification:_identify(src/teleop_subscriber) by extensions ['ros']
[0.612s] Level 1:colcon.colcon_core.package_identification:_identify(src/teleop_subscriber) by extension 'ros'
[0.613s] DEBUG:colcon.colcon_core.package_identification:Package 'src/teleop_subscriber' with type 'ros.ament_python' and name 'teleop_subscriber'
[0.614s] Level 1:colcon.colcon_core.package_discovery:discover_packages(recursive) using defaults
[0.614s] Level 1:colcon.colcon_core.package_discovery:discover_packages(ignore) discover
[0.614s] Level 1:colcon.colcon_core.package_discovery:discover_packages(ignore) using defaults
[0.614s] Level 1:colcon.colcon_core.package_discovery:discover_packages(path) discover
[0.614s] Level 1:colcon.colcon_core.package_discovery:discover_packages(path) using defaults
[0.640s] Level 1:colcon.colcon_core.package_discovery:discover_packages(prefix_path) check parameters
[0.640s] Level 1:colcon.colcon_core.package_discovery:discover_packages(prefix_path) discover
[0.644s] DEBUG:colcon.colcon_installed_package_information.package_discovery:Found 233 installed packages in /opt/ros/foxy
[0.645s] Level 1:colcon.colcon_core.package_discovery:discover_packages(prefix_path) using defaults
[0.709s] Level 5:colcon.colcon_core.verb:set package 'imu-ros2node' build argument 'cmake_args' from command line to 'None'
[0.709s] Level 5:colcon.colcon_core.verb:set package 'imu-ros2node' build argument 'cmake_target' from command line to 'None'
[0.709s] Level 5:colcon.colcon_core.verb:set package 'imu-ros2node' build argument 'cmake_target_skip_unavailable' from command line to 'False'
[0.709s] Level 5:colcon.colcon_core.verb:set package 'imu-ros2node' build argument 'cmake_clean_cache' from command line to 'False'
[0.709s] Level 5:colcon.colcon_core.verb:set package 'imu-ros2node' build argument 'cmake_clean_first' from command line to 'False'
[0.709s] Level 5:colcon.colcon_core.verb:set package 'imu-ros2node' build argument 'cmake_force_configure' from command line to 'False'
[0.709s] Level 5:colcon.colcon_core.verb:set package 'imu-ros2node' build argument 'ament_cmake_args' from command line to 'None'
[0.709s] Level 5:colcon.colcon_core.verb:set package 'imu-ros2node' build argument 'catkin_cmake_args' from command line to 'None'
[0.709s] Level 5:colcon.colcon_core.verb:set package 'imu-ros2node' build argument 'catkin_skip_building_tests' from command line to 'False'
[0.709s] DEBUG:colcon.colcon_core.verb:Building package 'imu-ros2node' with the following arguments: {'ament_cmake_args': None, 'build_base': '/root/rf-data-collection/build/imu-ros2node', 'catkin_cmake_args': None, 'catkin_skip_building_tests': False, 'cmake_args': None, 'cmake_clean_cache': False, 'cmake_clean_first': False, 'cmake_force_configure': False, 'cmake_target': None, 'cmake_target_skip_unavailable': False, 'install_base': '/root/rf-data-collection/install/imu-ros2node', 'merge_install': False, 'path': '/root/rf-data-collection/src/imu-ros2node', 'symlink_install': False, 'test_result_base': None}
[0.709s] Level 5:colcon.colcon_core.verb:set package 'teleop_subscriber' build argument 'cmake_args' from command line to 'None'
[0.709s] Level 5:colcon.colcon_core.verb:set package 'teleop_subscriber' build argument 'cmake_target' from command line to 'None'
[0.709s] Level 5:colcon.colcon_core.verb:set package 'teleop_subscriber' build argument 'cmake_target_skip_unavailable' from command line to 'False'
[0.709s] Level 5:colcon.colcon_core.verb:set package 'teleop_subscriber' build argument 'cmake_clean_cache' from command line to 'False'
[0.709s] Level 5:colcon.colcon_core.verb:set package 'teleop_subscriber' build argument 'cmake_clean_first' from command line to 'False'
[0.709s] Level 5:colcon.colcon_core.verb:set package 'teleop_subscriber' build argument 'cmake_force_configure' from command line to 'False'
[0.710s] Level 5:colcon.colcon_core.verb:set package 'teleop_subscriber' build argument 'ament_cmake_args' from command line to 'None'
[0.710s] Level 5:colcon.colcon_core.verb:set package 'teleop_subscriber' build argument 'catkin_cmake_args' from command line to 'None'
[0.710s] Level 5:colcon.colcon_core.verb:set package 'teleop_subscriber' build argument 'catkin_skip_building_tests' from command line to 'False'
[0.710s] DEBUG:colcon.colcon_core.verb:Building package 'teleop_subscriber' with the following arguments: {'ament_cmake_args': None, 'build_base': '/root/rf-data-collection/build/teleop_subscriber', 'catkin_cmake_args': None, 'catkin_skip_building_tests': False, 'cmake_args': None, 'cmake_clean_cache': False, 'cmake_clean_first': False, 'cmake_force_configure': False, 'cmake_target': None, 'cmake_target_skip_unavailable': False, 'install_base': '/root/rf-data-collection/install/teleop_subscriber', 'merge_install': False, 'path': '/root/rf-data-collection/src/teleop_subscriber', 'symlink_install': False, 'test_result_base': None}
[0.710s] INFO:colcon.colcon_core.executor:Executing jobs using 'parallel' executor
[0.712s] DEBUG:colcon.colcon_parallel_executor.executor.parallel:run_until_complete
[0.712s] INFO:colcon.colcon_ros.task.ament_cmake.build:Building ROS package in '/root/rf-data-collection/src/imu-ros2node' with build type 'ament_cmake'
[0.712s] INFO:colcon.colcon_cmake.task.cmake.build:Building CMake package in '/root/rf-data-collection/src/imu-ros2node'
[0.720s] INFO:colcon.colcon_core.plugin_system:Skipping extension 'colcon_core.shell.bat': Not used on non-Windows systems
[0.720s] INFO:colcon.colcon_core.shell:Skip shell extension 'powershell' for command environment: Not usable outside of PowerShell
[0.720s] DEBUG:colcon.colcon_core.shell:Skip shell extension 'dsv' for command environment
[0.730s] INFO:colcon.colcon_ros.task.ament_python.build:Building ROS package in '/root/rf-data-collection/src/teleop_subscriber' with build type 'ament_python'
[0.730s] Level 1:colcon.colcon_core.shell:create_environment_hook('teleop_subscriber', 'ament_prefix_path')
[0.731s] INFO:colcon.colcon_core.shell:Creating environment hook '/root/rf-data-collection/install/teleop_subscriber/share/teleop_subscriber/hook/ament_prefix_path.ps1'
[0.733s] INFO:colcon.colcon_core.shell:Creating environment descriptor '/root/rf-data-collection/install/teleop_subscriber/share/teleop_subscriber/hook/ament_prefix_path.dsv'
[0.734s] INFO:colcon.colcon_core.shell:Creating environment hook '/root/rf-data-collection/install/teleop_subscriber/share/teleop_subscriber/hook/ament_prefix_path.sh'
[0.735s] INFO:colcon.colcon_core.shell:Skip shell extension 'powershell' for command environment: Not usable outside of PowerShell
[0.735s] DEBUG:colcon.colcon_core.shell:Skip shell extension 'dsv' for command environment
[0.771s] DEBUG:colcon.colcon_core.event_handler.log_command:Invoking command in '/root/rf-data-collection/build/imu-ros2node': CMAKE_PREFIX_PATH=/opt/ros/foxy CONDA_PROMPT_MODIFIER=(base) _=/usr/bin/env /usr/bin/cmake /root/rf-data-collection/src/imu-ros2node -DCMAKE_INSTALL_PREFIX=/root/rf-data-collection/install/imu-ros2node
[1.011s] INFO:colcon.colcon_core.task.python.build:Building Python package in '/root/rf-data-collection/src/teleop_subscriber'
[1.013s] INFO:colcon.colcon_core.shell:Skip shell extension 'powershell' for command environment: Not usable outside of PowerShell
[1.013s] DEBUG:colcon.colcon_core.shell:Skip shell extension 'dsv' for command environment
[1.661s] DEBUG:colcon.colcon_core.event_handler.log_command:Invoking command in '/root/rf-data-collection/src/teleop_subscriber': CONDA_PROMPT_MODIFIER=(base) PYTHONPATH=/root/rf-data-collection/build/teleop_subscriber/prefix_override:/usr/lib/python3/dist-packages/colcon_core/task/python/colcon_distutils_commands:/root/rf-data-collection/install/teleop_subscriber/lib/python3.8/site-packages:${PYTHONPATH} _=/usr/bin/env /usr/bin/python3 -W ignore:setup.py install is deprecated -W ignore:easy_install command is deprecated setup.py egg_info --egg-base ../../build/teleop_subscriber build --build-base /root/rf-data-collection/build/teleop_subscriber/build install --record /root/rf-data-collection/build/teleop_subscriber/install.log --install-scripts $base/lib/teleop_subscriber --single-version-externally-managed install_data
[1.984s] DEBUG:colcon.colcon_core.event_handler.log_command:Invoked command in '/root/rf-data-collection/src/teleop_subscriber' returned '0': CONDA_PROMPT_MODIFIER=(base) PYTHONPATH=/root/rf-data-collection/build/teleop_subscriber/prefix_override:/usr/lib/python3/dist-packages/colcon_core/task/python/colcon_distutils_commands:/root/rf-data-collection/install/teleop_subscriber/lib/python3.8/site-packages:${PYTHONPATH} _=/usr/bin/env /usr/bin/python3 -W ignore:setup.py install is deprecated -W ignore:easy_install command is deprecated setup.py egg_info --egg-base ../../build/teleop_subscriber build --build-base /root/rf-data-collection/build/teleop_subscriber/build install --record /root/rf-data-collection/build/teleop_subscriber/install.log --install-scripts $base/lib/teleop_subscriber --single-version-externally-managed install_data
[2.011s] Level 1:colcon.colcon_core.environment:checking '/root/rf-data-collection/install/teleop_subscriber' for CMake module files
[2.015s] Level 1:colcon.colcon_core.environment:checking '/root/rf-data-collection/install/teleop_subscriber' for CMake config files
[2.020s] Level 1:colcon.colcon_core.environment:checking '/root/rf-data-collection/install/teleop_subscriber/lib'
[2.021s] Level 1:colcon.colcon_core.environment:checking '/root/rf-data-collection/install/teleop_subscriber/bin'
[2.021s] Level 1:colcon.colcon_core.environment:checking '/root/rf-data-collection/install/teleop_subscriber/lib/pkgconfig/teleop_subscriber.pc'
[2.022s] Level 1:colcon.colcon_core.environment:checking '/root/rf-data-collection/install/teleop_subscriber/lib/python3.8/site-packages'
[2.022s] Level 1:colcon.colcon_core.shell:create_environment_hook('teleop_subscriber', 'pythonpath')
[2.024s] INFO:colcon.colcon_core.shell:Creating environment hook '/root/rf-data-collection/install/teleop_subscriber/share/teleop_subscriber/hook/pythonpath.ps1'
[2.028s] INFO:colcon.colcon_core.shell:Creating environment descriptor '/root/rf-data-collection/install/teleop_subscriber/share/teleop_subscriber/hook/pythonpath.dsv'
[2.029s] INFO:colcon.colcon_core.shell:Creating environment hook '/root/rf-data-collection/install/teleop_subscriber/share/teleop_subscriber/hook/pythonpath.sh'
[2.031s] Level 1:colcon.colcon_core.environment:checking '/root/rf-data-collection/install/teleop_subscriber/bin'
[2.032s] Level 1:colcon.colcon_core.environment:create_environment_scripts_only(teleop_subscriber)
[2.033s] INFO:colcon.colcon_core.shell:Creating package script '/root/rf-data-collection/install/teleop_subscriber/share/teleop_subscriber/package.ps1'
[2.038s] INFO:colcon.colcon_core.shell:Creating package descriptor '/root/rf-data-collection/install/teleop_subscriber/share/teleop_subscriber/package.dsv'
[2.040s] INFO:colcon.colcon_core.shell:Creating package script '/root/rf-data-collection/install/teleop_subscriber/share/teleop_subscriber/package.sh'
[2.041s] INFO:colcon.colcon_core.shell:Creating package script '/root/rf-data-collection/install/teleop_subscriber/share/teleop_subscriber/package.bash'
[2.043s] INFO:colcon.colcon_core.shell:Creating package script '/root/rf-data-collection/install/teleop_subscriber/share/teleop_subscriber/package.zsh'
[2.044s] Level 1:colcon.colcon_core.environment:create_file_with_runtime_dependencies(/root/rf-data-collection/install/teleop_subscriber/share/colcon-core/packages/teleop_subscriber)
[7.100s] DEBUG:colcon.colcon_core.event_handler.log_command:Invoked command in '/root/rf-data-collection/build/imu-ros2node' returned '0': CMAKE_PREFIX_PATH=/opt/ros/foxy CONDA_PROMPT_MODIFIER=(base) _=/usr/bin/env /usr/bin/cmake /root/rf-data-collection/src/imu-ros2node -DCMAKE_INSTALL_PREFIX=/root/rf-data-collection/install/imu-ros2node
[7.133s] DEBUG:colcon.colcon_core.event_handler.log_command:Invoking command in '/root/rf-data-collection/build/imu-ros2node': CMAKE_PREFIX_PATH=/opt/ros/foxy CONDA_PROMPT_MODIFIER=(base) _=/usr/bin/env /usr/bin/cmake --build /root/rf-data-collection/build/imu-ros2node -- -j8 -l8
[13.469s] DEBUG:colcon.colcon_core.event_handler.log_command:Invoked command in '/root/rf-data-collection/build/imu-ros2node' returned '0': CMAKE_PREFIX_PATH=/opt/ros/foxy CONDA_PROMPT_MODIFIER=(base) _=/usr/bin/env /usr/bin/cmake --build /root/rf-data-collection/build/imu-ros2node -- -j8 -l8
[13.527s] DEBUG:colcon.colcon_core.event_handler.log_command:Invoking command in '/root/rf-data-collection/build/imu-ros2node': CMAKE_PREFIX_PATH=/opt/ros/foxy CONDA_PROMPT_MODIFIER=(base) _=/usr/bin/env /usr/bin/cmake --install /root/rf-data-collection/build/imu-ros2node
[13.584s] Level 1:colcon.colcon_core.environment:create_environment_scripts_only(imu-ros2node)
[13.587s] Level 1:colcon.colcon_core.environment:checking '/root/rf-data-collection/install/imu-ros2node' for CMake module files
[13.607s] DEBUG:colcon.colcon_core.event_handler.log_command:Invoked command in '/root/rf-data-collection/build/imu-ros2node' returned '0': CMAKE_PREFIX_PATH=/opt/ros/foxy CONDA_PROMPT_MODIFIER=(base) _=/usr/bin/env /usr/bin/cmake --install /root/rf-data-collection/build/imu-ros2node
[13.608s] Level 1:colcon.colcon_core.environment:checking '/root/rf-data-collection/install/imu-ros2node' for CMake config files
[13.611s] Level 1:colcon.colcon_core.shell:create_environment_hook('imu-ros2node', 'cmake_prefix_path')
[13.614s] INFO:colcon.colcon_core.shell:Creating environment hook '/root/rf-data-collection/install/imu-ros2node/share/imu-ros2node/hook/cmake_prefix_path.ps1'
[13.619s] INFO:colcon.colcon_core.shell:Creating environment descriptor '/root/rf-data-collection/install/imu-ros2node/share/imu-ros2node/hook/cmake_prefix_path.dsv'
[13.622s] INFO:colcon.colcon_core.shell:Creating environment hook '/root/rf-data-collection/install/imu-ros2node/share/imu-ros2node/hook/cmake_prefix_path.sh'
[13.626s] Level 1:colcon.colcon_core.environment:checking '/root/rf-data-collection/install/imu-ros2node/lib'
[13.627s] Level 1:colcon.colcon_core.environment:checking '/root/rf-data-collection/install/imu-ros2node/bin'
[13.628s] Level 1:colcon.colcon_core.environment:checking '/root/rf-data-collection/install/imu-ros2node/lib/pkgconfig/imu-ros2node.pc'
[13.630s] Level 1:colcon.colcon_core.environment:checking '/root/rf-data-collection/install/imu-ros2node/lib/python3.8/site-packages'
[13.631s] Level 1:colcon.colcon_core.environment:checking '/root/rf-data-collection/install/imu-ros2node/bin'
[13.634s] INFO:colcon.colcon_core.shell:Creating package script '/root/rf-data-collection/install/imu-ros2node/share/imu-ros2node/package.ps1'
[13.637s] INFO:colcon.colcon_core.shell:Creating package descriptor '/root/rf-data-collection/install/imu-ros2node/share/imu-ros2node/package.dsv'
[13.639s] INFO:colcon.colcon_core.shell:Creating package script '/root/rf-data-collection/install/imu-ros2node/share/imu-ros2node/package.sh'
[13.642s] INFO:colcon.colcon_core.shell:Creating package script '/root/rf-data-collection/install/imu-ros2node/share/imu-ros2node/package.bash'
[13.644s] INFO:colcon.colcon_core.shell:Creating package script '/root/rf-data-collection/install/imu-ros2node/share/imu-ros2node/package.zsh'
[13.645s] Level 1:colcon.colcon_core.environment:create_file_with_runtime_dependencies(/root/rf-data-collection/install/imu-ros2node/share/colcon-core/packages/imu-ros2node)
[13.649s] Level 1:colcon.colcon_core.environment:create_environment_scripts_only(imu-ros2node)
[13.650s] Level 1:colcon.colcon_core.environment:checking '/root/rf-data-collection/install/imu-ros2node' for CMake module files
[13.654s] Level 1:colcon.colcon_core.environment:checking '/root/rf-data-collection/install/imu-ros2node' for CMake config files
[13.655s] Level 1:colcon.colcon_core.shell:create_environment_hook('imu-ros2node', 'cmake_prefix_path')
[13.656s] INFO:colcon.colcon_core.shell:Creating environment hook '/root/rf-data-collection/install/imu-ros2node/share/imu-ros2node/hook/cmake_prefix_path.ps1'
[13.657s] INFO:colcon.colcon_core.shell:Creating environment descriptor '/root/rf-data-collection/install/imu-ros2node/share/imu-ros2node/hook/cmake_prefix_path.dsv'
[13.659s] INFO:colcon.colcon_core.shell:Creating environment hook '/root/rf-data-collection/install/imu-ros2node/share/imu-ros2node/hook/cmake_prefix_path.sh'
[13.661s] Level 1:colcon.colcon_core.environment:checking '/root/rf-data-collection/install/imu-ros2node/lib'
[13.661s] Level 1:colcon.colcon_core.environment:checking '/root/rf-data-collection/install/imu-ros2node/bin'
[13.661s] Level 1:colcon.colcon_core.environment:checking '/root/rf-data-collection/install/imu-ros2node/lib/pkgconfig/imu-ros2node.pc'
[13.662s] Level 1:colcon.colcon_core.environment:checking '/root/rf-data-collection/install/imu-ros2node/lib/python3.8/site-packages'
[13.663s] Level 1:colcon.colcon_core.environment:checking '/root/rf-data-collection/install/imu-ros2node/bin'
[13.664s] INFO:colcon.colcon_core.shell:Creating package script '/root/rf-data-collection/install/imu-ros2node/share/imu-ros2node/package.ps1'
[13.666s] INFO:colcon.colcon_core.shell:Creating package descriptor '/root/rf-data-collection/install/imu-ros2node/share/imu-ros2node/package.dsv'
[13.668s] INFO:colcon.colcon_core.shell:Creating package script '/root/rf-data-collection/install/imu-ros2node/share/imu-ros2node/package.sh'
[13.670s] INFO:colcon.colcon_core.shell:Creating package script '/root/rf-data-collection/install/imu-ros2node/share/imu-ros2node/package.bash'
[13.670s] INFO:colcon.colcon_core.shell:Creating package script '/root/rf-data-collection/install/imu-ros2node/share/imu-ros2node/package.zsh'
[13.671s] Level 1:colcon.colcon_core.environment:create_file_with_runtime_dependencies(/root/rf-data-collection/install/imu-ros2node/share/colcon-core/packages/imu-ros2node)
[13.671s] DEBUG:colcon.colcon_parallel_executor.executor.parallel:closing loop
[13.672s] DEBUG:colcon.colcon_parallel_executor.executor.parallel:loop closed
[13.672s] DEBUG:colcon.colcon_parallel_executor.executor.parallel:run_until_complete finished with '0'
[13.672s] DEBUG:colcon.colcon_core.event_reactor:joining thread
[13.724s] INFO:colcon.colcon_core.plugin_system:Skipping extension 'colcon_notification.desktop_notification.notify_send': Could not find 'notify-send'
[13.724s] INFO:colcon.colcon_core.plugin_system:Skipping extension 'colcon_notification.desktop_notification.terminal_notifier': Not used on non-Darwin systems
[13.725s] INFO:colcon.colcon_core.plugin_system:Skipping extension 'colcon_notification.desktop_notification.win32': Not used on non-Windows systems
[13.725s] INFO:colcon.colcon_notification.desktop_notification:Sending desktop notification using 'notify2'
[13.759s] DEBUG:colcon.colcon_notification.desktop_notification.notify2:Failed to initialize notify2: org.freedesktop.DBus.Error.ServiceUnknown: The name org.freedesktop.Notifications was not provided by any .service files
[13.760s] DEBUG:colcon.colcon_core.event_reactor:joined thread
[13.761s] INFO:colcon.colcon_core.shell:Creating prefix script '/root/rf-data-collection/install/local_setup.ps1'
[13.767s] INFO:colcon.colcon_core.shell:Creating prefix util module '/root/rf-data-collection/install/_local_setup_util_ps1.py'
[13.774s] INFO:colcon.colcon_core.shell:Creating prefix chain script '/root/rf-data-collection/install/setup.ps1'
[13.779s] INFO:colcon.colcon_core.shell:Creating prefix script '/root/rf-data-collection/install/local_setup.sh'
[13.782s] INFO:colcon.colcon_core.shell:Creating prefix util module '/root/rf-data-collection/install/_local_setup_util_sh.py'
[13.783s] INFO:colcon.colcon_core.shell:Creating prefix chain script '/root/rf-data-collection/install/setup.sh'
[13.785s] INFO:colcon.colcon_core.shell:Creating prefix script '/root/rf-data-collection/install/local_setup.bash'
[13.787s] INFO:colcon.colcon_core.shell:Creating prefix chain script '/root/rf-data-collection/install/setup.bash'
[13.789s] INFO:colcon.colcon_core.shell:Creating prefix script '/root/rf-data-collection/install/local_setup.zsh'
[13.790s] INFO:colcon.colcon_core.shell:Creating prefix chain script '/root/rf-data-collection/install/setup.zsh'
