[0.103s] Invoking command in '/root/rf-data-collection/build/imu-ros2node': CMAKE_PREFIX_PATH=${CMAKE_PREFIX_PATH}:/root/rf-data-collection/install/utils:/root/rf-data-collection/install/teleop_subscriber:/opt/ros/foxy CONDA_PROMPT_MODIFIER=(base) _=/usr/bin/env /usr/bin/cmake --build /root/rf-data-collection/build/imu-ros2node -- -j8 -l8
[0.415s] [ 50%] Built target imu-ros2test
[0.416s] [100%] Built target imu-ros2node
[0.769s] Invoked command in '/root/rf-data-collection/build/imu-ros2node' returned '0': CMAKE_PREFIX_PATH=${CMAKE_PREFIX_PATH}:/root/rf-data-collection/install/utils:/root/rf-data-collection/install/teleop_subscriber:/opt/ros/foxy CONDA_PROMPT_MODIFIER=(base) _=/usr/bin/env /usr/bin/cmake --build /root/rf-data-collection/build/imu-ros2node -- -j8 -l8
[0.830s] Invoking command in '/root/rf-data-collection/build/imu-ros2node': CMAKE_PREFIX_PATH=${CMAKE_PREFIX_PATH}:/root/rf-data-collection/install/utils:/root/rf-data-collection/install/teleop_subscriber:/opt/ros/foxy CONDA_PROMPT_MODIFIER=(base) _=/usr/bin/env /usr/bin/cmake --install /root/rf-data-collection/build/imu-ros2node
[0.860s] -- Install configuration: ""
[0.863s] -- Up-to-date: /root/rf-data-collection/install/imu-ros2node/lib/imu-ros2node/imu-ros2node
[0.864s] -- Up-to-date: /root/rf-data-collection/install/imu-ros2node/lib/imu-ros2node/imu-ros2test
[0.864s] -- Up-to-date: /root/rf-data-collection/install/imu-ros2node/share/ament_index/resource_index/package_run_dependencies/imu-ros2node
[0.865s] -- Up-to-date: /root/rf-data-collection/install/imu-ros2node/share/ament_index/resource_index/parent_prefix_path/imu-ros2node
[0.868s] -- Up-to-date: /root/rf-data-collection/install/imu-ros2node/share/imu-ros2node/environment/ament_prefix_path.sh
[0.872s] -- Up-to-date: /root/rf-data-collection/install/imu-ros2node/share/imu-ros2node/environment/ament_prefix_path.dsv
[0.873s] -- Up-to-date: /root/rf-data-collection/install/imu-ros2node/share/imu-ros2node/environment/path.sh
[0.877s] -- Up-to-date: /root/rf-data-collection/install/imu-ros2node/share/imu-ros2node/environment/path.dsv
[0.878s] -- Up-to-date: /root/rf-data-collection/install/imu-ros2node/share/imu-ros2node/local_setup.bash
[0.880s] -- Up-to-date: /root/rf-data-collection/install/imu-ros2node/share/imu-ros2node/local_setup.sh
[0.881s] -- Up-to-date: /root/rf-data-collection/install/imu-ros2node/share/imu-ros2node/local_setup.zsh
[0.884s] -- Up-to-date: /root/rf-data-collection/install/imu-ros2node/share/imu-ros2node/local_setup.dsv
[0.886s] -- Installing: /root/rf-data-collection/install/imu-ros2node/share/imu-ros2node/package.dsv
[0.887s] -- Up-to-date: /root/rf-data-collection/install/imu-ros2node/share/ament_index/resource_index/packages/imu-ros2node
[0.889s] -- Up-to-date: /root/rf-data-collection/install/imu-ros2node/share/imu-ros2node/cmake/imu-ros2nodeConfig.cmake
[0.891s] -- Up-to-date: /root/rf-data-collection/install/imu-ros2node/share/imu-ros2node/cmake/imu-ros2nodeConfig-version.cmake
[0.892s] -- Up-to-date: /root/rf-data-collection/install/imu-ros2node/share/imu-ros2node/package.xml
[0.894s] Invoked command in '/root/rf-data-collection/build/imu-ros2node' returned '0': CMAKE_PREFIX_PATH=${CMAKE_PREFIX_PATH}:/root/rf-data-collection/install/utils:/root/rf-data-collection/install/teleop_subscriber:/opt/ros/foxy CONDA_PROMPT_MODIFIER=(base) _=/usr/bin/env /usr/bin/cmake --install /root/rf-data-collection/build/imu-ros2node
