[1.657s] Invoking command in '/root/rf-data-collection/src/utils': CONDA_PROMPT_MODIFIER=(base) PYTHONPATH=/root/rf-data-collection/build/utils/prefix_override:/usr/lib/python3/dist-packages/colcon_core/task/python/colcon_distutils_commands:/root/rf-data-collection/install/utils/lib/python3.8/site-packages:${PYTHONPATH} _=/usr/bin/env /usr/bin/python3 -W ignore:setup.py install is deprecated -W ignore:easy_install command is deprecated setup.py egg_info --egg-base ../../build/utils build --build-base /root/rf-data-collection/build/utils/build install --record /root/rf-data-collection/build/utils/install.log --single-version-externally-managed install_data
[1.968s] running egg_info
[1.969s] writing ../../build/utils/utils.egg-info/PKG-INFO
[1.971s] writing dependency_links to ../../build/utils/utils.egg-info/dependency_links.txt
[1.972s] writing entry points to ../../build/utils/utils.egg-info/entry_points.txt
[1.972s] writing requirements to ../../build/utils/utils.egg-info/requires.txt
[1.973s] writing top-level names to ../../build/utils/utils.egg-info/top_level.txt
[2.027s] reading manifest file '../../build/utils/utils.egg-info/SOURCES.txt'
[2.031s] writing manifest file '../../build/utils/utils.egg-info/SOURCES.txt'
[2.031s] running build
[2.031s] running build_py
[2.034s] running install
[2.036s] running install_lib
[2.040s] running install_data
[2.042s] running install_egg_info
[2.045s] removing '/root/rf-data-collection/install/utils/lib/python3.8/site-packages/utils-0.0.0-py3.8.egg-info' (and everything under it)
[2.046s] Copying ../../build/utils/utils.egg-info to /root/rf-data-collection/install/utils/lib/python3.8/site-packages/utils-0.0.0-py3.8.egg-info
[2.048s] running install_scripts
[2.075s] Installing camera_viewer script to /root/rf-data-collection/install/utils/lib/utils
[2.077s] writing list of installed files to '/root/rf-data-collection/build/utils/install.log'
[2.135s] Invoked command in '/root/rf-data-collection/src/utils' returned '0': CONDA_PROMPT_MODIFIER=(base) PYTHONPATH=/root/rf-data-collection/build/utils/prefix_override:/usr/lib/python3/dist-packages/colcon_core/task/python/colcon_distutils_commands:/root/rf-data-collection/install/utils/lib/python3.8/site-packages:${PYTHONPATH} _=/usr/bin/env /usr/bin/python3 -W ignore:setup.py install is deprecated -W ignore:easy_install command is deprecated setup.py egg_info --egg-base ../../build/utils build --build-base /root/rf-data-collection/build/utils/build install --record /root/rf-data-collection/build/utils/install.log --single-version-externally-managed install_data
