[0.430s] DEBUG:colcon:Command line arguments: ['/usr/bin/colcon', 'build']
[0.430s] DEBUG:colcon:Parsed command line arguments: Namespace(allow_overriding=[], ament_cmake_args=None, base_paths=['.'], build_base='build', catkin_cmake_args=None, catkin_skip_building_tests=False, cmake_args=None, cmake_clean_cache=False, cmake_clean_first=False, cmake_force_configure=False, cmake_target=None, cmake_target_skip_unavailable=False, continue_on_error=False, event_handlers=None, executor='parallel', ignore_user_meta=False, install_base='install', log_base=None, log_level=None, main=<bound method BuildVerb.main of <colcon_core.verb.build.BuildVerb object at 0x7f93ff5520>>, merge_install=False, metas=['./colcon.meta'], mixin=None, mixin_files=None, mixin_verb=('build',), packages_above=None, packages_above_and_dependencies=None, packages_above_depth=None, packages_end=None, packages_ignore=None, packages_ignore_regex=None, packages_select=None, packages_select_build_failed=False, packages_select_by_dep=None, packages_select_regex=None, packages_select_test_failures=False, packages_skip=None, packages_skip_build_finished=False, packages_skip_by_dep=None, packages_skip_regex=None, packages_skip_test_passed=False, packages_skip_up_to=None, packages_start=None, packages_up_to=None, packages_up_to_regex=None, parallel_workers=8, paths=None, symlink_install=False, test_result_base=None, verb_extension=<colcon_core.verb.build.BuildVerb object at 0x7f93ff5520>, verb_name='build', verb_parser=<colcon_mixin.mixin.mixin_argument.MixinArgumentDecorator object at 0x7f93ff5b50>)
[0.597s] Level 1:colcon.colcon_core.package_discovery:discover_packages(colcon_meta) check parameters
[0.598s] Level 1:colcon.colcon_core.package_discovery:discover_packages(recursive) check parameters
[0.598s] Level 1:colcon.colcon_core.package_discovery:discover_packages(ignore) check parameters
[0.598s] Level 1:colcon.colcon_core.package_discovery:discover_packages(path) check parameters
[0.598s] Level 1:colcon.colcon_core.package_discovery:discover_packages(colcon_meta) discover
[0.598s] Level 1:colcon.colcon_core.package_discovery:discover_packages(recursive) discover
[0.598s] INFO:colcon.colcon_core.package_discovery:Crawling recursively for packages in '/root/qcomm_ws/src'
[0.598s] Level 1:colcon.colcon_core.package_identification:_identify(.) by extensions ['ignore', 'ignore_ament_install']
[0.598s] Level 1:colcon.colcon_core.package_identification:_identify(.) by extension 'ignore'
[0.598s] Level 1:colcon.colcon_core.package_identification:_identify(.) by extension 'ignore_ament_install'
[0.598s] Level 1:colcon.colcon_core.package_identification:_identify(.) by extensions ['colcon_pkg']
[0.598s] Level 1:colcon.colcon_core.package_identification:_identify(.) by extension 'colcon_pkg'
[0.598s] Level 1:colcon.colcon_core.package_identification:_identify(.) by extensions ['colcon_meta']
[0.598s] Level 1:colcon.colcon_core.package_identification:_identify(.) by extension 'colcon_meta'
[0.598s] Level 1:colcon.colcon_core.package_identification:_identify(.) by extensions ['ros']
[0.598s] Level 1:colcon.colcon_core.package_identification:_identify(.) by extension 'ros'
[0.614s] Level 1:colcon.colcon_core.package_identification:_identify(.) by extensions ['cmake', 'python']
[0.614s] Level 1:colcon.colcon_core.package_identification:_identify(.) by extension 'cmake'
[0.614s] Level 1:colcon.colcon_core.package_identification:_identify(.) by extension 'python'
[0.614s] Level 1:colcon.colcon_core.package_identification:_identify(.) by extensions ['python_setup_py']
[0.614s] Level 1:colcon.colcon_core.package_identification:_identify(.) by extension 'python_setup_py'
[0.614s] Level 1:colcon.colcon_core.package_identification:_identify(build) by extensions ['ignore', 'ignore_ament_install']
[0.614s] Level 1:colcon.colcon_core.package_identification:_identify(build) by extension 'ignore'
[0.614s] Level 1:colcon.colcon_core.package_identification:_identify(build) ignored
[0.615s] Level 1:colcon.colcon_core.package_identification:_identify(imu-ros2node) by extensions ['ignore', 'ignore_ament_install']
[0.615s] Level 1:colcon.colcon_core.package_identification:_identify(imu-ros2node) by extension 'ignore'
[0.615s] Level 1:colcon.colcon_core.package_identification:_identify(imu-ros2node) by extension 'ignore_ament_install'
[0.615s] Level 1:colcon.colcon_core.package_identification:_identify(imu-ros2node) by extensions ['colcon_pkg']
[0.615s] Level 1:colcon.colcon_core.package_identification:_identify(imu-ros2node) by extension 'colcon_pkg'
[0.615s] Level 1:colcon.colcon_core.package_identification:_identify(imu-ros2node) by extensions ['colcon_meta']
[0.615s] Level 1:colcon.colcon_core.package_identification:_identify(imu-ros2node) by extension 'colcon_meta'
[0.615s] Level 1:colcon.colcon_core.package_identification:_identify(imu-ros2node) by extensions ['ros']
[0.615s] Level 1:colcon.colcon_core.package_identification:_identify(imu-ros2node) by extension 'ros'
[0.619s] DEBUG:colcon.colcon_core.package_identification:Package 'imu-ros2node' with type 'ros.ament_cmake' and name 'imu-ros2node'
[0.619s] Level 1:colcon.colcon_core.package_identification:_identify(install) by extensions ['ignore', 'ignore_ament_install']
[0.619s] Level 1:colcon.colcon_core.package_identification:_identify(install) by extension 'ignore'
[0.619s] Level 1:colcon.colcon_core.package_identification:_identify(install) ignored
[0.619s] Level 1:colcon.colcon_core.package_identification:_identify(log) by extensions ['ignore', 'ignore_ament_install']
[0.619s] Level 1:colcon.colcon_core.package_identification:_identify(log) by extension 'ignore'
[0.619s] Level 1:colcon.colcon_core.package_identification:_identify(log) ignored
[0.619s] Level 1:colcon.colcon_core.package_identification:_identify(teleop_subscriber) by extensions ['ignore', 'ignore_ament_install']
[0.620s] Level 1:colcon.colcon_core.package_identification:_identify(teleop_subscriber) by extension 'ignore'
[0.620s] Level 1:colcon.colcon_core.package_identification:_identify(teleop_subscriber) by extension 'ignore_ament_install'
[0.620s] Level 1:colcon.colcon_core.package_identification:_identify(teleop_subscriber) by extensions ['colcon_pkg']
[0.620s] Level 1:colcon.colcon_core.package_identification:_identify(teleop_subscriber) by extension 'colcon_pkg'
[0.620s] Level 1:colcon.colcon_core.package_identification:_identify(teleop_subscriber) by extensions ['colcon_meta']
[0.620s] Level 1:colcon.colcon_core.package_identification:_identify(teleop_subscriber) by extension 'colcon_meta'
[0.620s] Level 1:colcon.colcon_core.package_identification:_identify(teleop_subscriber) by extensions ['ros']
[0.620s] Level 1:colcon.colcon_core.package_identification:_identify(teleop_subscriber) by extension 'ros'
[0.622s] DEBUG:colcon.colcon_core.package_identification:Package 'teleop_subscriber' with type 'ros.ament_python' and name 'teleop_subscriber'
[0.622s] Level 1:colcon.colcon_core.package_discovery:discover_packages(recursive) using defaults
[0.622s] Level 1:colcon.colcon_core.package_discovery:discover_packages(ignore) discover
[0.622s] Level 1:colcon.colcon_core.package_discovery:discover_packages(ignore) using defaults
[0.623s] Level 1:colcon.colcon_core.package_discovery:discover_packages(path) discover
[0.623s] Level 1:colcon.colcon_core.package_discovery:discover_packages(path) using defaults
[0.650s] Level 1:colcon.colcon_core.package_discovery:discover_packages(prefix_path) check parameters
[0.650s] Level 1:colcon.colcon_core.package_discovery:discover_packages(prefix_path) discover
[0.654s] DEBUG:colcon.colcon_installed_package_information.package_discovery:Found 275 installed packages in /opt/ros/foxy
[0.656s] Level 1:colcon.colcon_core.package_discovery:discover_packages(prefix_path) using defaults
[0.725s] Level 5:colcon.colcon_core.verb:set package 'imu-ros2node' build argument 'cmake_args' from command line to 'None'
[0.725s] Level 5:colcon.colcon_core.verb:set package 'imu-ros2node' build argument 'cmake_target' from command line to 'None'
[0.725s] Level 5:colcon.colcon_core.verb:set package 'imu-ros2node' build argument 'cmake_target_skip_unavailable' from command line to 'False'
[0.725s] Level 5:colcon.colcon_core.verb:set package 'imu-ros2node' build argument 'cmake_clean_cache' from command line to 'False'
[0.725s] Level 5:colcon.colcon_core.verb:set package 'imu-ros2node' build argument 'cmake_clean_first' from command line to 'False'
[0.725s] Level 5:colcon.colcon_core.verb:set package 'imu-ros2node' build argument 'cmake_force_configure' from command line to 'False'
[0.725s] Level 5:colcon.colcon_core.verb:set package 'imu-ros2node' build argument 'ament_cmake_args' from command line to 'None'
[0.725s] Level 5:colcon.colcon_core.verb:set package 'imu-ros2node' build argument 'catkin_cmake_args' from command line to 'None'
[0.726s] Level 5:colcon.colcon_core.verb:set package 'imu-ros2node' build argument 'catkin_skip_building_tests' from command line to 'False'
[0.726s] DEBUG:colcon.colcon_core.verb:Building package 'imu-ros2node' with the following arguments: {'ament_cmake_args': None, 'build_base': '/root/qcomm_ws/src/build/imu-ros2node', 'catkin_cmake_args': None, 'catkin_skip_building_tests': False, 'cmake_args': None, 'cmake_clean_cache': False, 'cmake_clean_first': False, 'cmake_force_configure': False, 'cmake_target': None, 'cmake_target_skip_unavailable': False, 'install_base': '/root/qcomm_ws/src/install/imu-ros2node', 'merge_install': False, 'path': '/root/qcomm_ws/src/imu-ros2node', 'symlink_install': False, 'test_result_base': None}
[0.726s] Level 5:colcon.colcon_core.verb:set package 'teleop_subscriber' build argument 'cmake_args' from command line to 'None'
[0.726s] Level 5:colcon.colcon_core.verb:set package 'teleop_subscriber' build argument 'cmake_target' from command line to 'None'
[0.726s] Level 5:colcon.colcon_core.verb:set package 'teleop_subscriber' build argument 'cmake_target_skip_unavailable' from command line to 'False'
[0.726s] Level 5:colcon.colcon_core.verb:set package 'teleop_subscriber' build argument 'cmake_clean_cache' from command line to 'False'
[0.726s] Level 5:colcon.colcon_core.verb:set package 'teleop_subscriber' build argument 'cmake_clean_first' from command line to 'False'
[0.726s] Level 5:colcon.colcon_core.verb:set package 'teleop_subscriber' build argument 'cmake_force_configure' from command line to 'False'
[0.726s] Level 5:colcon.colcon_core.verb:set package 'teleop_subscriber' build argument 'ament_cmake_args' from command line to 'None'
[0.726s] Level 5:colcon.colcon_core.verb:set package 'teleop_subscriber' build argument 'catkin_cmake_args' from command line to 'None'
[0.726s] Level 5:colcon.colcon_core.verb:set package 'teleop_subscriber' build argument 'catkin_skip_building_tests' from command line to 'False'
[0.726s] DEBUG:colcon.colcon_core.verb:Building package 'teleop_subscriber' with the following arguments: {'ament_cmake_args': None, 'build_base': '/root/qcomm_ws/src/build/teleop_subscriber', 'catkin_cmake_args': None, 'catkin_skip_building_tests': False, 'cmake_args': None, 'cmake_clean_cache': False, 'cmake_clean_first': False, 'cmake_force_configure': False, 'cmake_target': None, 'cmake_target_skip_unavailable': False, 'install_base': '/root/qcomm_ws/src/install/teleop_subscriber', 'merge_install': False, 'path': '/root/qcomm_ws/src/teleop_subscriber', 'symlink_install': False, 'test_result_base': None}
[0.726s] INFO:colcon.colcon_core.executor:Executing jobs using 'parallel' executor
[0.729s] DEBUG:colcon.colcon_parallel_executor.executor.parallel:run_until_complete
[0.729s] INFO:colcon.colcon_ros.task.ament_cmake.build:Building ROS package in '/root/qcomm_ws/src/imu-ros2node' with build type 'ament_cmake'
[0.729s] INFO:colcon.colcon_cmake.task.cmake.build:Building CMake package in '/root/qcomm_ws/src/imu-ros2node'
[0.736s] INFO:colcon.colcon_core.plugin_system:Skipping extension 'colcon_core.shell.bat': Not used on non-Windows systems
[0.736s] INFO:colcon.colcon_core.shell:Skip shell extension 'powershell' for command environment: Not usable outside of PowerShell
[0.736s] DEBUG:colcon.colcon_core.shell:Skip shell extension 'dsv' for command environment
[0.757s] INFO:colcon.colcon_ros.task.ament_python.build:Building ROS package in '/root/qcomm_ws/src/teleop_subscriber' with build type 'ament_python'
[0.759s] Level 1:colcon.colcon_core.shell:create_environment_hook('teleop_subscriber', 'ament_prefix_path')
[0.759s] INFO:colcon.colcon_core.shell:Creating environment hook '/root/qcomm_ws/src/install/teleop_subscriber/share/teleop_subscriber/hook/ament_prefix_path.ps1'
[0.762s] INFO:colcon.colcon_core.shell:Creating environment descriptor '/root/qcomm_ws/src/install/teleop_subscriber/share/teleop_subscriber/hook/ament_prefix_path.dsv'
[0.763s] INFO:colcon.colcon_core.shell:Creating environment hook '/root/qcomm_ws/src/install/teleop_subscriber/share/teleop_subscriber/hook/ament_prefix_path.sh'
[0.764s] INFO:colcon.colcon_core.shell:Skip shell extension 'powershell' for command environment: Not usable outside of PowerShell
[0.764s] DEBUG:colcon.colcon_core.shell:Skip shell extension 'dsv' for command environment
[0.796s] DEBUG:colcon.colcon_core.event_handler.log_command:Invoking command in '/root/qcomm_ws/src/build/imu-ros2node': CMAKE_PREFIX_PATH=/opt/ros/foxy CONDA_PROMPT_MODIFIER=(base) _=/usr/bin/env /usr/bin/cmake --build /root/qcomm_ws/src/build/imu-ros2node -- -j8 -l8
[1.050s] INFO:colcon.colcon_core.task.python.build:Building Python package in '/root/qcomm_ws/src/teleop_subscriber'
[1.054s] INFO:colcon.colcon_core.shell:Skip shell extension 'powershell' for command environment: Not usable outside of PowerShell
[1.055s] DEBUG:colcon.colcon_core.shell:Skip shell extension 'dsv' for command environment
[1.227s] DEBUG:colcon.colcon_core.event_handler.log_command:Invoked command in '/root/qcomm_ws/src/build/imu-ros2node' returned '0': CMAKE_PREFIX_PATH=/opt/ros/foxy CONDA_PROMPT_MODIFIER=(base) _=/usr/bin/env /usr/bin/cmake --build /root/qcomm_ws/src/build/imu-ros2node -- -j8 -l8
[1.293s] DEBUG:colcon.colcon_core.event_handler.log_command:Invoking command in '/root/qcomm_ws/src/build/imu-ros2node': CMAKE_PREFIX_PATH=/opt/ros/foxy CONDA_PROMPT_MODIFIER=(base) _=/usr/bin/env /usr/bin/cmake --install /root/qcomm_ws/src/build/imu-ros2node
[1.340s] Level 1:colcon.colcon_core.environment:create_environment_scripts_only(imu-ros2node)
[1.359s] DEBUG:colcon.colcon_core.event_handler.log_command:Invoked command in '/root/qcomm_ws/src/build/imu-ros2node' returned '0': CMAKE_PREFIX_PATH=/opt/ros/foxy CONDA_PROMPT_MODIFIER=(base) _=/usr/bin/env /usr/bin/cmake --install /root/qcomm_ws/src/build/imu-ros2node
[1.379s] Level 1:colcon.colcon_core.environment:checking '/root/qcomm_ws/src/install/imu-ros2node' for CMake module files
[1.384s] Level 1:colcon.colcon_core.environment:checking '/root/qcomm_ws/src/install/imu-ros2node' for CMake config files
[1.386s] Level 1:colcon.colcon_core.shell:create_environment_hook('imu-ros2node', 'cmake_prefix_path')
[1.388s] INFO:colcon.colcon_core.shell:Creating environment hook '/root/qcomm_ws/src/install/imu-ros2node/share/imu-ros2node/hook/cmake_prefix_path.ps1'
[1.391s] INFO:colcon.colcon_core.shell:Creating environment descriptor '/root/qcomm_ws/src/install/imu-ros2node/share/imu-ros2node/hook/cmake_prefix_path.dsv'
[1.393s] INFO:colcon.colcon_core.shell:Creating environment hook '/root/qcomm_ws/src/install/imu-ros2node/share/imu-ros2node/hook/cmake_prefix_path.sh'
[1.397s] Level 1:colcon.colcon_core.environment:checking '/root/qcomm_ws/src/install/imu-ros2node/lib'
[1.397s] Level 1:colcon.colcon_core.environment:checking '/root/qcomm_ws/src/install/imu-ros2node/bin'
[1.398s] Level 1:colcon.colcon_core.environment:checking '/root/qcomm_ws/src/install/imu-ros2node/lib/pkgconfig/imu-ros2node.pc'
[1.399s] Level 1:colcon.colcon_core.environment:checking '/root/qcomm_ws/src/install/imu-ros2node/lib/python3.8/site-packages'
[1.399s] Level 1:colcon.colcon_core.environment:checking '/root/qcomm_ws/src/install/imu-ros2node/bin'
[1.401s] INFO:colcon.colcon_core.shell:Creating package script '/root/qcomm_ws/src/install/imu-ros2node/share/imu-ros2node/package.ps1'
[1.406s] INFO:colcon.colcon_core.shell:Creating package descriptor '/root/qcomm_ws/src/install/imu-ros2node/share/imu-ros2node/package.dsv'
[1.408s] INFO:colcon.colcon_core.shell:Creating package script '/root/qcomm_ws/src/install/imu-ros2node/share/imu-ros2node/package.sh'
[1.411s] INFO:colcon.colcon_core.shell:Creating package script '/root/qcomm_ws/src/install/imu-ros2node/share/imu-ros2node/package.bash'
[1.413s] INFO:colcon.colcon_core.shell:Creating package script '/root/qcomm_ws/src/install/imu-ros2node/share/imu-ros2node/package.zsh'
[1.415s] Level 1:colcon.colcon_core.environment:create_file_with_runtime_dependencies(/root/qcomm_ws/src/install/imu-ros2node/share/colcon-core/packages/imu-ros2node)
[1.416s] Level 1:colcon.colcon_core.environment:create_environment_scripts_only(imu-ros2node)
[1.416s] Level 1:colcon.colcon_core.environment:checking '/root/qcomm_ws/src/install/imu-ros2node' for CMake module files
[1.417s] Level 1:colcon.colcon_core.environment:checking '/root/qcomm_ws/src/install/imu-ros2node' for CMake config files
[1.417s] Level 1:colcon.colcon_core.shell:create_environment_hook('imu-ros2node', 'cmake_prefix_path')
[1.418s] INFO:colcon.colcon_core.shell:Creating environment hook '/root/qcomm_ws/src/install/imu-ros2node/share/imu-ros2node/hook/cmake_prefix_path.ps1'
[1.418s] INFO:colcon.colcon_core.shell:Creating environment descriptor '/root/qcomm_ws/src/install/imu-ros2node/share/imu-ros2node/hook/cmake_prefix_path.dsv'
[1.419s] INFO:colcon.colcon_core.shell:Creating environment hook '/root/qcomm_ws/src/install/imu-ros2node/share/imu-ros2node/hook/cmake_prefix_path.sh'
[1.420s] Level 1:colcon.colcon_core.environment:checking '/root/qcomm_ws/src/install/imu-ros2node/lib'
[1.420s] Level 1:colcon.colcon_core.environment:checking '/root/qcomm_ws/src/install/imu-ros2node/bin'
[1.420s] Level 1:colcon.colcon_core.environment:checking '/root/qcomm_ws/src/install/imu-ros2node/lib/pkgconfig/imu-ros2node.pc'
[1.420s] Level 1:colcon.colcon_core.environment:checking '/root/qcomm_ws/src/install/imu-ros2node/lib/python3.8/site-packages'
[1.420s] Level 1:colcon.colcon_core.environment:checking '/root/qcomm_ws/src/install/imu-ros2node/bin'
[1.421s] INFO:colcon.colcon_core.shell:Creating package script '/root/qcomm_ws/src/install/imu-ros2node/share/imu-ros2node/package.ps1'
[1.422s] INFO:colcon.colcon_core.shell:Creating package descriptor '/root/qcomm_ws/src/install/imu-ros2node/share/imu-ros2node/package.dsv'
[1.422s] INFO:colcon.colcon_core.shell:Creating package script '/root/qcomm_ws/src/install/imu-ros2node/share/imu-ros2node/package.sh'
[1.423s] INFO:colcon.colcon_core.shell:Creating package script '/root/qcomm_ws/src/install/imu-ros2node/share/imu-ros2node/package.bash'
[1.423s] INFO:colcon.colcon_core.shell:Creating package script '/root/qcomm_ws/src/install/imu-ros2node/share/imu-ros2node/package.zsh'
[1.424s] Level 1:colcon.colcon_core.environment:create_file_with_runtime_dependencies(/root/qcomm_ws/src/install/imu-ros2node/share/colcon-core/packages/imu-ros2node)
[1.666s] DEBUG:colcon.colcon_core.event_handler.log_command:Invoking command in '/root/qcomm_ws/src/teleop_subscriber': CONDA_PROMPT_MODIFIER=(base) PYTHONPATH=/root/qcomm_ws/src/build/teleop_subscriber/prefix_override:/usr/lib/python3/dist-packages/colcon_core/task/python/colcon_distutils_commands:/root/qcomm_ws/src/install/teleop_subscriber/lib/python3.8/site-packages:${PYTHONPATH} _=/usr/bin/env /usr/bin/python3 -W ignore:setup.py install is deprecated -W ignore:easy_install command is deprecated setup.py egg_info --egg-base ../build/teleop_subscriber build --build-base /root/qcomm_ws/src/build/teleop_subscriber/build install --record /root/qcomm_ws/src/build/teleop_subscriber/install.log --install-scripts $base/lib/teleop_subscriber --single-version-externally-managed install_data
[1.977s] Level 1:colcon.colcon_core.environment:checking '/root/qcomm_ws/src/install/teleop_subscriber' for CMake module files
[1.981s] DEBUG:colcon.colcon_core.event_handler.log_command:Invoked command in '/root/qcomm_ws/src/teleop_subscriber' returned '0': CONDA_PROMPT_MODIFIER=(base) PYTHONPATH=/root/qcomm_ws/src/build/teleop_subscriber/prefix_override:/usr/lib/python3/dist-packages/colcon_core/task/python/colcon_distutils_commands:/root/qcomm_ws/src/install/teleop_subscriber/lib/python3.8/site-packages:${PYTHONPATH} _=/usr/bin/env /usr/bin/python3 -W ignore:setup.py install is deprecated -W ignore:easy_install command is deprecated setup.py egg_info --egg-base ../build/teleop_subscriber build --build-base /root/qcomm_ws/src/build/teleop_subscriber/build install --record /root/qcomm_ws/src/build/teleop_subscriber/install.log --install-scripts $base/lib/teleop_subscriber --single-version-externally-managed install_data
[1.983s] Level 1:colcon.colcon_core.environment:checking '/root/qcomm_ws/src/install/teleop_subscriber' for CMake config files
[1.987s] Level 1:colcon.colcon_core.environment:checking '/root/qcomm_ws/src/install/teleop_subscriber/lib'
[1.988s] Level 1:colcon.colcon_core.environment:checking '/root/qcomm_ws/src/install/teleop_subscriber/bin'
[1.988s] Level 1:colcon.colcon_core.environment:checking '/root/qcomm_ws/src/install/teleop_subscriber/lib/pkgconfig/teleop_subscriber.pc'
[1.989s] Level 1:colcon.colcon_core.environment:checking '/root/qcomm_ws/src/install/teleop_subscriber/lib/python3.8/site-packages'
[1.989s] Level 1:colcon.colcon_core.shell:create_environment_hook('teleop_subscriber', 'pythonpath')
[1.991s] INFO:colcon.colcon_core.shell:Creating environment hook '/root/qcomm_ws/src/install/teleop_subscriber/share/teleop_subscriber/hook/pythonpath.ps1'
[1.995s] INFO:colcon.colcon_core.shell:Creating environment descriptor '/root/qcomm_ws/src/install/teleop_subscriber/share/teleop_subscriber/hook/pythonpath.dsv'
[1.997s] INFO:colcon.colcon_core.shell:Creating environment hook '/root/qcomm_ws/src/install/teleop_subscriber/share/teleop_subscriber/hook/pythonpath.sh'
[2.000s] Level 1:colcon.colcon_core.environment:checking '/root/qcomm_ws/src/install/teleop_subscriber/bin'
[2.000s] Level 1:colcon.colcon_core.environment:create_environment_scripts_only(teleop_subscriber)
[2.002s] INFO:colcon.colcon_core.shell:Creating package script '/root/qcomm_ws/src/install/teleop_subscriber/share/teleop_subscriber/package.ps1'
[2.004s] INFO:colcon.colcon_core.shell:Creating package descriptor '/root/qcomm_ws/src/install/teleop_subscriber/share/teleop_subscriber/package.dsv'
[2.005s] INFO:colcon.colcon_core.shell:Creating package script '/root/qcomm_ws/src/install/teleop_subscriber/share/teleop_subscriber/package.sh'
[2.006s] INFO:colcon.colcon_core.shell:Creating package script '/root/qcomm_ws/src/install/teleop_subscriber/share/teleop_subscriber/package.bash'
[2.006s] INFO:colcon.colcon_core.shell:Creating package script '/root/qcomm_ws/src/install/teleop_subscriber/share/teleop_subscriber/package.zsh'
[2.007s] Level 1:colcon.colcon_core.environment:create_file_with_runtime_dependencies(/root/qcomm_ws/src/install/teleop_subscriber/share/colcon-core/packages/teleop_subscriber)
[2.007s] DEBUG:colcon.colcon_parallel_executor.executor.parallel:closing loop
[2.008s] DEBUG:colcon.colcon_parallel_executor.executor.parallel:loop closed
[2.008s] DEBUG:colcon.colcon_parallel_executor.executor.parallel:run_until_complete finished with '0'
[2.008s] DEBUG:colcon.colcon_core.event_reactor:joining thread
[2.046s] INFO:colcon.colcon_core.plugin_system:Skipping extension 'colcon_notification.desktop_notification.notify_send': Could not find 'notify-send'
[2.047s] INFO:colcon.colcon_core.plugin_system:Skipping extension 'colcon_notification.desktop_notification.terminal_notifier': Not used on non-Darwin systems
[2.047s] INFO:colcon.colcon_core.plugin_system:Skipping extension 'colcon_notification.desktop_notification.win32': Not used on non-Windows systems
[2.048s] INFO:colcon.colcon_notification.desktop_notification:Sending desktop notification using 'notify2'
[2.080s] DEBUG:colcon.colcon_notification.desktop_notification.notify2:Failed to initialize notify2: org.freedesktop.DBus.Error.ServiceUnknown: The name org.freedesktop.Notifications was not provided by any .service files
[2.080s] DEBUG:colcon.colcon_core.event_reactor:joined thread
[2.082s] INFO:colcon.colcon_core.shell:Creating prefix script '/root/qcomm_ws/src/install/local_setup.ps1'
[2.089s] INFO:colcon.colcon_core.shell:Creating prefix util module '/root/qcomm_ws/src/install/_local_setup_util_ps1.py'
[2.096s] INFO:colcon.colcon_core.shell:Creating prefix chain script '/root/qcomm_ws/src/install/setup.ps1'
[2.101s] INFO:colcon.colcon_core.shell:Creating prefix script '/root/qcomm_ws/src/install/local_setup.sh'
[2.103s] INFO:colcon.colcon_core.shell:Creating prefix util module '/root/qcomm_ws/src/install/_local_setup_util_sh.py'
[2.104s] INFO:colcon.colcon_core.shell:Creating prefix chain script '/root/qcomm_ws/src/install/setup.sh'
[2.107s] INFO:colcon.colcon_core.shell:Creating prefix script '/root/qcomm_ws/src/install/local_setup.bash'
[2.108s] INFO:colcon.colcon_core.shell:Creating prefix chain script '/root/qcomm_ws/src/install/setup.bash'
[2.110s] INFO:colcon.colcon_core.shell:Creating prefix script '/root/qcomm_ws/src/install/local_setup.zsh'
[2.111s] INFO:colcon.colcon_core.shell:Creating prefix chain script '/root/qcomm_ws/src/install/setup.zsh'
