[1.303s] Invoking command in '/root/rf-data-collection/src/utils': CONDA_PROMPT_MODIFIER=(base) PYTHONPATH=/root/rf-data-collection/build/utils/prefix_override:/usr/lib/python3/dist-packages/colcon_core/task/python/colcon_distutils_commands:/root/rf-data-collection/install/utils/lib/python3.8/site-packages:${PYTHONPATH} _=/usr/bin/env /usr/bin/python3 -W ignore:setup.py install is deprecated -W ignore:easy_install command is deprecated setup.py egg_info --egg-base ../../build/utils build --build-base /root/rf-data-collection/build/utils/build install --record /root/rf-data-collection/build/utils/install.log --single-version-externally-managed install_data
[1.546s] running egg_info
[1.547s] writing ../../build/utils/utils.egg-info/PKG-INFO
[1.550s] writing dependency_links to ../../build/utils/utils.egg-info/dependency_links.txt
[1.550s] writing entry points to ../../build/utils/utils.egg-info/entry_points.txt
[1.551s] writing requirements to ../../build/utils/utils.egg-info/requires.txt
[1.553s] writing top-level names to ../../build/utils/utils.egg-info/top_level.txt
[1.585s] reading manifest file '../../build/utils/utils.egg-info/SOURCES.txt'
[1.587s] writing manifest file '../../build/utils/utils.egg-info/SOURCES.txt'
[1.587s] running build
[1.588s] running build_py
[1.590s] running install
[1.591s] running install_lib
[1.591s] running install_data
[1.592s] copying package.xml -> /root/rf-data-collection/install/utils/share/utils
[1.594s] running install_egg_info
[1.595s] removing '/root/rf-data-collection/install/utils/lib/python3.8/site-packages/utils-0.0.0-py3.8.egg-info' (and everything under it)
[1.595s] Copying ../../build/utils/utils.egg-info to /root/rf-data-collection/install/utils/lib/python3.8/site-packages/utils-0.0.0-py3.8.egg-info
[1.596s] running install_scripts
[1.615s] Installing camera_viewer script to /root/rf-data-collection/install/utils/lib/utils
[1.618s] Installing map_saver script to /root/rf-data-collection/install/utils/lib/utils
[1.620s] writing list of installed files to '/root/rf-data-collection/build/utils/install.log'
[1.670s] Invoked command in '/root/rf-data-collection/src/utils' returned '0': CONDA_PROMPT_MODIFIER=(base) PYTHONPATH=/root/rf-data-collection/build/utils/prefix_override:/usr/lib/python3/dist-packages/colcon_core/task/python/colcon_distutils_commands:/root/rf-data-collection/install/utils/lib/python3.8/site-packages:${PYTHONPATH} _=/usr/bin/env /usr/bin/python3 -W ignore:setup.py install is deprecated -W ignore:easy_install command is deprecated setup.py egg_info --egg-base ../../build/utils build --build-base /root/rf-data-collection/build/utils/build install --record /root/rf-data-collection/build/utils/install.log --single-version-externally-managed install_data
