[1.246s] Invoking command in '/root/rf-data-collection/src/utils': CONDA_PROMPT_MODIFIER=(base) PYTHONPATH=/root/rf-data-collection/build/utils/prefix_override:/usr/lib/python3/dist-packages/colcon_core/task/python/colcon_distutils_commands:/root/rf-data-collection/install/utils/lib/python3.8/site-packages:${PYTHONPATH} _=/usr/bin/env /usr/bin/python3 -W ignore:setup.py install is deprecated -W ignore:easy_install command is deprecated setup.py egg_info --egg-base ../../build/utils build --build-base /root/rf-data-collection/build/utils/build install --record /root/rf-data-collection/build/utils/install.log --single-version-externally-managed install_data
[1.475s] running egg_info
[1.477s] writing ../../build/utils/utils.egg-info/PKG-INFO
[1.479s] writing dependency_links to ../../build/utils/utils.egg-info/dependency_links.txt
[1.480s] writing entry points to ../../build/utils/utils.egg-info/entry_points.txt
[1.481s] writing requirements to ../../build/utils/utils.egg-info/requires.txt
[1.482s] writing top-level names to ../../build/utils/utils.egg-info/top_level.txt
[1.507s] reading manifest file '../../build/utils/utils.egg-info/SOURCES.txt'
[1.508s] writing manifest file '../../build/utils/utils.egg-info/SOURCES.txt'
[1.509s] running build
[1.511s] running build_py
[1.512s] copying utils/map_saver.py -> /root/rf-data-collection/build/utils/build/lib/utils
[1.514s] running install
[1.515s] running install_lib
[1.517s] copying /root/rf-data-collection/build/utils/build/lib/utils/map_saver.py -> /root/rf-data-collection/install/utils/lib/python3.8/site-packages/utils
[1.518s] byte-compiling /root/rf-data-collection/install/utils/lib/python3.8/site-packages/utils/map_saver.py to map_saver.cpython-38.pyc
[1.519s] running install_data
[1.520s] running install_egg_info
[1.522s] removing '/root/rf-data-collection/install/utils/lib/python3.8/site-packages/utils-0.0.0-py3.8.egg-info' (and everything under it)
[1.523s] Copying ../../build/utils/utils.egg-info to /root/rf-data-collection/install/utils/lib/python3.8/site-packages/utils-0.0.0-py3.8.egg-info
[1.524s] running install_scripts
[1.534s] Installing camera_viewer script to /root/rf-data-collection/install/utils/lib/utils
[1.535s] Installing map_saver script to /root/rf-data-collection/install/utils/lib/utils
[1.535s] writing list of installed files to '/root/rf-data-collection/build/utils/install.log'
[1.598s] Invoked command in '/root/rf-data-collection/src/utils' returned '0': CONDA_PROMPT_MODIFIER=(base) PYTHONPATH=/root/rf-data-collection/build/utils/prefix_override:/usr/lib/python3/dist-packages/colcon_core/task/python/colcon_distutils_commands:/root/rf-data-collection/install/utils/lib/python3.8/site-packages:${PYTHONPATH} _=/usr/bin/env /usr/bin/python3 -W ignore:setup.py install is deprecated -W ignore:easy_install command is deprecated setup.py egg_info --egg-base ../../build/utils build --build-base /root/rf-data-collection/build/utils/build install --record /root/rf-data-collection/build/utils/install.log --single-version-externally-managed install_data
